#
# A fatal error has been detected by the Java Runtime Environment:
#
#  SIGSEGV (0xb) at pc=0x000000011dc939c0, pid=35919, tid=84743
#
# JRE version: Java(TM) SE Runtime Environment (7.0_40-b43) (build 1.7.0_40-b43)
# Java VM: Java HotSpot(TM) 64-Bit Server VM (24.0-b56 mixed mode bsd-amd64 compressed oops)
# Problematic frame:
# C  [libOpenNI.dylib+0x299c0]  xnSetSkeletonProfile+0x10
#
# Failed to write core dump. Core dumps have been disabled. To enable core dumping, try "ulimit -c unlimited" before starting Java again
#
# If you would like to submit a bug report, please visit:
#   http://bugreport.sun.com/bugreport/crash.jsp
# The crash happened outside the Java Virtual Machine in native code.
# See problematic frame for where to report the bug.
#

---------------  T H R E A D  ---------------

Current thread (0x00007fd4c3819000):  JavaThread "Animation Thread" [_thread_in_native, id=84743, stack(0x000000011c8e5000,0x000000011c9e5000)]

siginfo:si_signo=SIGSEGV: si_errno=0, si_code=1 (SEGV_MAPERR), si_addr=0x0000000000000000

Registers:
RAX=0x0000000000010004, RBX=0x0000000000000002, RCX=0x000000011c9e45c8, RDX=0x0000000000000000
RSP=0x000000011c9e44c0, RBP=0x000000011c9e44e0, RSI=0x0000000000000002, RDI=0x0000000000000000
R8 =0x0000000000000000, R9 =0x0000000000000014, R10=0x000000010db1566c, R11=0x000000010cb189af
R12=0x0000000000000000, R13=0x00007fd4c2000000, R14=0x0000000000000000, R15=0x00007fd4c3819000
RIP=0x000000011dc939c0, EFLAGS=0x0000000000010206, ERR=0x0000000000000004
  TRAPNO=0x000000000000000e

Top of Stack: (sp=0x000000011c9e44c0)
0x000000011c9e44c0:   0000000000000001 000000011c9e45c8
0x000000011c9e44d0:   0000000000000001 0000000000000002
0x000000011c9e44e0:   000000011c9e4600 000000011d2acbb8
0x000000011c9e44f0:   00007fd4c3819000 000000010db08310
0x000000011c9e4500:   01000000000000b2 000000011c9e46b0
0x000000011c9e4510:   00007fd4b9633cf8 00007fd4bbc681e0
0x000000011c9e4520:   00007fd4b95d5890 00007fd4c3819000
0x000000011c9e4530:   0000000000000022 00000007bb61d2b8
0x000000011c9e4540:   000000011c9e4560 000000010caa80c2
0x000000011c9e4550:   000000011c9e4620 000000011c9e45e8
0x000000011c9e4560:   000000011c9e4580 000000010caa3bf8
0x000000011c9e4570:   000000011c9e45e8 000000011c9e45e8
0x000000011c9e4580:   000000011c9e45a0 000000010c89c76c
0x000000011c9e4590:   00007fd4c3819000 00000007bb8b5844
0x000000011c9e45a0:   000000011c9e4630 000000010c97c2d6
0x000000011c9e45b0:   0000000000000000 0000000000000000
0x000000011c9e45c0:   000000010db17130 000000010db08310
0x000000011c9e45d0:   0000000100000000 00000007bb8e39d8
0x000000011c9e45e0:   0000000000000000 00000007bb8e39d8
0x000000011c9e45f0:   000000011c9e46d8 00007fd4c3819000
0x000000011c9e4600:   000000011c9e4610 000000011d2ad2aa
0x000000011c9e4610:   000000011c9e4630 000000011d26c427
0x000000011c9e4620:   000000011c9e4670 00007fd4c2000000
0x000000011c9e4630:   000000011c9e46a0 000000010db15698
0x000000011c9e4640:   00000007bb8b1700 00000007bb8b1700
0x000000011c9e4650:   000000011c9e46c0 000000010c97bc84
0x000000011c9e4660:   000000011c9e4660 0000000000000000
0x000000011c9e4670:   000000011c9e46d8 00000007bb90a850
0x000000011c9e4680:   0000000000000000 00000007bb8e39d8
0x000000011c9e4690:   0000000000000000 000000011c9e46c0
0x000000011c9e46a0:   000000011c9e4720 000000010db09350
0x000000011c9e46b0:   00000007ef93c130 000000010db11cc0 

Instructions: (pc=0x000000011dc939c0)
0x000000011dc939a0:   04 31 c0 5d c3 48 8b 79 08 5d ff e0 0f 1f 40 00
0x000000011dc939b0:   55 48 89 e5 41 56 53 48 83 ec 10 89 f3 49 89 fe
0x000000011dc939c0:   49 8b 0e b8 12 00 01 00 83 79 10 00 74 68 48 8b
0x000000011dc939d0:   49 08 b8 12 00 01 00 f6 41 03 02 74 59 48 c7 45 

Register to memory mapping:

RAX=0x0000000000010004 is an unknown value
RBX=0x0000000000000002 is an unknown value
RCX=0x000000011c9e45c8 is pointing into the stack for thread: 0x00007fd4c3819000
RDX=0x0000000000000000 is an unknown value
RSP=0x000000011c9e44c0 is pointing into the stack for thread: 0x00007fd4c3819000
RBP=0x000000011c9e44e0 is pointing into the stack for thread: 0x00007fd4c3819000
RSI=0x0000000000000002 is an unknown value
RDI=0x0000000000000000 is an unknown value
R8 =0x0000000000000000 is an unknown value
R9 =0x0000000000000014 is an unknown value
R10=0x000000010db1566c is at code_begin+620 in an Interpreter codelet
method entry point (kind = native)  [0x000000010db15400, 0x000000010db15c40]  2112 bytes
R11=0x000000010cb189af: throw_unsatisfied_link_error+0 in /Library/Java/JavaVirtualMachines/jdk1.7.0_40.jdk/Contents/Home/jre/lib/server/libjvm.dylib at 0x000000010c6a9000
R12=0x0000000000000000 is an unknown value
R13=0x00007fd4c2000000 is an unknown value
R14=0x0000000000000000 is an unknown value
R15=0x00007fd4c3819000 is a thread


Stack: [0x000000011c8e5000,0x000000011c9e5000],  sp=0x000000011c9e44c0,  free space=1021k
Native frames: (J=compiled Java code, j=interpreted, Vv=VM code, C=native code)
C  [libOpenNI.dylib+0x299c0]  xnSetSkeletonProfile+0x10
C  [libSimpleOpenNI.jnilib+0x48bb8]  _ZN7sOpenNI14ContextWrapper10createUserEib+0xf8
C  [libSimpleOpenNI.jnilib+0x492aa]  _ZN7sOpenNI14ContextWrapper10enableUserEi+0x2a
C  [libSimpleOpenNI.jnilib+0x8427]  Java_SimpleOpenNI_SimpleOpenNIJNI_ContextWrapper_1enableUserSwigExplicitContextWrapper+0x17
j  SimpleOpenNI.SimpleOpenNIJNI.ContextWrapper_enableUserSwigExplicitContextWrapper(JLSimpleOpenNI/ContextWrapper;I)Z+0
j  SimpleOpenNI.ContextWrapper.enableUser(I)Z+28
j  SimpleOpenNI.SimpleOpenNI.enableUser(ILjava/lang/Object;)Z+17
j  SimpleOpenNI.SimpleOpenNI.enableUser(I)Z+6
j  testkinect.ComparisonPApplet.setup()V+35
j  processing.core.PApplet.handleDraw()V+141
j  processing.core.PGraphicsJava2D.requestDraw()V+4
j  processing.core.PApplet.run()V+156
j  java.lang.Thread.run()V+11
v  ~StubRoutines::call_stub
V  [libjvm.dylib+0x2d6740]
V  [libjvm.dylib+0x2d6c57]
V  [libjvm.dylib+0x2d6d94]
V  [libjvm.dylib+0x325be2]
V  [libjvm.dylib+0x4ef257]
V  [libjvm.dylib+0x4f095f]
V  [libjvm.dylib+0x41a8e1]
C  [libsystem_pthread.dylib+0x1899]  _pthread_body+0x8a
C  [libsystem_pthread.dylib+0x172a]  _pthread_struct_init+0x0
C  [libsystem_pthread.dylib+0x5fc9]  thread_start+0xd

Java frames: (J=compiled Java code, j=interpreted, Vv=VM code)
j  SimpleOpenNI.SimpleOpenNIJNI.ContextWrapper_enableUserSwigExplicitContextWrapper(JLSimpleOpenNI/ContextWrapper;I)Z+0
j  SimpleOpenNI.ContextWrapper.enableUser(I)Z+28
j  SimpleOpenNI.SimpleOpenNI.enableUser(ILjava/lang/Object;)Z+17
j  SimpleOpenNI.SimpleOpenNI.enableUser(I)Z+6
j  testkinect.ComparisonPApplet.setup()V+35
j  processing.core.PApplet.handleDraw()V+141
j  processing.core.PGraphicsJava2D.requestDraw()V+4
j  processing.core.PApplet.run()V+156
j  java.lang.Thread.run()V+11
v  ~StubRoutines::call_stub

---------------  P R O C E S S  ---------------

Java Threads: ( => current thread )
=>0x00007fd4c3819000 JavaThread "Animation Thread" [_thread_in_native, id=84743, stack(0x000000011c8e5000,0x000000011c9e5000)]
  0x00007fd4ba88b000 JavaThread "Animation Thread" [_thread_in_native, id=76035, stack(0x000000011d162000,0x000000011d262000)]
  0x00007fd4bb0aa800 JavaThread "Thread-3" [_thread_in_vm, id=75267, stack(0x000000011cfca000,0x000000011d0ca000)]
  0x00007fd4bb19e800 JavaThread "Java Sound Event Dispatcher" daemon [_thread_blocked, id=73223, stack(0x000000011cbc8000,0x000000011ccc8000)]
  0x00007fd4bb1c6800 JavaThread "AWT-EventQueue-1" [_thread_blocked, id=57111, stack(0x000000011c350000,0x000000011c450000)]
  0x00007fd4ba801800 JavaThread "DestroyJavaVM" [_thread_blocked, id=6915, stack(0x000000010da01000,0x000000010db01000)]
  0x00007fd4ba9ed000 JavaThread "AWT-EventQueue-0" [_thread_blocked, id=55311, stack(0x000000011b878000,0x000000011b978000)]
  0x00007fd4ba030000 JavaThread "thread applet-testkinect.ComparisonGUI.class" [_thread_blocked, id=51211, stack(0x000000011a60a000,0x000000011a70a000)]
  0x00007fd4bb113000 JavaThread "Java2D Disposer" daemon [_thread_blocked, id=48691, stack(0x000000011a49d000,0x000000011a59d000)]
  0x00007fd4bb0dc000 JavaThread "Java2D Queue Flusher" daemon [_thread_blocked, id=47623, stack(0x0000000119714000,0x0000000119814000)]
  0x00007fd4ba020800 JavaThread "AWT-Shutdown" [_thread_blocked, id=28171, stack(0x0000000116d53000,0x0000000116e53000)]
  0x00007fd4ba863000 JavaThread "AppKit Thread" daemon [_thread_in_native, id=1287, stack(0x00007fff535d5000,0x00007fff53655000)]
  0x00007fd4bb02e000 JavaThread "Service Thread" daemon [_thread_blocked, id=19715, stack(0x0000000115243000,0x0000000115343000)]
  0x00007fd4bb022000 JavaThread "C2 CompilerThread1" daemon [_thread_blocked, id=19203, stack(0x0000000115140000,0x0000000115240000)]
  0x00007fd4ba837000 JavaThread "C2 CompilerThread0" daemon [_thread_blocked, id=18691, stack(0x000000011503d000,0x000000011513d000)]
  0x00007fd4ba80a000 JavaThread "Signal Dispatcher" daemon [_thread_blocked, id=18179, stack(0x0000000114f3a000,0x000000011503a000)]
  0x00007fd4bb01c800 JavaThread "Finalizer" daemon [_thread_blocked, id=13059, stack(0x0000000114c7d000,0x0000000114d7d000)]
  0x00007fd4bb014000 JavaThread "Reference Handler" daemon [_thread_blocked, id=12547, stack(0x0000000114b7a000,0x0000000114c7a000)]

Other Threads:
  0x00007fd4ba019000 VMThread [stack: 0x0000000114a77000,0x0000000114b77000] [id=12035]
  0x00007fd4ba832800 WatcherThread [stack: 0x0000000115346000,0x0000000115446000] [id=20227]

VM state:not at safepoint (normal execution)

VM Mutex/Monitor currently owned by a thread: None

Heap
 PSYoungGen      total 71168K, used 33733K [0x00000007eaa80000, 0x00000007f1700000, 0x0000000800000000)
  eden space 40960K, 29% used [0x00000007eaa80000,0x00000007eb630130,0x00000007ed280000)
  from space 30208K, 72% used [0x00000007ef280000,0x00000007f07c15d8,0x00000007f1000000)
  to   space 32768K, 0% used [0x00000007ed280000,0x00000007ed280000,0x00000007ef280000)
 ParOldGen       total 111616K, used 72690K [0x00000007c0000000, 0x00000007c6d00000, 0x00000007eaa80000)
  object space 111616K, 65% used [0x00000007c0000000,0x00000007c46fc900,0x00000007c6d00000)
 PSPermGen       total 22016K, used 11438K [0x00000007bae00000, 0x00000007bc380000, 0x00000007c0000000)
  object space 22016K, 51% used [0x00000007bae00000,0x00000007bb92bb60,0x00000007bc380000)

Card table byte_map: [0x0000000110bc3000,0x0000000110ded000] byte_map_base: 0x000000010cdec000

Polling page: 0x000000010d14e000

Code Cache  [0x000000010db03000, 0x000000010dd73000, 0x0000000110b03000)
 total_blobs=648 nmethods=124 adapters=478 free_code_cache=48425Kb largest_free_block=49557440

Compilation events (10 events):
Event: 30.117 Thread 0x00007fd4ba837000  120             sun.java2d.pipe.Region::getInstanceXYXY (12 bytes)
Event: 30.118 Thread 0x00007fd4ba837000 nmethod 120 0x000000010dbb5a50 code [0x000000010dbb5ba0, 0x000000010dbb5c58]
Event: 30.219 Thread 0x00007fd4bb022000  121             java.util.concurrent.locks.AbstractQueuedSynchronizer::release (33 bytes)
Event: 30.223 Thread 0x00007fd4bb022000 nmethod 121 0x000000010dbb5590 code [0x000000010dbb56e0, 0x000000010dbb58e8]
Event: 30.814 Thread 0x00007fd4ba837000  122             sun.java2d.pipe.Region::isInsideQuickCheck (57 bytes)
Event: 30.815 Thread 0x00007fd4ba837000 nmethod 122 0x000000010dbb5310 code [0x000000010dbb5440, 0x000000010dbb54f8]
Event: 32.223 Thread 0x00007fd4bb022000  123             java.util.concurrent.locks.ReentrantLock::unlock (10 bytes)
Event: 32.229 Thread 0x00007fd4bb022000 nmethod 123 0x000000010dbba310 code [0x000000010dbba460, 0x000000010dbba628]
Event: 32.461 Thread 0x00007fd4ba837000  124             java.security.AccessController::getContext (23 bytes)
Event: 32.462 Thread 0x00007fd4ba837000 nmethod 124 0x000000010dbba050 code [0x000000010dbba1a0, 0x000000010dbba238]

GC Heap History (10 events):
Event: 5.907 GC heap before
{Heap before GC invocations=6 (full 2):
 PSYoungGen      total 30208K, used 768K [0x00000007eaa80000, 0x00000007ecb00000, 0x0000000800000000)
  eden space 27648K, 0% used [0x00000007eaa80000,0x00000007eaa80000,0x00000007ec580000)
  from space 2560K, 30% used [0x00000007ec800000,0x00000007ec8c0000,0x00000007eca80000)
  to   space 2560K, 0% used [0x00000007ec580000,0x00000007ec580000,0x00000007ec800000)
 ParOldGen       total 82432K, used 66041K [0x00000007c0000000, 0x00000007c5080000, 0x00000007eaa80000)
  object space 82432K, 80% used [0x00000007c0000000,0x00000007c407e658,0x00000007c5080000)
 PSPermGen       total 21504K, used 9786K [0x00000007bae00000, 0x00000007bc300000, 0x00000007c0000000)
  object space 21504K, 45% used [0x00000007bae00000,0x00000007bb78eb98,0x00000007bc300000)
Event: 5.940 GC heap after
Heap after GC invocations=6 (full 2):
 PSYoungGen      total 30208K, used 0K [0x00000007eaa80000, 0x00000007ecb00000, 0x0000000800000000)
  eden space 27648K, 0% used [0x00000007eaa80000,0x00000007eaa80000,0x00000007ec580000)
  from space 2560K, 0% used [0x00000007ec800000,0x00000007ec800000,0x00000007eca80000)
  to   space 2560K, 0% used [0x00000007ec580000,0x00000007ec580000,0x00000007ec800000)
 ParOldGen       total 111616K, used 45635K [0x00000007c0000000, 0x00000007c6d00000, 0x00000007eaa80000)
  object space 111616K, 40% used [0x00000007c0000000,0x00000007c2c90c18,0x00000007c6d00000)
 PSPermGen       total 22016K, used 9786K [0x00000007bae00000, 0x00000007bc380000, 0x00000007c0000000)
  object space 22016K, 44% used [0x00000007bae00000,0x00000007bb78eb98,0x00000007bc380000)
}
Event: 7.644 GC heap before
{Heap before GC invocations=7 (full 2):
 PSYoungGen      total 30208K, used 27648K [0x00000007eaa80000, 0x00000007ecb00000, 0x0000000800000000)
  eden space 27648K, 100% used [0x00000007eaa80000,0x00000007ec580000,0x00000007ec580000)
  from space 2560K, 0% used [0x00000007ec800000,0x00000007ec800000,0x00000007eca80000)
  to   space 2560K, 0% used [0x00000007ec580000,0x00000007ec580000,0x00000007ec800000)
 ParOldGen       total 111616K, used 45635K [0x00000007c0000000, 0x00000007c6d00000, 0x00000007eaa80000)
  object space 111616K, 40% used [0x00000007c0000000,0x00000007c2c90c18,0x00000007c6d00000)
 PSPermGen       total 22016K, used 11348K [0x00000007bae00000, 0x00000007bc380000, 0x00000007c0000000)
  object space 22016K, 51% used [0x00000007bae00000,0x00000007bb9153f8,0x00000007bc380000)
Event: 7.652 GC heap after
Heap after GC invocations=7 (full 2):
 PSYoungGen      total 30208K, used 2535K [0x00000007eaa80000, 0x00000007eed80000, 0x0000000800000000)
  eden space 27648K, 0% used [0x00000007eaa80000,0x00000007eaa80000,0x00000007ec580000)
  from space 2560K, 99% used [0x00000007ec580000,0x00000007ec7f9c70,0x00000007ec800000)
  to   space 13824K, 0% used [0x00000007ee000000,0x00000007ee000000,0x00000007eed80000)
 ParOldGen       total 111616K, used 56714K [0x00000007c0000000, 0x00000007c6d00000, 0x00000007eaa80000)
  object space 111616K, 50% used [0x00000007c0000000,0x00000007c3762900,0x00000007c6d00000)
 PSPermGen       total 22016K, used 11348K [0x00000007bae00000, 0x00000007bc380000, 0x00000007c0000000)
  object space 22016K, 51% used [0x00000007bae00000,0x00000007bb9153f8,0x00000007bc380000)
}
Event: 8.755 GC heap before
{Heap before GC invocations=8 (full 2):
 PSYoungGen      total 30208K, used 29865K [0x00000007eaa80000, 0x00000007eed80000, 0x0000000800000000)
  eden space 27648K, 98% used [0x00000007eaa80000,0x00000007ec530a98,0x00000007ec580000)
  from space 2560K, 99% used [0x00000007ec580000,0x00000007ec7f9c70,0x00000007ec800000)
  to   space 13824K, 0% used [0x00000007ee000000,0x00000007ee000000,0x00000007eed80000)
 ParOldGen       total 111616K, used 56714K [0x00000007c0000000, 0x00000007c6d00000, 0x00000007eaa80000)
  object space 111616K, 50% used [0x00000007c0000000,0x00000007c3762900,0x00000007c6d00000)
 PSPermGen       total 22016K, used 11349K [0x00000007bae00000, 0x00000007bc380000, 0x00000007c0000000)
  object space 22016K, 51% used [0x00000007bae00000,0x00000007bb915638,0x00000007bc380000)
Event: 8.833 GC heap after
Heap after GC invocations=8 (full 2):
 PSYoungGen      total 41984K, used 13815K [0x00000007eaa80000, 0x00000007f0980000, 0x0000000800000000)
  eden space 28160K, 0% used [0x00000007eaa80000,0x00000007eaa80000,0x00000007ec600000)
  from space 13824K, 99% used [0x00000007ee000000,0x00000007eed7dc80,0x00000007eed80000)
  to   space 26624K, 0% used [0x00000007ec600000,0x00000007ec600000,0x00000007ee000000)
 ParOldGen       total 111616K, used 72690K [0x00000007c0000000, 0x00000007c6d00000, 0x00000007eaa80000)
  object space 111616K, 65% used [0x00000007c0000000,0x00000007c46fc900,0x00000007c6d00000)
 PSPermGen       total 22016K, used 11349K [0x00000007bae00000, 0x00000007bc380000, 0x00000007c0000000)
  object space 22016K, 51% used [0x00000007bae00000,0x00000007bb915638,0x00000007bc380000)
}
Event: 12.650 GC heap before
{Heap before GC invocations=9 (full 2):
 PSYoungGen      total 41984K, used 38642K [0x00000007eaa80000, 0x00000007f0980000, 0x0000000800000000)
  eden space 28160K, 88% used [0x00000007eaa80000,0x00000007ec2bed80,0x00000007ec600000)
  from space 13824K, 99% used [0x00000007ee000000,0x00000007eed7dc80,0x00000007eed80000)
  to   space 26624K, 0% used [0x00000007ec600000,0x00000007ec600000,0x00000007ee000000)
 ParOldGen       total 111616K, used 72690K [0x00000007c0000000, 0x00000007c6d00000, 0x00000007eaa80000)
  object space 111616K, 65% used [0x00000007c0000000,0x00000007c46fc900,0x00000007c6d00000)
 PSPermGen       total 22016K, used 11416K [0x00000007bae00000, 0x00000007bc380000, 0x00000007c0000000)
  object space 22016K, 51% used [0x00000007bae00000,0x00000007bb9263a0,0x00000007bc380000)
Event: 12.680 GC heap after
Heap after GC invocations=9 (full 2):
 PSYoungGen      total 54784K, used 21742K [0x00000007eaa80000, 0x00000007f1000000, 0x0000000800000000)
  eden space 28160K, 0% used [0x00000007eaa80000,0x00000007eaa80000,0x00000007ec600000)
  from space 26624K, 81% used [0x00000007ec600000,0x00000007edb3ba30,0x00000007ee000000)
  to   space 30208K, 0% used [0x00000007ef280000,0x00000007ef280000,0x00000007f1000000)
 ParOldGen       total 111616K, used 72690K [0x00000007c0000000, 0x00000007c6d00000, 0x00000007eaa80000)
  object space 111616K, 65% used [0x00000007c0000000,0x00000007c46fc900,0x00000007c6d00000)
 PSPermGen       total 22016K, used 11416K [0x00000007bae00000, 0x00000007bc380000, 0x00000007c0000000)
  object space 22016K, 51% used [0x00000007bae00000,0x00000007bb9263a0,0x00000007bc380000)
}
Event: 13.108 GC heap before
{Heap before GC invocations=10 (full 2):
 PSYoungGen      total 54784K, used 48122K [0x00000007eaa80000, 0x00000007f1000000, 0x0000000800000000)
  eden space 28160K, 93% used [0x00000007eaa80000,0x00000007ec443148,0x00000007ec600000)
  from space 26624K, 81% used [0x00000007ec600000,0x00000007edb3ba30,0x00000007ee000000)
  to   space 30208K, 0% used [0x00000007ef280000,0x00000007ef280000,0x00000007f1000000)
 ParOldGen       total 111616K, used 72690K [0x00000007c0000000, 0x00000007c6d00000, 0x00000007eaa80000)
  object space 111616K, 65% used [0x00000007c0000000,0x00000007c46fc900,0x00000007c6d00000)
 PSPermGen       total 22016K, used 11420K [0x00000007bae00000, 0x00000007bc380000, 0x00000007c0000000)
  object space 22016K, 51% used [0x00000007bae00000,0x00000007bb927010,0x00000007bc380000)
Event: 13.139 GC heap after
Heap after GC invocations=10 (full 2):
 PSYoungGen      total 71168K, used 21765K [0x00000007eaa80000, 0x00000007f1700000, 0x0000000800000000)
  eden space 40960K, 0% used [0x00000007eaa80000,0x00000007eaa80000,0x00000007ed280000)
  from space 30208K, 72% used [0x00000007ef280000,0x00000007f07c15d8,0x00000007f1000000)
  to   space 32768K, 0% used [0x00000007ed280000,0x00000007ed280000,0x00000007ef280000)
 ParOldGen       total 111616K, used 72690K [0x00000007c0000000, 0x00000007c6d00000, 0x00000007eaa80000)
  object space 111616K, 65% used [0x00000007c0000000,0x00000007c46fc900,0x00000007c6d00000)
 PSPermGen       total 22016K, used 11420K [0x00000007bae00000, 0x00000007bc380000, 0x00000007c0000000)
  object space 22016K, 51% used [0x00000007bae00000,0x00000007bb927010,0x00000007bc380000)
}

Deoptimization events (10 events):
Event: 7.051 Thread 0x00007fd4bb1c6800 Uncommon trap: reason=unreached action=reinterpret pc=0x000000010db91274 method=java.lang.ThreadLocal$ThreadLocalMap.getEntry(Ljava/lang/ThreadLocal;)Ljava/lang/ThreadLocal$ThreadLocalMap$Entry; @ 21
Event: 7.201 Thread 0x00007fd4bb1c6800 Uncommon trap: reason=unreached action=reinterpret pc=0x000000010db90e48 method=java.lang.ThreadLocal$ThreadLocalMap.getEntry(Ljava/lang/ThreadLocal;)Ljava/lang/ThreadLocal$ThreadLocalMap$Entry; @ 21
Event: 7.213 Thread 0x00007fd4ba88b000 Uncommon trap: reason=unreached action=reinterpret pc=0x000000010db99154 method=java.lang.ThreadLocal$ThreadLocalMap.getEntry(Ljava/lang/ThreadLocal;)Ljava/lang/ThreadLocal$ThreadLocalMap$Entry; @ 21
Event: 8.835 Thread 0x00007fd4ba88b000 Uncommon trap: reason=unreached action=reinterpret pc=0x000000010db98c8c method=java.lang.ThreadLocal$ThreadLocalMap.getEntry(Ljava/lang/ThreadLocal;)Ljava/lang/ThreadLocal$ThreadLocalMap$Entry; @ 21
Event: 10.226 Thread 0x00007fd4bb0dc000 Uncommon trap: reason=predicate action=maybe_recompile pc=0x000000010dbb0740 method=java.util.Arrays.fill([Ljava/lang/Object;Ljava/lang/Object;)V @ 10
Event: 13.150 Thread 0x00007fd4bb0dc000 Uncommon trap: reason=array_check action=maybe_recompile pc=0x000000010dbb0af8 method=java.util.Arrays.fill([Ljava/lang/Object;Ljava/lang/Object;)V @ 13
Event: 13.151 Thread 0x00007fd4bb0dc000 Uncommon trap: reason=array_check action=maybe_recompile pc=0x000000010dbb0af8 method=java.util.Arrays.fill([Ljava/lang/Object;Ljava/lang/Object;)V @ 13
Event: 13.152 Thread 0x00007fd4bb0dc000 Uncommon trap: reason=array_check action=maybe_recompile pc=0x000000010dbb0af8 method=java.util.Arrays.fill([Ljava/lang/Object;Ljava/lang/Object;)V @ 13
Event: 13.153 Thread 0x00007fd4bb0dc000 Uncommon trap: reason=array_check action=maybe_recompile pc=0x000000010dbb0af8 method=java.util.Arrays.fill([Ljava/lang/Object;Ljava/lang/Object;)V @ 13
Event: 34.176 Thread 0x00007fd4bb1c6800 Uncommon trap: reason=predicate action=maybe_recompile pc=0x000000010dbb6338 method=sun.java2d.pipe.Region.getTranslatedRegion(II)Lsun/java2d/pipe/Region; @ 212

Internal exceptions (10 events):
Event: 7.217 Thread 0x00007fd4ba88b000 Threw 0x00000007ebe08390 at /HUDSON/workspace/jdk7u40-2-build-macosx-amd64-product/jdk7u40/hotspot/src/share/vm/prims/jvm.cpp:1244
Event: 7.255 Thread 0x00007fd4ba88b000 Threw 0x00000007ebe3bf00 at /HUDSON/workspace/jdk7u40-2-build-macosx-amd64-product/jdk7u40/hotspot/src/share/vm/prims/jvm.cpp:1244
Event: 7.268 Thread 0x00007fd4ba88b000 Threw 0x00000007ebe630f8 at /HUDSON/workspace/jdk7u40-2-build-macosx-amd64-product/jdk7u40/hotspot/src/share/vm/prims/jvm.cpp:1244
Event: 7.269 Thread 0x00007fd4ba88b000 Threw 0x00000007ebf0a1d8 at /HUDSON/workspace/jdk7u40-2-build-macosx-amd64-product/jdk7u40/hotspot/src/share/vm/prims/jvm.cpp:1244
Event: 7.271 Thread 0x00007fd4ba88b000 Threw 0x00000007ebf18a08 at /HUDSON/workspace/jdk7u40-2-build-macosx-amd64-product/jdk7u40/hotspot/src/share/vm/prims/jvm.cpp:1244
Event: 7.609 Thread 0x00007fd4ba88b000 Threw 0x00000007ebf32b50 at /HUDSON/workspace/jdk7u40-2-build-macosx-amd64-product/jdk7u40/hotspot/src/share/vm/prims/jvm.cpp:1244
Event: 8.835 Thread 0x00007fd4ba88b000 Threw 0x00000007eabaefb0 at /HUDSON/workspace/jdk7u40-2-build-macosx-amd64-product/jdk7u40/hotspot/src/share/vm/prims/jvm.cpp:1244
Event: 8.835 Thread 0x00007fd4ba88b000 Implicit null exception at 0x000000010db98b9b to 0x000000010db98c75
Event: 8.855 Thread 0x00007fd4ba88b000 Threw 0x00000007eabb5798 at /HUDSON/workspace/jdk7u40-2-build-macosx-amd64-product/jdk7u40/hotspot/src/share/vm/prims/jvm.cpp:1244
Event: 9.024 Thread 0x00007fd4ba88b000 Threw 0x00000007eabba8e0 at /HUDSON/workspace/jdk7u40-2-build-macosx-amd64-product/jdk7u40/hotspot/src/share/vm/prims/jvm.cpp:1244

Events (10 events):
Event: 34.066 loading class 0x00007fd4bb090310
Event: 34.067 loading class 0x00007fd4bb090310 done
Event: 34.067 loading class 0x00007fd4ba804c50
Event: 34.067 loading class 0x00007fd4ba804c50 done
Event: 34.067 loading class 0x00007fd4ba804db0
Event: 34.068 loading class 0x00007fd4ba804db0 done
Event: 34.176 Thread 0x00007fd4bb1c6800 Uncommon trap: trap_request=0xffffff86 fr.pc=0x000000010dbb6338
Event: 34.176 Thread 0x00007fd4bb1c6800 DEOPT PACKING pc=0x000000010dbb6338 sp=0x000000011c44da50
Event: 34.176 Thread 0x00007fd4bb1c6800 DEOPT UNPACKING pc=0x000000010db3c045 sp=0x000000011c44d9f0 mode 2
Event: 35.179 Thread 0x00007fd4c3819000 Thread added: 0x00007fd4c3819000


Dynamic libraries:
0x0000000000007000 	/System/Library/Frameworks/Cocoa.framework/Versions/A/Cocoa
0x0000000000007000 	/System/Library/Frameworks/Security.framework/Versions/A/Security
0x0000000000007000 	/System/Library/Frameworks/ApplicationServices.framework/Versions/A/ApplicationServices
0x0000000000007000 	/usr/lib/libz.1.dylib
0x0000000000007000 	/usr/lib/libSystem.B.dylib
0x0000000000007000 	/usr/lib/libobjc.A.dylib
0x0000000000007000 	/System/Library/Frameworks/CoreFoundation.framework/Versions/A/CoreFoundation
0x0000000000007000 	/System/Library/Frameworks/Foundation.framework/Versions/C/Foundation
0x0000000000007000 	/System/Library/Frameworks/AppKit.framework/Versions/C/AppKit
0x0000000000007000 	/System/Library/Frameworks/CoreData.framework/Versions/A/CoreData
0x0000000000007000 	/System/Library/PrivateFrameworks/RemoteViewServices.framework/Versions/A/RemoteViewServices
0x0000000000007000 	/System/Library/Frameworks/AudioToolbox.framework/Versions/A/AudioToolbox
0x0000000000007000 	/System/Library/Frameworks/AudioUnit.framework/Versions/A/AudioUnit
0x0000000000007000 	/System/Library/PrivateFrameworks/DataDetectorsCore.framework/Versions/A/DataDetectorsCore
0x0000000000007000 	/System/Library/PrivateFrameworks/DesktopServicesPriv.framework/Versions/A/DesktopServicesPriv
0x0000000000007000 	/System/Library/Frameworks/Carbon.framework/Versions/A/Frameworks/HIToolbox.framework/Versions/A/HIToolbox
0x0000000000007000 	/System/Library/Frameworks/QuartzCore.framework/Versions/A/QuartzCore
0x0000000000007000 	/System/Library/Frameworks/Carbon.framework/Versions/A/Frameworks/SpeechRecognition.framework/Versions/A/SpeechRecognition
0x0000000000007000 	/usr/lib/libauto.dylib
0x0000000000007000 	/usr/lib/libicucore.A.dylib
0x0000000000007000 	/usr/lib/libxml2.2.dylib
0x0000000000007000 	/System/Library/PrivateFrameworks/CoreUI.framework/Versions/A/CoreUI
0x0000000000007000 	/System/Library/Frameworks/CoreAudio.framework/Versions/A/CoreAudio
0x0000000000007000 	/System/Library/Frameworks/DiskArbitration.framework/Versions/A/DiskArbitration
0x0000000000007000 	/usr/lib/liblangid.dylib
0x0000000000007000 	/System/Library/PrivateFrameworks/MultitouchSupport.framework/Versions/A/MultitouchSupport
0x0000000000007000 	/System/Library/Frameworks/IOKit.framework/Versions/A/IOKit
0x0000000000007000 	/usr/lib/libDiagnosticMessagesClient.dylib
0x0000000000007000 	/System/Library/Frameworks/CoreServices.framework/Versions/A/CoreServices
0x0000000000007000 	/System/Library/PrivateFrameworks/PerformanceAnalysis.framework/Versions/A/PerformanceAnalysis
0x0000000000007000 	/System/Library/PrivateFrameworks/GenerationalStorage.framework/Versions/A/GenerationalStorage
0x0000000000007000 	/System/Library/Frameworks/OpenGL.framework/Versions/A/OpenGL
0x0000000000007000 	/System/Library/PrivateFrameworks/Sharing.framework/Versions/A/Sharing
0x0000000000007000 	/System/Library/Frameworks/ImageIO.framework/Versions/A/ImageIO
0x0000000000007000 	/System/Library/Frameworks/CoreText.framework/Versions/A/CoreText
0x0000000000007000 	/System/Library/Frameworks/CoreGraphics.framework/Versions/A/CoreGraphics
0x0000000000007000 	/System/Library/PrivateFrameworks/Backup.framework/Versions/A/Backup
0x0000000000007000 	/System/Library/Frameworks/CFNetwork.framework/Versions/A/CFNetwork
0x0000000000007000 	/System/Library/Frameworks/SystemConfiguration.framework/Versions/A/SystemConfiguration
0x0000000000007000 	/usr/lib/libCRFSuite.dylib
0x0000000000007000 	/usr/lib/libc++.1.dylib
0x0000000000007000 	/usr/lib/libc++abi.dylib
0x0000000000007000 	/usr/lib/system/libcache.dylib
0x0000000000007000 	/usr/lib/system/libcommonCrypto.dylib
0x0000000000007000 	/usr/lib/system/libcompiler_rt.dylib
0x0000000000007000 	/usr/lib/system/libcopyfile.dylib
0x0000000000007000 	/usr/lib/system/libcorecrypto.dylib
0x0000000000007000 	/usr/lib/system/libdispatch.dylib
0x0000000000007000 	/usr/lib/system/libdyld.dylib
0x0000000000007000 	/usr/lib/system/libkeymgr.dylib
0x0000000000007000 	/usr/lib/system/liblaunch.dylib
0x0000000000007000 	/usr/lib/system/libmacho.dylib
0x0000000000007000 	/usr/lib/system/libquarantine.dylib
0x0000000000007000 	/usr/lib/system/libremovefile.dylib
0x0000000000007000 	/usr/lib/system/libsystem_asl.dylib
0x0000000000007000 	/usr/lib/system/libsystem_blocks.dylib
0x0000000000007000 	/usr/lib/system/libsystem_c.dylib
0x0000000000007000 	/usr/lib/system/libsystem_configuration.dylib
0x0000000000007000 	/usr/lib/system/libsystem_dnssd.dylib
0x0000000000007000 	/usr/lib/system/libsystem_info.dylib
0x0000000000007000 	/usr/lib/system/libsystem_kernel.dylib
0x0000000000007000 	/usr/lib/system/libsystem_m.dylib
0x0000000000007000 	/usr/lib/system/libsystem_malloc.dylib
0x0000000000007000 	/usr/lib/system/libsystem_network.dylib
0x0000000000007000 	/usr/lib/system/libsystem_notify.dylib
0x0000000000007000 	/usr/lib/system/libsystem_platform.dylib
0x0000000000007000 	/usr/lib/system/libsystem_pthread.dylib
0x0000000000007000 	/usr/lib/system/libsystem_sandbox.dylib
0x0000000000007000 	/usr/lib/system/libsystem_stats.dylib
0x0000000000007000 	/usr/lib/system/libunc.dylib
0x0000000000007000 	/usr/lib/system/libunwind.dylib
0x0000000000007000 	/usr/lib/system/libxpc.dylib
0x0000000000007000 	/usr/lib/libbsm.0.dylib
0x0000000000007000 	/usr/lib/libsqlite3.dylib
0x0000000000007000 	/usr/lib/libxar.1.dylib
0x0000000000007000 	/usr/lib/libpam.2.dylib
0x0000000000007000 	/usr/lib/libOpenScriptingUtil.dylib
0x0000000000007000 	/usr/lib/libbz2.1.0.dylib
0x0000000000007000 	/System/Library/Frameworks/CoreServices.framework/Versions/A/Frameworks/CarbonCore.framework/Versions/A/CarbonCore
0x0000000000007000 	/System/Library/Frameworks/CoreServices.framework/Versions/A/Frameworks/Metadata.framework/Versions/A/Metadata
0x0000000000007000 	/System/Library/Frameworks/CoreServices.framework/Versions/A/Frameworks/OSServices.framework/Versions/A/OSServices
0x0000000000007000 	/System/Library/Frameworks/CoreServices.framework/Versions/A/Frameworks/SearchKit.framework/Versions/A/SearchKit
0x0000000000007000 	/System/Library/Frameworks/CoreServices.framework/Versions/A/Frameworks/AE.framework/Versions/A/AE
0x0000000000007000 	/System/Library/Frameworks/CoreServices.framework/Versions/A/Frameworks/LaunchServices.framework/Versions/A/LaunchServices
0x0000000000007000 	/System/Library/Frameworks/CoreServices.framework/Versions/A/Frameworks/DictionaryServices.framework/Versions/A/DictionaryServices
0x0000000000007000 	/System/Library/Frameworks/NetFS.framework/Versions/A/NetFS
0x0000000000007000 	/usr/lib/system/libkxld.dylib
0x0000000000007000 	/System/Library/PrivateFrameworks/NetAuth.framework/Versions/A/NetAuth
0x0000000000007000 	/System/Library/PrivateFrameworks/TCC.framework/Versions/A/TCC
0x0000000000007000 	/System/Library/Frameworks/OpenDirectory.framework/Versions/A/Frameworks/CFOpenDirectory.framework/Versions/A/CFOpenDirectory
0x0000000000007000 	/System/Library/Frameworks/ServiceManagement.framework/Versions/A/ServiceManagement
0x0000000000007000 	/usr/lib/libxslt.1.dylib
0x0000000000007000 	/System/Library/Frameworks/Carbon.framework/Versions/A/Frameworks/Ink.framework/Versions/A/Ink
0x0000000000007000 	/System/Library/Frameworks/ApplicationServices.framework/Versions/A/Frameworks/ATS.framework/Versions/A/ATS
0x0000000000007000 	/System/Library/Frameworks/ApplicationServices.framework/Versions/A/Frameworks/ColorSync.framework/Versions/A/ColorSync
0x0000000000007000 	/System/Library/Frameworks/ApplicationServices.framework/Versions/A/Frameworks/HIServices.framework/Versions/A/HIServices
0x0000000000007000 	/System/Library/Frameworks/ApplicationServices.framework/Versions/A/Frameworks/LangAnalysis.framework/Versions/A/LangAnalysis
0x0000000000007000 	/System/Library/Frameworks/ApplicationServices.framework/Versions/A/Frameworks/PrintCore.framework/Versions/A/PrintCore
0x0000000000007000 	/System/Library/Frameworks/ApplicationServices.framework/Versions/A/Frameworks/QD.framework/Versions/A/QD
0x0000000000007000 	/System/Library/Frameworks/ApplicationServices.framework/Versions/A/Frameworks/SpeechSynthesis.framework/Versions/A/SpeechSynthesis
0x0000000000007000 	/System/Library/Frameworks/IOSurface.framework/Versions/A/IOSurface
0x0000000000007000 	/System/Library/Frameworks/Accelerate.framework/Versions/A/Accelerate
0x0000000000007000 	/System/Library/Frameworks/Accelerate.framework/Versions/A/Frameworks/vImage.framework/Versions/A/vImage
0x0000000000007000 	/System/Library/Frameworks/Accelerate.framework/Versions/A/Frameworks/vecLib.framework/Versions/A/vecLib
0x0000000000007000 	/System/Library/Frameworks/Accelerate.framework/Versions/A/Frameworks/vecLib.framework/Versions/A/libvDSP.dylib
0x0000000000007000 	/System/Library/Frameworks/Accelerate.framework/Versions/A/Frameworks/vecLib.framework/Versions/A/libvMisc.dylib
0x0000000000007000 	/System/Library/Frameworks/Accelerate.framework/Versions/A/Frameworks/vecLib.framework/Versions/A/libLAPACK.dylib
0x0000000000007000 	/System/Library/Frameworks/Accelerate.framework/Versions/A/Frameworks/vecLib.framework/Versions/A/libBLAS.dylib
0x0000000000007000 	/System/Library/Frameworks/ApplicationServices.framework/Versions/A/Frameworks/ATS.framework/Versions/A/Resources/libFontParser.dylib
0x0000000000007000 	/System/Library/Frameworks/ApplicationServices.framework/Versions/A/Frameworks/ATS.framework/Versions/A/Resources/libFontRegistry.dylib
0x0000000000007000 	/System/Library/Frameworks/ImageIO.framework/Versions/A/Resources/libJPEG.dylib
0x0000000000007000 	/System/Library/Frameworks/ImageIO.framework/Versions/A/Resources/libTIFF.dylib
0x0000000000007000 	/System/Library/Frameworks/ImageIO.framework/Versions/A/Resources/libPng.dylib
0x0000000000007000 	/System/Library/Frameworks/ImageIO.framework/Versions/A/Resources/libGIF.dylib
0x0000000000007000 	/System/Library/Frameworks/ImageIO.framework/Versions/A/Resources/libJP2.dylib
0x0000000000007000 	/System/Library/Frameworks/ImageIO.framework/Versions/A/Resources/libRadiance.dylib
0x0000000000007000 	/usr/lib/libcups.2.dylib
0x0000000000007000 	/System/Library/Frameworks/Kerberos.framework/Versions/A/Kerberos
0x0000000000007000 	/System/Library/Frameworks/GSS.framework/Versions/A/GSS
0x0000000000007000 	/usr/lib/libresolv.9.dylib
0x0000000000007000 	/usr/lib/libiconv.2.dylib
0x0000000000007000 	/System/Library/PrivateFrameworks/Heimdal.framework/Versions/A/Heimdal
0x0000000000007000 	/System/Library/PrivateFrameworks/TrustEvaluationAgent.framework/Versions/A/TrustEvaluationAgent
0x0000000000007000 	/usr/lib/libheimdal-asn1.dylib
0x0000000000007000 	/System/Library/Frameworks/OpenDirectory.framework/Versions/A/OpenDirectory
0x0000000000007000 	/System/Library/PrivateFrameworks/CommonAuth.framework/Versions/A/CommonAuth
0x0000000000007000 	/System/Library/Frameworks/SecurityFoundation.framework/Versions/A/SecurityFoundation
0x0000000000007000 	/System/Library/PrivateFrameworks/Bom.framework/Versions/A/Bom
0x0000000000007000 	/System/Library/Frameworks/CoreVideo.framework/Versions/A/CoreVideo
0x0000000000007000 	/System/Library/Frameworks/QuartzCore.framework/Versions/A/Frameworks/CoreImage.framework/Versions/A/CoreImage
0x0000000000007000 	/System/Library/Frameworks/QuartzCore.framework/Versions/A/Frameworks/ScalableUserInterface.framework/Versions/A/ScalableUserInterface
0x0000000000007000 	/System/Library/Frameworks/OpenGL.framework/Versions/A/Libraries/libGLU.dylib
0x0000000000007000 	/System/Library/Frameworks/OpenGL.framework/Versions/A/Libraries/libGFXShared.dylib
0x0000000000007000 	/System/Library/Frameworks/OpenGL.framework/Versions/A/Libraries/libGL.dylib
0x0000000000007000 	/System/Library/Frameworks/OpenGL.framework/Versions/A/Libraries/libGLImage.dylib
0x0000000000007000 	/System/Library/Frameworks/OpenGL.framework/Versions/A/Libraries/libCVMSPluginSupport.dylib
0x0000000000007000 	/System/Library/Frameworks/OpenGL.framework/Versions/A/Libraries/libCoreVMClient.dylib
0x0000000000007000 	/System/Library/PrivateFrameworks/FaceCore.framework/Versions/A/FaceCore
0x0000000000007000 	/System/Library/PrivateFrameworks/CrashReporterSupport.framework/Versions/A/CrashReporterSupport
0x0000000000007000 	/System/Library/Frameworks/OpenCL.framework/Versions/A/OpenCL
0x0000000000007000 	/System/Library/PrivateFrameworks/AppleFSCompression.framework/Versions/A/AppleFSCompression
0x0000000000007000 	/System/Library/PrivateFrameworks/Ubiquity.framework/Versions/A/Ubiquity
0x0000000000007000 	/System/Library/PrivateFrameworks/IconServices.framework/Versions/A/IconServices
0x0000000000007000 	/System/Library/PrivateFrameworks/ChunkingLibrary.framework/Versions/A/ChunkingLibrary
0x0000000000007000 	/System/Library/PrivateFrameworks/CoreSymbolication.framework/Versions/A/CoreSymbolication
0x0000000000007000 	/System/Library/PrivateFrameworks/Symbolication.framework/Versions/A/Symbolication
0x0000000000007000 	/System/Library/PrivateFrameworks/DebugSymbols.framework/Versions/A/DebugSymbols
0x000000010c6a9000 	/Library/Java/JavaVirtualMachines/jdk1.7.0_40.jdk/Contents/Home/jre/lib/server/libjvm.dylib
0x0000000000007000 	/usr/lib/libstdc++.6.dylib
0x000000010d111000 	/Library/Java/JavaVirtualMachines/jdk1.7.0_40.jdk/Contents/Home/jre/lib/libverify.dylib
0x000000010d11e000 	/Library/Java/JavaVirtualMachines/jdk1.7.0_40.jdk/Contents/Home/jre/lib/libjava.dylib
0x000000010d158000 	/Library/Java/JavaVirtualMachines/jdk1.7.0_40.jdk/Contents/Home/jre/lib/libzip.dylib
0x0000000114d7f000 	/System/Library/Frameworks/JavaVM.framework/Frameworks/JavaRuntimeSupport.framework/JavaRuntimeSupport
0x000000010d1e9000 	/System/Library/Frameworks/JavaVM.framework/Versions/A/Frameworks/JavaNativeFoundation.framework/Versions/A/JavaNativeFoundation
0x0000000114d97000 	/System/Library/Frameworks/JavaVM.framework/Versions/A/JavaVM
0x0000000000007000 	/System/Library/Frameworks/Carbon.framework/Versions/A/Carbon
0x0000000114da4000 	/System/Library/PrivateFrameworks/JavaLaunching.framework/Versions/A/JavaLaunching
0x0000000000007000 	/System/Library/Frameworks/Carbon.framework/Versions/A/Frameworks/CommonPanels.framework/Versions/A/CommonPanels
0x0000000000007000 	/System/Library/Frameworks/Carbon.framework/Versions/A/Frameworks/Help.framework/Versions/A/Help
0x0000000000007000 	/System/Library/Frameworks/Carbon.framework/Versions/A/Frameworks/ImageCapture.framework/Versions/A/ImageCapture
0x0000000000007000 	/System/Library/Frameworks/Carbon.framework/Versions/A/Frameworks/OpenScripting.framework/Versions/A/OpenScripting
0x0000000000007000 	/System/Library/Frameworks/Carbon.framework/Versions/A/Frameworks/Print.framework/Versions/A/Print
0x0000000000007000 	/System/Library/Frameworks/Carbon.framework/Versions/A/Frameworks/SecurityHI.framework/Versions/A/SecurityHI
0x0000000115448000 	/Library/Java/JavaVirtualMachines/jdk1.7.0_40.jdk/Contents/Home/jre/lib/libawt.dylib
0x00000001154f7000 	/Library/Java/JavaVirtualMachines/jdk1.7.0_40.jdk/Contents/Home/jre/lib/./libmlib_image.dylib
0x00000001155c3000 	/Library/Java/JavaVirtualMachines/jdk1.7.0_40.jdk/Contents/Home/jre/lib/lwawt/liblwawt.dylib
0x0000000115677000 	/Library/Java/JavaVirtualMachines/jdk1.7.0_40.jdk/Contents/Home/jre/lib/libosxapp.dylib
0x0000000000007000 	/System/Library/Frameworks/ExceptionHandling.framework/Versions/A/ExceptionHandling
0x0000000000007000 	/System/Library/PrivateFrameworks/CoreServicesInternal.framework/Versions/A/CoreServicesInternal
0x0000000000007000 	/System/Library/PrivateFrameworks/Librarian.framework/Versions/A/Librarian
0x0000000000007000 	/System/Library/Frameworks/CoreGraphics.framework/Versions/A/Resources/libCGCMS.A.dylib
0x0000000000007000 	/System/Library/Frameworks/CoreGraphics.framework/Versions/A/Resources/libRIP.A.dylib
0x0000000000007000 	/System/Library/Frameworks/CoreGraphics.framework/Versions/A/Resources/libCGXType.A.dylib
0x0000000000007000 	/System/Library/PrivateFrameworks/FamilyControls.framework/Versions/A/FamilyControls
0x0000000000007000 	/System/Library/PrivateFrameworks/CommerceKit.framework/Versions/A/Frameworks/CommerceCore.framework/Versions/A/CommerceCore
0x0000000000007000 	/System/Library/PrivateFrameworks/SystemAdministration.framework/Versions/A/SystemAdministration
0x0000000000007000 	/System/Library/Frameworks/DirectoryService.framework/Versions/A/DirectoryService
0x0000000000007000 	/System/Library/PrivateFrameworks/DiskImages.framework/Versions/A/DiskImages
0x0000000000007000 	/System/Library/PrivateFrameworks/LoginUIKit.framework/Versions/A/Frameworks/LoginUICore.framework/Versions/A/LoginUICore
0x0000000000007000 	/usr/lib/libCoreStorage.dylib
0x0000000000007000 	/usr/lib/libcsfde.dylib
0x0000000000007000 	/usr/lib/libodfde.dylib
0x0000000000007000 	/System/Library/Frameworks/DiscRecording.framework/Versions/A/DiscRecording
0x0000000000007000 	/usr/lib/libcurl.4.dylib
0x0000000000007000 	/System/Library/PrivateFrameworks/MediaKit.framework/Versions/A/MediaKit
0x0000000000007000 	/System/Library/PrivateFrameworks/EFILogin.framework/Versions/A/EFILogin
0x0000000000007000 	/usr/lib/libutil.dylib
0x0000000000007000 	/System/Library/PrivateFrameworks/AOSNotification.framework/Versions/A/AOSNotification
0x0000000000007000 	/System/Library/Frameworks/LDAP.framework/Versions/A/LDAP
0x0000000000007000 	/usr/lib/libsasl2.2.dylib
0x0000000000007000 	/usr/lib/libcrypto.0.9.8.dylib
0x0000000000007000 	/usr/lib/libssl.0.9.8.dylib
0x0000000000007000 	/System/Library/Frameworks/OpenGL.framework/Versions/A/Resources/GLEngine.bundle/GLEngine
0x0000000000007000 	/System/Library/Frameworks/OpenGL.framework/Versions/A/Libraries/libGLProgrammability.dylib
0x0000000000000000 	/System/Library/Extensions/AppleIntelHD5000GraphicsGLDriver.bundle/Contents/MacOS/AppleIntelHD5000GraphicsGLDriver
0x0000000000007000 	/System/Library/PrivateFrameworks/IOAccelerator.framework/Versions/A/IOAccelerator
0x0000000000007000 	/System/Library/PrivateFrameworks/GPUSupport.framework/Versions/A/Libraries/libGPUSupportMercury.dylib
0x0000000000007000 	/System/Library/Frameworks/OpenGL.framework/Versions/A/Resources/GLRendererFloat.bundle/GLRendererFloat
0x0000000000007000 	/System/Library/Frameworks/OpenCL.framework/Versions/A/Libraries/libcldcpuengine.dylib
0x000000011a59f000 	/Library/Java/JavaVirtualMachines/jdk1.7.0_40.jdk/Contents/Home/jre/lib/libfontmanager.dylib
0x000000011b686000 	/Library/Java/JavaVirtualMachines/jdk1.7.0_40.jdk/Contents/Home/jre/lib/libosxui.dylib
0x000000011c070000 	/Library/Java/JavaVirtualMachines/jdk1.7.0_40.jdk/Contents/Home/jre/lib/libnet.dylib
0x000000011c0cd000 	/Library/Java/JavaVirtualMachines/jdk1.7.0_40.jdk/Contents/Home/jre/lib/libnio.dylib
0x000000011c31c000 	/Library/Java/JavaVirtualMachines/jdk1.7.0_40.jdk/Contents/Home/jre/lib/libjsound.dylib
0x000000011c452000 	/System/Library/Frameworks/CoreMIDI.framework/Versions/A/CoreMIDI
0x0000000000007000 	/usr/lib/libexpat.1.dylib
0x000000011c32f000 	/System/Library/Extensions/AppleHDA.kext/Contents/PlugIns/AppleHDAHALPlugIn.bundle/Contents/MacOS/AppleHDAHALPlugIn
0x000000011ccca000 	/System/Library/Components/CoreAudio.component/Contents/MacOS/CoreAudio
0x000000011d264000 	/Users/Saga/Desktop/Kinect/eclipseWorkspace/TestKinect/lib/user/SimpleOpenNI/libSimpleOpenNI.jnilib
0x000000011dc6a000 	/usr/lib/libOpenNI.dylib
0x000000011dcfb000 	/usr/lib/libXnVNite_1_5_2.dylib
0x000000011c2d9000 	/opt/local/lib/libusb-1.0.0.dylib
0x0000000125849000 	/usr/lib/libnimMockNodes.dylib
0x0000000125884000 	/usr/lib/libnimCodecs.dylib
0x00000001258e7000 	/usr/lib/libnimRecorder.dylib
0x0000000125914000 	/usr/lib/libXnDeviceSensorV2KM.dylib
0x000000011c1f6000 	/usr/lib/libXnCore.dylib
0x00000001259ba000 	/usr/lib/libXnFormats.dylib
0x0000000125a04000 	/usr/lib/libXnDDK.dylib
0x0000000125a4e000 	/usr/lib/libXnDeviceFile.dylib
0x0000000125a83000 	/usr/lib/libXnVFeatures_1_5_2.dylib
0x0000000125f0c000 	/usr/lib/libXnVHandGenerator_1_5_2.dylib
0x000000011c2f0000 	/System/Library/Extensions/IOUSBFamily.kext/Contents/PlugIns/IOUSBLib.bundle/Contents/MacOS/IOUSBLib

VM Arguments:
jvm_args: -Djava.library.path=/Users/Saga/Desktop/Kinect/eclipseWorkspace/TestKinect/lib/base/core:/Users/Saga/Desktop/Kinect/eclipseWorkspace/TestKinect/lib/base/core:/Users/Saga/Desktop/Kinect/eclipseWorkspace/TestKinect/lib/base/core:/Users/Saga/Desktop/Kinect/eclipseWorkspace/TestKinect/lib/base/core:/Users/Saga/Desktop/Kinect/eclipseWorkspace/TestKinect/lib/base/core:/Users/Saga/Desktop/Kinect/eclipseWorkspace/TestKinect/lib/base/core:/Users/Saga/Desktop/Kinect/eclipseWorkspace/TestKinect/lib/base/core:/Users/Saga/Desktop/Kinect/eclipseWorkspace/TestKinect/lib/base/core:/Users/Saga/Desktop/Kinect/eclipseWorkspace/TestKinect/lib/base/core:/Users/Saga/Desktop/Kinect/eclipseWorkspace/TestKinect/lib/base/core:/Users/Saga/Desktop/Kinect/eclipseWorkspace/TestKinect/lib/base/core:/Users/Saga/Desktop/Kinect/eclipseWorkspace/TestKinect/lib/base/core:/Users/Saga/Desktop/Kinect/eclipseWorkspace/TestKinect/lib/base/core:/Users/Saga/Desktop/Kinect/eclipseWorkspace/TestKinect/lib/base/core:/Users/Saga/Desktop/Kinect/eclipseWorkspace/TestKinect/lib/base/core:/Users/Saga/Desktop/Kinect/eclipseWorkspace/TestKinect/lib/user/SimpleOpenNI -Djava.security.policy=java.policy.applet -Dfile.encoding=US-ASCII 
java_command: sun.applet.AppletViewer testkinect.ComparisonGUI1417109813810.html
Launcher Type: SUN_STANDARD

Environment Variables:
PATH=/usr/bin:/bin:/usr/sbin:/sbin
SHELL=/bin/bash
DISPLAY=/tmp/launch-77R32P/org.macosforge.xquartz:0

Signal Handlers:
SIGSEGV: [libjvm.dylib+0x524b25], sa_mask[0]=0xfffefeff, sa_flags=0x00000043
SIGBUS: [libjvm.dylib+0x524b25], sa_mask[0]=0xfffefeff, sa_flags=0x00000042
SIGFPE: [libjvm.dylib+0x4180e6], sa_mask[0]=0xfffefeff, sa_flags=0x00000042
SIGPIPE: [libjvm.dylib+0x4180e6], sa_mask[0]=0xfffefeff, sa_flags=0x00000042
SIGXFSZ: [libjvm.dylib+0x4180e6], sa_mask[0]=0xfffefeff, sa_flags=0x00000042
SIGILL: [libjvm.dylib+0x4180e6], sa_mask[0]=0xfffefeff, sa_flags=0x00000042
SIGUSR1: SIG_DFL, sa_mask[0]=0x00000000, sa_flags=0x00000002
SIGUSR2: [libjvm.dylib+0x417bd8], sa_mask[0]=0x00000004, sa_flags=0x00000042
SIGHUP: [libjvm.dylib+0x415e67], sa_mask[0]=0xfffefeff, sa_flags=0x00000042
SIGINT: [libjvm.dylib+0x415e67], sa_mask[0]=0xfffefeff, sa_flags=0x00000042
SIGTERM: [libjvm.dylib+0x415e67], sa_mask[0]=0xfffefeff, sa_flags=0x00000042
SIGQUIT: [libjvm.dylib+0x415e67], sa_mask[0]=0xfffefeff, sa_flags=0x00000042


---------------  S Y S T E M  ---------------

OS:Bsduname:Darwin 13.4.0 Darwin Kernel Version 13.4.0: Sun Aug 17 19:50:11 PDT 2014; root:xnu-2422.115.4~1/RELEASE_X86_64 x86_64
rlimit: STACK 8192k, CORE 0k, NPROC 709, NOFILE 10240, AS infinity
load average:3.32 3.52 3.55

CPU:total 4 (2 cores per cpu, 2 threads per core) family 6 model 69 stepping 1, cmov, cx8, fxsr, mmx, sse, sse2, sse3, ssse3, sse4.1, sse4.2, popcnt, avx, avx2, aes, erms, ht, tsc, tscinvbit

Memory: 4k page, physical 4194304k(1048576k free)

/proc/meminfo:


vm_info: Java HotSpot(TM) 64-Bit Server VM (24.0-b56) for bsd-amd64 JRE (1.7.0_40-b43), built on Aug 26 2013 21:29:19 by "java_re" with gcc 4.2.1 (Based on Apple Inc. build 5658) (LLVM build 2336.11.00)

time: Thu Nov 27 12:37:29 2014
elapsed time: 35 seconds

