#
# A fatal error has been detected by the Java Runtime Environment:
#
#  SIGSEGV (0xb) at pc=0x000000011006d9c0, pid=32669, tid=56079
#
# JRE version: Java(TM) SE Runtime Environment (7.0_40-b43) (build 1.7.0_40-b43)
# Java VM: Java HotSpot(TM) 64-Bit Server VM (24.0-b56 mixed mode bsd-amd64 compressed oops)
# Problematic frame:
# C  [libOpenNI.dylib+0x299c0]  xnSetSkeletonProfile+0x10
#
# Failed to write core dump. Core dumps have been disabled. To enable core dumping, try "ulimit -c unlimited" before starting Java again
#
# If you would like to submit a bug report, please visit:
#   http://bugreport.sun.com/bugreport/crash.jsp
# The crash happened outside the Java Virtual Machine in native code.
# See problematic frame for where to report the bug.
#

---------------  T H R E A D  ---------------

Current thread (0x00007fab72158800):  JavaThread "Animation Thread" [_thread_in_native, id=56079, stack(0x000000010fc8f000,0x000000010fd8f000)]

siginfo:si_signo=SIGSEGV: si_errno=0, si_code=1 (SEGV_MAPERR), si_addr=0x0000000000000000

Registers:
RAX=0x0000000000020074, RBX=0x0000000000000002, RCX=0x00000000001f8100, RDX=0x00000000000f4fc0
RSP=0x000000010fd8e4c0, RBP=0x000000010fd8e4e0, RSI=0x0000000000000002, RDI=0x0000000000000000
R8 =0x00007fab72c07230, R9 =0x00000000768af07b, R10=0x00000001100b5880, R11=0x000000011006d9b0
R12=0x0000000000000000, R13=0x00007fab70991400, R14=0x0000000000000000, R15=0x00007fab72158800
RIP=0x000000011006d9c0, EFLAGS=0x0000000000010206, ERR=0x0000000000000004
  TRAPNO=0x000000000000000e

Top of Stack: (sp=0x000000010fd8e4c0)
0x000000010fd8e4c0:   0000000000000000 0000000000000000
0x000000010fd8e4d0:   0000000000000001 0000000000000002
0x000000010fd8e4e0:   000000010fd8e600 000000010ffa3bb8
0x000000010fd8e4f0:   0000000000000000 00007fab706c6450
0x000000010fd8e500:   00007fab7052eb50 00007fab7052eb60
0x000000010fd8e510:   00007fab7052ef38 00000000000003d8
0x000000010fd8e520:   000000000014b2c9 00000001008cdf30
0x000000010fd8e530:   00007fab706c80b0 0000000000000021
0x000000010fd8e540:   000000010fd8e590 000000000014b2c9
0x000000010fd8e550:   00007fab00000011 00007fab70724f38
0x000000010fd8e560:   00000001009669f0 00007fab706c80b0
0x000000010fd8e570:   00000004000003d8 000000010ff63410
0x000000010fd8e580:   00007fab70724f38 0000000200000004
0x000000010fd8e590:   0000000100000003 00007fab7052eb60
0x000000010fd8e5a0:   0000000400000000 00007fab00000008
0x000000010fd8e5b0:   0000000000000000 0000000000000000
0x000000010fd8e5c0:   000000010fd8e5e0 0000000000000000
0x000000010fd8e5d0:   00007fab72158800 00000007bb800740
0x000000010fd8e5e0:   0000000000000000 00000007bb800740
0x000000010fd8e5f0:   000000010fd8e6d8 00007fab72158800
0x000000010fd8e600:   000000010fd8e610 000000010ffa42aa
0x000000010fd8e610:   000000010fd8e630 000000010ff63427
0x000000010fd8e620:   000000010fd8e6a0 00007fab70991400
0x000000010fd8e630:   000000010fd8e6a0 0000000101545698
0x000000010fd8e640:   00000007bb7ce7f0 00000007bb7ce7f0
0x000000010fd8e650:   000000010fd8e6c0 0000000100448c84
0x000000010fd8e660:   000000010fd8e660 00000007bb800740
0x000000010fd8e670:   000000010fd8e6d8 00000007bb8275b8
0x000000010fd8e680:   0000000000000000 00000007bb800740
0x000000010fd8e690:   0000000000000000 000000010fd8e6c0
0x000000010fd8e6a0:   000000010fd8e720 0000000101539350
0x000000010fd8e6b0:   00000007eb596c98 0000000101541cc0 

Instructions: (pc=0x000000011006d9c0)
0x000000011006d9a0:   04 31 c0 5d c3 48 8b 79 08 5d ff e0 0f 1f 40 00
0x000000011006d9b0:   55 48 89 e5 41 56 53 48 83 ec 10 89 f3 49 89 fe
0x000000011006d9c0:   49 8b 0e b8 12 00 01 00 83 79 10 00 74 68 48 8b
0x000000011006d9d0:   49 08 b8 12 00 01 00 f6 41 03 02 74 59 48 c7 45 

Register to memory mapping:

RAX=0x0000000000020074 is an unknown value
RBX=0x0000000000000002 is an unknown value
RCX=0x00000000001f8100 is an unknown value
RDX=0x00000000000f4fc0 is an unknown value
RSP=0x000000010fd8e4c0 is pointing into the stack for thread: 0x00007fab72158800
RBP=0x000000010fd8e4e0 is pointing into the stack for thread: 0x00007fab72158800
RSI=0x0000000000000002 is an unknown value
RDI=0x0000000000000000 is an unknown value
R8 =0x00007fab72c07230 is an unknown value
R9 =0x00000000768af07b is an unknown value
R10=0x00000001100b5880: g_InitData+0x4eb8 in /usr/lib/libOpenNI.dylib at 0x0000000110044000
R11=0x000000011006d9b0: xnSetSkeletonProfile+0 in /usr/lib/libOpenNI.dylib at 0x0000000110044000
R12=0x0000000000000000 is an unknown value
R13=0x00007fab70991400 is an unknown value
R14=0x0000000000000000 is an unknown value
R15=0x00007fab72158800 is a thread


Stack: [0x000000010fc8f000,0x000000010fd8f000],  sp=0x000000010fd8e4c0,  free space=1021k
Native frames: (J=compiled Java code, j=interpreted, Vv=VM code, C=native code)
C  [libOpenNI.dylib+0x299c0]  xnSetSkeletonProfile+0x10
C  [libSimpleOpenNI.jnilib+0x48bb8]  sOpenNI::ContextWrapper::createUser(int, bool)+0xf8
C  [libSimpleOpenNI.jnilib+0x492aa]  sOpenNI::ContextWrapper::enableUser(int)+0x2a
C  [libSimpleOpenNI.jnilib+0x8427]  Java_SimpleOpenNI_SimpleOpenNIJNI_ContextWrapper_1enableUserSwigExplicitContextWrapper+0x17
j  SimpleOpenNI.SimpleOpenNIJNI.ContextWrapper_enableUserSwigExplicitContextWrapper(JLSimpleOpenNI/ContextWrapper;I)Z+0
j  SimpleOpenNI.ContextWrapper.enableUser(I)Z+28
j  SimpleOpenNI.SimpleOpenNI.enableUser(ILjava/lang/Object;)Z+17
j  SimpleOpenNI.SimpleOpenNI.enableUser(I)Z+6
j  testkinect.JavaKinectProclipsingExample.setup()V+35
j  processing.core.PApplet.handleDraw()V+141
j  processing.core.PGraphicsJava2D.requestDraw()V+4
j  processing.core.PApplet.run()V+156
j  java.lang.Thread.run()V+11
v  ~StubRoutines::call_stub
V  [libjvm.dylib+0x2d6740]  JavaCalls::call_helper(JavaValue*, methodHandle*, JavaCallArguments*, Thread*)+0x22a
V  [libjvm.dylib+0x2d6c57]  JavaCalls::call_virtual(JavaValue*, KlassHandle, Symbol*, Symbol*, JavaCallArguments*, Thread*)+0x11b
V  [libjvm.dylib+0x2d6d94]  JavaCalls::call_virtual(JavaValue*, Handle, KlassHandle, Symbol*, Symbol*, Thread*)+0x4a
V  [libjvm.dylib+0x325be2]  thread_entry(JavaThread*, Thread*)+0xad
V  [libjvm.dylib+0x4ef257]  JavaThread::thread_main_inner()+0x9b
V  [libjvm.dylib+0x4f095f]  JavaThread::run()+0x1a3
V  [libjvm.dylib+0x41a8e1]  java_start(Thread*)+0xd5
C  [libsystem_pthread.dylib+0x1899]  _pthread_body+0x8a
C  [libsystem_pthread.dylib+0x172a]  _pthread_struct_init+0x0
C  [libsystem_pthread.dylib+0x5fc9]  thread_start+0xd

Java frames: (J=compiled Java code, j=interpreted, Vv=VM code)
j  SimpleOpenNI.SimpleOpenNIJNI.ContextWrapper_enableUserSwigExplicitContextWrapper(JLSimpleOpenNI/ContextWrapper;I)Z+0
j  SimpleOpenNI.ContextWrapper.enableUser(I)Z+28
j  SimpleOpenNI.SimpleOpenNI.enableUser(ILjava/lang/Object;)Z+17
j  SimpleOpenNI.SimpleOpenNI.enableUser(I)Z+6
j  testkinect.JavaKinectProclipsingExample.setup()V+35
j  processing.core.PApplet.handleDraw()V+141
j  processing.core.PGraphicsJava2D.requestDraw()V+4
j  processing.core.PApplet.run()V+156
j  java.lang.Thread.run()V+11
v  ~StubRoutines::call_stub

---------------  P R O C E S S  ---------------

Java Threads: ( => current thread )
=>0x00007fab72158800 JavaThread "Animation Thread" [_thread_in_native, id=56079, stack(0x000000010fc8f000,0x000000010fd8f000)]
  0x00007fab72157800 JavaThread "AWT-EventQueue-1" [_thread_blocked, id=56351, stack(0x000000010fe2c000,0x000000010ff2c000)]
  0x00007fab71008000 JavaThread "DestroyJavaVM" [_thread_blocked, id=6403, stack(0x0000000101401000,0x0000000101501000)]
  0x00007fab710b2000 JavaThread "AWT-EventQueue-0" [_thread_blocked, id=54279, stack(0x000000010f2ae000,0x000000010f3ae000)]
  0x00007fab7109e800 JavaThread "thread applet-testkinect.JavaKinectProclipsingExample.class" [_thread_blocked, id=48903, stack(0x000000010e04c000,0x000000010e14c000)]
  0x00007fab71094000 JavaThread "Java2D Disposer" daemon [_thread_blocked, id=47923, stack(0x000000010dedf000,0x000000010dfdf000)]
  0x00007fab708c1000 JavaThread "Java2D Queue Flusher" daemon [_thread_blocked, id=45579, stack(0x000000010d156000,0x000000010d256000)]
  0x00007fab7201c800 JavaThread "AWT-Shutdown" [_thread_blocked, id=27915, stack(0x000000010a820000,0x000000010a920000)]
  0x00007fab7185e800 JavaThread "AppKit Thread" daemon [_thread_in_native, id=1287, stack(0x00007fff5fb08000,0x00007fff5fb88000)]
  0x00007fab7101e000 JavaThread "Service Thread" daemon [_thread_blocked, id=19203, stack(0x0000000108c8d000,0x0000000108d8d000)]
  0x00007fab7101d800 JavaThread "C2 CompilerThread1" daemon [_thread_blocked, id=18691, stack(0x0000000108b8a000,0x0000000108c8a000)]
  0x00007fab7183c000 JavaThread "C2 CompilerThread0" daemon [_thread_blocked, id=18179, stack(0x0000000108a87000,0x0000000108b87000)]
  0x00007fab72011000 JavaThread "Signal Dispatcher" daemon [_thread_blocked, id=17667, stack(0x0000000108984000,0x0000000108a84000)]
  0x00007fab71833800 JavaThread "Finalizer" daemon [_thread_blocked, id=12547, stack(0x0000000108734000,0x0000000108834000)]
  0x00007fab71830800 JavaThread "Reference Handler" daemon [_thread_blocked, id=12035, stack(0x0000000108631000,0x0000000108731000)]

Other Threads:
  0x00007fab70815000 VMThread [stack: 0x000000010852e000,0x000000010862e000] [id=11523]
  0x00007fab71027000 WatcherThread [stack: 0x0000000108d90000,0x0000000108e90000] [id=19715]

VM state:not at safepoint (normal execution)

VM Mutex/Monitor currently owned by a thread: None

Heap
 PSYoungGen      total 19456K, used 11743K [0x00000007eaa80000, 0x00000007ec000000, 0x0000000800000000)
  eden space 16896K, 69% used [0x00000007eaa80000,0x00000007eb5f7f60,0x00000007ebb00000)
  from space 2560K, 0% used [0x00000007ebd80000,0x00000007ebd80000,0x00000007ec000000)
  to   space 2560K, 0% used [0x00000007ebb00000,0x00000007ebb00000,0x00000007ebd80000)
 ParOldGen       total 43520K, used 0K [0x00000007c0000000, 0x00000007c2a80000, 0x00000007eaa80000)
  object space 43520K, 0% used [0x00000007c0000000,0x00000007c0000000,0x00000007c2a80000)
 PSPermGen       total 21504K, used 10411K [0x00000007bae00000, 0x00000007bc300000, 0x00000007c0000000)
  object space 21504K, 48% used [0x00000007bae00000,0x00000007bb82af60,0x00000007bc300000)

Card table byte_map: [0x00000001045f3000,0x000000010481d000] byte_map_base: 0x000000010081c000

Polling page: 0x0000000100beb000

Code Cache  [0x0000000101533000, 0x00000001017a3000, 0x0000000104533000)
 total_blobs=531 nmethods=35 adapters=451 free_code_cache=48551Kb largest_free_block=49698688

Compilation events (10 events):
Event: 2.805 Thread 0x00007fab7183c000 nmethod 30 0x00000001015bd450 code [0x00000001015bd5a0, 0x00000001015bd6b8]
Event: 2.807 Thread 0x00007fab7101d800 nmethod 31 0x00000001015c2390 code [0x00000001015c24e0, 0x00000001015c2678]
Event: 2.807 Thread 0x00007fab7183c000   32             java.lang.StringBuilder::toString (17 bytes)
Event: 2.809 Thread 0x00007fab7101d800   33             java.lang.StringBuilder::<init> (7 bytes)
Event: 2.811 Thread 0x00007fab7101d800 nmethod 33 0x00000001015c27d0 code [0x00000001015c2920, 0x00000001015c2a18]
Event: 2.811 Thread 0x00007fab7183c000 nmethod 32 0x00000001015c1950 code [0x00000001015c1aa0, 0x00000001015c1d98]
Event: 2.831 Thread 0x00007fab7101d800   34             java.lang.Class::searchMethods (90 bytes)
Event: 2.831 Thread 0x00007fab7183c000   35             java.lang.reflect.Method::getName (5 bytes)
Event: 2.832 Thread 0x00007fab7183c000 nmethod 35 0x00000001015cbc50 code [0x00000001015cbd80, 0x00000001015cbdf8]
Event: 2.837 Thread 0x00007fab7101d800 nmethod 34 0x00000001015c9f50 code [0x00000001015ca100, 0x00000001015ca400]

GC Heap History (0 events):
No events

Deoptimization events (0 events):
No events

Internal exceptions (10 events):
Event: 2.745 Thread 0x00007fab708d6000 Threw 0x00000007eb3a8a28 at /HUDSON/workspace/jdk7u40-2-build-macosx-amd64-product/jdk7u40/hotspot/src/share/vm/prims/jvm.cpp:1244
Event: 2.767 Thread 0x00007fab7109e800 Threw 0x00000007eb035490 at /HUDSON/workspace/jdk7u40-2-build-macosx-amd64-product/jdk7u40/hotspot/src/share/vm/prims/jvm.cpp:1244
Event: 2.779 Thread 0x00007fab7109e800 Threw 0x00000007eb45ed08 at /HUDSON/workspace/jdk7u40-2-build-macosx-amd64-product/jdk7u40/hotspot/src/share/vm/prims/jvm.cpp:1244
Event: 2.799 Thread 0x00007fab7109e800 Threw 0x00000007eb4d7930 at /HUDSON/workspace/jdk7u40-2-build-macosx-amd64-product/jdk7u40/hotspot/src/share/vm/prims/jvm.cpp:1244
Event: 2.803 Thread 0x00007fab72158800 Threw 0x00000007eb503a80 at /HUDSON/workspace/jdk7u40-2-build-macosx-amd64-product/jdk7u40/hotspot/src/share/vm/prims/jvm.cpp:1244
Event: 2.806 Thread 0x00007fab72158800 Threw 0x00000007eb51dd00 at /HUDSON/workspace/jdk7u40-2-build-macosx-amd64-product/jdk7u40/hotspot/src/share/vm/prims/jvm.cpp:1244
Event: 2.807 Thread 0x00007fab72158800 Threw 0x00000007eb528698 at /HUDSON/workspace/jdk7u40-2-build-macosx-amd64-product/jdk7u40/hotspot/src/share/vm/prims/jvm.cpp:1244
Event: 2.819 Thread 0x00007fab72158800 Threw 0x00000007eb55d2e8 at /HUDSON/workspace/jdk7u40-2-build-macosx-amd64-product/jdk7u40/hotspot/src/share/vm/prims/jvm.cpp:1244
Event: 2.828 Thread 0x00007fab72158800 Threw 0x00000007eb59a820 at /HUDSON/workspace/jdk7u40-2-build-macosx-amd64-product/jdk7u40/hotspot/src/share/vm/prims/jvm.cpp:1244
Event: 2.830 Thread 0x00007fab72158800 Threw 0x00000007eb5a38e0 at /HUDSON/workspace/jdk7u40-2-build-macosx-amd64-product/jdk7u40/hotspot/src/share/vm/prims/jvm.cpp:1244

Events (10 events):
Event: 2.811 loading class 0x00000001072a05b0
Event: 2.811 loading class 0x00000001072a05b0 done
Event: 2.812 loading class 0x00000001072ad630
Event: 2.813 loading class 0x00000001072ad630 done
Event: 2.819 loading class 0x00007fab704e2220
Event: 2.819 loading class 0x00007fab704e2220 done
Event: 2.828 loading class 0x00007fab704ccce0
Event: 2.828 loading class 0x00007fab704ccce0 done
Event: 2.829 loading class 0x00007fab706c81f0
Event: 2.829 loading class 0x00007fab706c81f0 done


Dynamic libraries:
0x0000000000007000 	/System/Library/Frameworks/Cocoa.framework/Versions/A/Cocoa
0x0000000000007000 	/System/Library/Frameworks/Security.framework/Versions/A/Security
0x0000000000007000 	/System/Library/Frameworks/ApplicationServices.framework/Versions/A/ApplicationServices
0x0000000000007000 	/usr/lib/libz.1.dylib
0x0000000000007000 	/usr/lib/libSystem.B.dylib
0x0000000000007000 	/usr/lib/libobjc.A.dylib
0x0000000000007000 	/System/Library/Frameworks/CoreFoundation.framework/Versions/A/CoreFoundation
0x0000000000007000 	/System/Library/Frameworks/Foundation.framework/Versions/C/Foundation
0x0000000000007000 	/System/Library/Frameworks/AppKit.framework/Versions/C/AppKit
0x0000000000007000 	/System/Library/Frameworks/CoreData.framework/Versions/A/CoreData
0x0000000000007000 	/System/Library/PrivateFrameworks/RemoteViewServices.framework/Versions/A/RemoteViewServices
0x0000000000007000 	/System/Library/Frameworks/AudioToolbox.framework/Versions/A/AudioToolbox
0x0000000000007000 	/System/Library/Frameworks/AudioUnit.framework/Versions/A/AudioUnit
0x0000000000007000 	/System/Library/PrivateFrameworks/DataDetectorsCore.framework/Versions/A/DataDetectorsCore
0x0000000000007000 	/System/Library/PrivateFrameworks/DesktopServicesPriv.framework/Versions/A/DesktopServicesPriv
0x0000000000007000 	/System/Library/Frameworks/Carbon.framework/Versions/A/Frameworks/HIToolbox.framework/Versions/A/HIToolbox
0x0000000000007000 	/System/Library/Frameworks/QuartzCore.framework/Versions/A/QuartzCore
0x0000000000007000 	/System/Library/Frameworks/Carbon.framework/Versions/A/Frameworks/SpeechRecognition.framework/Versions/A/SpeechRecognition
0x0000000000007000 	/usr/lib/libauto.dylib
0x0000000000007000 	/usr/lib/libicucore.A.dylib
0x0000000000007000 	/usr/lib/libxml2.2.dylib
0x0000000000007000 	/System/Library/PrivateFrameworks/CoreUI.framework/Versions/A/CoreUI
0x0000000000007000 	/System/Library/Frameworks/CoreAudio.framework/Versions/A/CoreAudio
0x0000000000007000 	/System/Library/Frameworks/DiskArbitration.framework/Versions/A/DiskArbitration
0x0000000000007000 	/usr/lib/liblangid.dylib
0x0000000000007000 	/System/Library/PrivateFrameworks/MultitouchSupport.framework/Versions/A/MultitouchSupport
0x0000000000007000 	/System/Library/Frameworks/IOKit.framework/Versions/A/IOKit
0x0000000000007000 	/usr/lib/libDiagnosticMessagesClient.dylib
0x0000000000007000 	/System/Library/Frameworks/CoreServices.framework/Versions/A/CoreServices
0x0000000000007000 	/System/Library/PrivateFrameworks/PerformanceAnalysis.framework/Versions/A/PerformanceAnalysis
0x0000000000007000 	/System/Library/PrivateFrameworks/GenerationalStorage.framework/Versions/A/GenerationalStorage
0x0000000000007000 	/System/Library/Frameworks/OpenGL.framework/Versions/A/OpenGL
0x0000000000007000 	/System/Library/PrivateFrameworks/Sharing.framework/Versions/A/Sharing
0x0000000000007000 	/System/Library/Frameworks/ImageIO.framework/Versions/A/ImageIO
0x0000000000007000 	/System/Library/Frameworks/CoreText.framework/Versions/A/CoreText
0x0000000000007000 	/System/Library/Frameworks/CoreGraphics.framework/Versions/A/CoreGraphics
0x0000000000007000 	/System/Library/PrivateFrameworks/Backup.framework/Versions/A/Backup
0x0000000000007000 	/System/Library/Frameworks/CFNetwork.framework/Versions/A/CFNetwork
0x0000000000007000 	/System/Library/Frameworks/SystemConfiguration.framework/Versions/A/SystemConfiguration
0x0000000000007000 	/usr/lib/libCRFSuite.dylib
0x0000000000007000 	/usr/lib/libc++.1.dylib
0x0000000000007000 	/usr/lib/libc++abi.dylib
0x0000000000007000 	/usr/lib/system/libcache.dylib
0x0000000000007000 	/usr/lib/system/libcommonCrypto.dylib
0x0000000000007000 	/usr/lib/system/libcompiler_rt.dylib
0x0000000000007000 	/usr/lib/system/libcopyfile.dylib
0x0000000000007000 	/usr/lib/system/libcorecrypto.dylib
0x0000000000007000 	/usr/lib/system/libdispatch.dylib
0x0000000000007000 	/usr/lib/system/libdyld.dylib
0x0000000000007000 	/usr/lib/system/libkeymgr.dylib
0x0000000000007000 	/usr/lib/system/liblaunch.dylib
0x0000000000007000 	/usr/lib/system/libmacho.dylib
0x0000000000007000 	/usr/lib/system/libquarantine.dylib
0x0000000000007000 	/usr/lib/system/libremovefile.dylib
0x0000000000007000 	/usr/lib/system/libsystem_asl.dylib
0x0000000000007000 	/usr/lib/system/libsystem_blocks.dylib
0x0000000000007000 	/usr/lib/system/libsystem_c.dylib
0x0000000000007000 	/usr/lib/system/libsystem_configuration.dylib
0x0000000000007000 	/usr/lib/system/libsystem_dnssd.dylib
0x0000000000007000 	/usr/lib/system/libsystem_info.dylib
0x0000000000007000 	/usr/lib/system/libsystem_kernel.dylib
0x0000000000007000 	/usr/lib/system/libsystem_m.dylib
0x0000000000007000 	/usr/lib/system/libsystem_malloc.dylib
0x0000000000007000 	/usr/lib/system/libsystem_network.dylib
0x0000000000007000 	/usr/lib/system/libsystem_notify.dylib
0x0000000000007000 	/usr/lib/system/libsystem_platform.dylib
0x0000000000007000 	/usr/lib/system/libsystem_pthread.dylib
0x0000000000007000 	/usr/lib/system/libsystem_sandbox.dylib
0x0000000000007000 	/usr/lib/system/libsystem_stats.dylib
0x0000000000007000 	/usr/lib/system/libunc.dylib
0x0000000000007000 	/usr/lib/system/libunwind.dylib
0x0000000000007000 	/usr/lib/system/libxpc.dylib
0x0000000000007000 	/usr/lib/libbsm.0.dylib
0x0000000000007000 	/usr/lib/libsqlite3.dylib
0x0000000000007000 	/usr/lib/libxar.1.dylib
0x0000000000007000 	/usr/lib/libpam.2.dylib
0x0000000000007000 	/usr/lib/libOpenScriptingUtil.dylib
0x0000000000007000 	/usr/lib/libbz2.1.0.dylib
0x0000000000007000 	/System/Library/Frameworks/CoreServices.framework/Versions/A/Frameworks/CarbonCore.framework/Versions/A/CarbonCore
0x0000000000007000 	/System/Library/Frameworks/CoreServices.framework/Versions/A/Frameworks/Metadata.framework/Versions/A/Metadata
0x0000000000007000 	/System/Library/Frameworks/CoreServices.framework/Versions/A/Frameworks/OSServices.framework/Versions/A/OSServices
0x0000000000007000 	/System/Library/Frameworks/CoreServices.framework/Versions/A/Frameworks/SearchKit.framework/Versions/A/SearchKit
0x0000000000007000 	/System/Library/Frameworks/CoreServices.framework/Versions/A/Frameworks/AE.framework/Versions/A/AE
0x0000000000007000 	/System/Library/Frameworks/CoreServices.framework/Versions/A/Frameworks/LaunchServices.framework/Versions/A/LaunchServices
0x0000000000007000 	/System/Library/Frameworks/CoreServices.framework/Versions/A/Frameworks/DictionaryServices.framework/Versions/A/DictionaryServices
0x0000000000007000 	/System/Library/Frameworks/NetFS.framework/Versions/A/NetFS
0x0000000000007000 	/usr/lib/system/libkxld.dylib
0x0000000000007000 	/System/Library/PrivateFrameworks/NetAuth.framework/Versions/A/NetAuth
0x0000000000007000 	/System/Library/PrivateFrameworks/TCC.framework/Versions/A/TCC
0x0000000000007000 	/System/Library/Frameworks/OpenDirectory.framework/Versions/A/Frameworks/CFOpenDirectory.framework/Versions/A/CFOpenDirectory
0x0000000000007000 	/System/Library/Frameworks/ServiceManagement.framework/Versions/A/ServiceManagement
0x0000000000007000 	/usr/lib/libxslt.1.dylib
0x0000000000007000 	/System/Library/Frameworks/Carbon.framework/Versions/A/Frameworks/Ink.framework/Versions/A/Ink
0x0000000000007000 	/System/Library/Frameworks/ApplicationServices.framework/Versions/A/Frameworks/ATS.framework/Versions/A/ATS
0x0000000000007000 	/System/Library/Frameworks/ApplicationServices.framework/Versions/A/Frameworks/ColorSync.framework/Versions/A/ColorSync
0x0000000000007000 	/System/Library/Frameworks/ApplicationServices.framework/Versions/A/Frameworks/HIServices.framework/Versions/A/HIServices
0x0000000000007000 	/System/Library/Frameworks/ApplicationServices.framework/Versions/A/Frameworks/LangAnalysis.framework/Versions/A/LangAnalysis
0x0000000000007000 	/System/Library/Frameworks/ApplicationServices.framework/Versions/A/Frameworks/PrintCore.framework/Versions/A/PrintCore
0x0000000000007000 	/System/Library/Frameworks/ApplicationServices.framework/Versions/A/Frameworks/QD.framework/Versions/A/QD
0x0000000000007000 	/System/Library/Frameworks/ApplicationServices.framework/Versions/A/Frameworks/SpeechSynthesis.framework/Versions/A/SpeechSynthesis
0x0000000000007000 	/System/Library/Frameworks/IOSurface.framework/Versions/A/IOSurface
0x0000000000007000 	/System/Library/Frameworks/Accelerate.framework/Versions/A/Accelerate
0x0000000000007000 	/System/Library/Frameworks/Accelerate.framework/Versions/A/Frameworks/vImage.framework/Versions/A/vImage
0x0000000000007000 	/System/Library/Frameworks/Accelerate.framework/Versions/A/Frameworks/vecLib.framework/Versions/A/vecLib
0x0000000000007000 	/System/Library/Frameworks/Accelerate.framework/Versions/A/Frameworks/vecLib.framework/Versions/A/libvDSP.dylib
0x0000000000007000 	/System/Library/Frameworks/Accelerate.framework/Versions/A/Frameworks/vecLib.framework/Versions/A/libvMisc.dylib
0x0000000000007000 	/System/Library/Frameworks/Accelerate.framework/Versions/A/Frameworks/vecLib.framework/Versions/A/libLAPACK.dylib
0x0000000000007000 	/System/Library/Frameworks/Accelerate.framework/Versions/A/Frameworks/vecLib.framework/Versions/A/libBLAS.dylib
0x0000000000007000 	/System/Library/Frameworks/ApplicationServices.framework/Versions/A/Frameworks/ATS.framework/Versions/A/Resources/libFontParser.dylib
0x0000000000007000 	/System/Library/Frameworks/ApplicationServices.framework/Versions/A/Frameworks/ATS.framework/Versions/A/Resources/libFontRegistry.dylib
0x0000000000007000 	/System/Library/Frameworks/ImageIO.framework/Versions/A/Resources/libJPEG.dylib
0x0000000000007000 	/System/Library/Frameworks/ImageIO.framework/Versions/A/Resources/libTIFF.dylib
0x0000000000007000 	/System/Library/Frameworks/ImageIO.framework/Versions/A/Resources/libPng.dylib
0x0000000000007000 	/System/Library/Frameworks/ImageIO.framework/Versions/A/Resources/libGIF.dylib
0x0000000000007000 	/System/Library/Frameworks/ImageIO.framework/Versions/A/Resources/libJP2.dylib
0x0000000000007000 	/System/Library/Frameworks/ImageIO.framework/Versions/A/Resources/libRadiance.dylib
0x0000000000007000 	/usr/lib/libcups.2.dylib
0x0000000000007000 	/System/Library/Frameworks/Kerberos.framework/Versions/A/Kerberos
0x0000000000007000 	/System/Library/Frameworks/GSS.framework/Versions/A/GSS
0x0000000000007000 	/usr/lib/libresolv.9.dylib
0x0000000000007000 	/usr/lib/libiconv.2.dylib
0x0000000000007000 	/System/Library/PrivateFrameworks/Heimdal.framework/Versions/A/Heimdal
0x0000000000007000 	/System/Library/PrivateFrameworks/TrustEvaluationAgent.framework/Versions/A/TrustEvaluationAgent
0x0000000000007000 	/usr/lib/libheimdal-asn1.dylib
0x0000000000007000 	/System/Library/Frameworks/OpenDirectory.framework/Versions/A/OpenDirectory
0x0000000000007000 	/System/Library/PrivateFrameworks/CommonAuth.framework/Versions/A/CommonAuth
0x0000000000007000 	/System/Library/Frameworks/SecurityFoundation.framework/Versions/A/SecurityFoundation
0x0000000000007000 	/System/Library/PrivateFrameworks/Bom.framework/Versions/A/Bom
0x0000000000007000 	/System/Library/Frameworks/CoreVideo.framework/Versions/A/CoreVideo
0x0000000000007000 	/System/Library/Frameworks/QuartzCore.framework/Versions/A/Frameworks/CoreImage.framework/Versions/A/CoreImage
0x0000000000007000 	/System/Library/Frameworks/QuartzCore.framework/Versions/A/Frameworks/ScalableUserInterface.framework/Versions/A/ScalableUserInterface
0x0000000000007000 	/System/Library/Frameworks/OpenGL.framework/Versions/A/Libraries/libGLU.dylib
0x0000000000007000 	/System/Library/Frameworks/OpenGL.framework/Versions/A/Libraries/libGFXShared.dylib
0x0000000000007000 	/System/Library/Frameworks/OpenGL.framework/Versions/A/Libraries/libGL.dylib
0x0000000000007000 	/System/Library/Frameworks/OpenGL.framework/Versions/A/Libraries/libGLImage.dylib
0x0000000000007000 	/System/Library/Frameworks/OpenGL.framework/Versions/A/Libraries/libCVMSPluginSupport.dylib
0x0000000000007000 	/System/Library/Frameworks/OpenGL.framework/Versions/A/Libraries/libCoreVMClient.dylib
0x0000000000007000 	/System/Library/PrivateFrameworks/FaceCore.framework/Versions/A/FaceCore
0x0000000000007000 	/System/Library/PrivateFrameworks/CrashReporterSupport.framework/Versions/A/CrashReporterSupport
0x0000000000007000 	/System/Library/Frameworks/OpenCL.framework/Versions/A/OpenCL
0x0000000000007000 	/System/Library/PrivateFrameworks/AppleFSCompression.framework/Versions/A/AppleFSCompression
0x0000000000007000 	/System/Library/PrivateFrameworks/Ubiquity.framework/Versions/A/Ubiquity
0x0000000000007000 	/System/Library/PrivateFrameworks/IconServices.framework/Versions/A/IconServices
0x0000000000007000 	/System/Library/PrivateFrameworks/ChunkingLibrary.framework/Versions/A/ChunkingLibrary
0x0000000000007000 	/System/Library/PrivateFrameworks/CoreSymbolication.framework/Versions/A/CoreSymbolication
0x0000000000007000 	/System/Library/PrivateFrameworks/Symbolication.framework/Versions/A/Symbolication
0x0000000000007000 	/System/Library/PrivateFrameworks/DebugSymbols.framework/Versions/A/DebugSymbols
0x0000000100176000 	/Library/Java/JavaVirtualMachines/jdk1.7.0_40.jdk/Contents/Home/jre/lib/server/libjvm.dylib
0x0000000000007000 	/usr/lib/libstdc++.6.dylib
0x0000000100bde000 	/Library/Java/JavaVirtualMachines/jdk1.7.0_40.jdk/Contents/Home/jre/lib/libverify.dylib
0x0000000101503000 	/Library/Java/JavaVirtualMachines/jdk1.7.0_40.jdk/Contents/Home/jre/lib/libjava.dylib
0x0000000100bf5000 	/Library/Java/JavaVirtualMachines/jdk1.7.0_40.jdk/Contents/Home/jre/lib/libzip.dylib
0x0000000108836000 	/System/Library/Frameworks/JavaVM.framework/Frameworks/JavaRuntimeSupport.framework/JavaRuntimeSupport
0x000000010884e000 	/System/Library/Frameworks/JavaVM.framework/Versions/A/Frameworks/JavaNativeFoundation.framework/Versions/A/JavaNativeFoundation
0x0000000108863000 	/System/Library/Frameworks/JavaVM.framework/Versions/A/JavaVM
0x0000000000007000 	/System/Library/Frameworks/Carbon.framework/Versions/A/Carbon
0x0000000108870000 	/System/Library/PrivateFrameworks/JavaLaunching.framework/Versions/A/JavaLaunching
0x0000000000007000 	/System/Library/Frameworks/Carbon.framework/Versions/A/Frameworks/CommonPanels.framework/Versions/A/CommonPanels
0x0000000000007000 	/System/Library/Frameworks/Carbon.framework/Versions/A/Frameworks/Help.framework/Versions/A/Help
0x0000000000007000 	/System/Library/Frameworks/Carbon.framework/Versions/A/Frameworks/ImageCapture.framework/Versions/A/ImageCapture
0x0000000000007000 	/System/Library/Frameworks/Carbon.framework/Versions/A/Frameworks/OpenScripting.framework/Versions/A/OpenScripting
0x0000000000007000 	/System/Library/Frameworks/Carbon.framework/Versions/A/Frameworks/Print.framework/Versions/A/Print
0x0000000000007000 	/System/Library/Frameworks/Carbon.framework/Versions/A/Frameworks/SecurityHI.framework/Versions/A/SecurityHI
0x0000000108e92000 	/Library/Java/JavaVirtualMachines/jdk1.7.0_40.jdk/Contents/Home/jre/lib/libawt.dylib
0x0000000108f41000 	/Library/Java/JavaVirtualMachines/jdk1.7.0_40.jdk/Contents/Home/jre/lib/./libmlib_image.dylib
0x000000010900d000 	/Library/Java/JavaVirtualMachines/jdk1.7.0_40.jdk/Contents/Home/jre/lib/lwawt/liblwawt.dylib
0x00000001090c1000 	/Library/Java/JavaVirtualMachines/jdk1.7.0_40.jdk/Contents/Home/jre/lib/libosxapp.dylib
0x0000000000007000 	/System/Library/Frameworks/ExceptionHandling.framework/Versions/A/ExceptionHandling
0x0000000000007000 	/System/Library/PrivateFrameworks/CoreServicesInternal.framework/Versions/A/CoreServicesInternal
0x0000000000007000 	/System/Library/PrivateFrameworks/Librarian.framework/Versions/A/Librarian
0x0000000000007000 	/System/Library/Frameworks/CoreGraphics.framework/Versions/A/Resources/libCGCMS.A.dylib
0x0000000000007000 	/System/Library/Frameworks/CoreGraphics.framework/Versions/A/Resources/libRIP.A.dylib
0x0000000000007000 	/System/Library/Frameworks/CoreGraphics.framework/Versions/A/Resources/libCGXType.A.dylib
0x0000000000007000 	/System/Library/PrivateFrameworks/FamilyControls.framework/Versions/A/FamilyControls
0x0000000000007000 	/System/Library/PrivateFrameworks/CommerceKit.framework/Versions/A/Frameworks/CommerceCore.framework/Versions/A/CommerceCore
0x0000000000007000 	/System/Library/PrivateFrameworks/SystemAdministration.framework/Versions/A/SystemAdministration
0x0000000000007000 	/System/Library/Frameworks/DirectoryService.framework/Versions/A/DirectoryService
0x0000000000007000 	/System/Library/PrivateFrameworks/DiskImages.framework/Versions/A/DiskImages
0x0000000000007000 	/System/Library/PrivateFrameworks/LoginUIKit.framework/Versions/A/Frameworks/LoginUICore.framework/Versions/A/LoginUICore
0x0000000000007000 	/usr/lib/libCoreStorage.dylib
0x0000000000007000 	/usr/lib/libcsfde.dylib
0x0000000000007000 	/usr/lib/libodfde.dylib
0x0000000000007000 	/System/Library/Frameworks/DiscRecording.framework/Versions/A/DiscRecording
0x0000000000007000 	/usr/lib/libcurl.4.dylib
0x0000000000007000 	/System/Library/PrivateFrameworks/MediaKit.framework/Versions/A/MediaKit
0x0000000000007000 	/System/Library/PrivateFrameworks/EFILogin.framework/Versions/A/EFILogin
0x0000000000007000 	/usr/lib/libutil.dylib
0x0000000000007000 	/System/Library/PrivateFrameworks/AOSNotification.framework/Versions/A/AOSNotification
0x0000000000007000 	/System/Library/Frameworks/LDAP.framework/Versions/A/LDAP
0x0000000000007000 	/usr/lib/libsasl2.2.dylib
0x0000000000007000 	/usr/lib/libcrypto.0.9.8.dylib
0x0000000000007000 	/usr/lib/libssl.0.9.8.dylib
0x0000000000007000 	/System/Library/Frameworks/OpenGL.framework/Versions/A/Resources/GLEngine.bundle/GLEngine
0x0000000000007000 	/System/Library/Frameworks/OpenGL.framework/Versions/A/Libraries/libGLProgrammability.dylib
0x0000000000000000 	/System/Library/Extensions/AppleIntelHD5000GraphicsGLDriver.bundle/Contents/MacOS/AppleIntelHD5000GraphicsGLDriver
0x0000000000007000 	/System/Library/PrivateFrameworks/IOAccelerator.framework/Versions/A/IOAccelerator
0x0000000000007000 	/System/Library/PrivateFrameworks/GPUSupport.framework/Versions/A/Libraries/libGPUSupportMercury.dylib
0x0000000000007000 	/System/Library/Frameworks/OpenGL.framework/Versions/A/Resources/GLRendererFloat.bundle/GLRendererFloat
0x0000000000007000 	/System/Library/Frameworks/OpenCL.framework/Versions/A/Libraries/libcldcpuengine.dylib
0x000000010dfe1000 	/Library/Java/JavaVirtualMachines/jdk1.7.0_40.jdk/Contents/Home/jre/lib/libfontmanager.dylib
0x000000010f7dc000 	/Library/Java/JavaVirtualMachines/jdk1.7.0_40.jdk/Contents/Home/jre/lib/libosxui.dylib
0x000000010fab2000 	/Library/Java/JavaVirtualMachines/jdk1.7.0_40.jdk/Contents/Home/jre/lib/libnet.dylib
0x000000010fb0f000 	/Library/Java/JavaVirtualMachines/jdk1.7.0_40.jdk/Contents/Home/jre/lib/libnio.dylib
0x000000010ff5b000 	/Users/Saga/Desktop/Kinect/eclipseWorkspace/TestKinect/lib/user/SimpleOpenNI/libSimpleOpenNI.jnilib
0x0000000110044000 	/usr/lib/libOpenNI.dylib
0x00000001100d5000 	/usr/lib/libXnVNite_1_5_2.dylib
0x000000011018d000 	/opt/local/lib/libusb-1.0.0.dylib
0x00000001101a4000 	/usr/lib/libnimMockNodes.dylib
0x00000001101df000 	/usr/lib/libnimCodecs.dylib
0x0000000110242000 	/usr/lib/libnimRecorder.dylib
0x000000011026f000 	/usr/lib/libXnDeviceSensorV2KM.dylib
0x000000010f87b000 	/usr/lib/libXnCore.dylib
0x0000000110315000 	/usr/lib/libXnFormats.dylib
0x000000011035f000 	/usr/lib/libXnDDK.dylib
0x00000001103a9000 	/usr/lib/libXnDeviceFile.dylib
0x00000001103de000 	/usr/lib/libXnVFeatures_1_5_2.dylib
0x0000000110867000 	/usr/lib/libXnVHandGenerator_1_5_2.dylib
0x0000000110975000 	/System/Library/Extensions/IOUSBFamily.kext/Contents/PlugIns/IOUSBLib.bundle/Contents/MacOS/IOUSBLib

VM Arguments:
jvm_args: -Djava.library.path=/Users/Saga/Desktop/Kinect/eclipseWorkspace/TestKinect/lib/base/core:/Users/Saga/Desktop/Kinect/eclipseWorkspace/TestKinect/lib/base/core:/Users/Saga/Desktop/Kinect/eclipseWorkspace/TestKinect/lib/base/core:/Users/Saga/Desktop/Kinect/eclipseWorkspace/TestKinect/lib/base/core:/Users/Saga/Desktop/Kinect/eclipseWorkspace/TestKinect/lib/base/core:/Users/Saga/Desktop/Kinect/eclipseWorkspace/TestKinect/lib/base/core:/Users/Saga/Desktop/Kinect/eclipseWorkspace/TestKinect/lib/base/core:/Users/Saga/Desktop/Kinect/eclipseWorkspace/TestKinect/lib/base/core:/Users/Saga/Desktop/Kinect/eclipseWorkspace/TestKinect/lib/base/core:/Users/Saga/Desktop/Kinect/eclipseWorkspace/TestKinect/lib/base/core:/Users/Saga/Desktop/Kinect/eclipseWorkspace/TestKinect/lib/base/core:/Users/Saga/Desktop/Kinect/eclipseWorkspace/TestKinect/lib/base/core:/Users/Saga/Desktop/Kinect/eclipseWorkspace/TestKinect/lib/base/core:/Users/Saga/Desktop/Kinect/eclipseWorkspace/TestKinect/lib/base/core:/Users/Saga/Desktop/Kinect/eclipseWorkspace/TestKinect/lib/base/core:/Users/Saga/Desktop/Kinect/eclipseWorkspace/TestKinect/lib/user/SimpleOpenNI -Djava.security.policy=java.policy.applet -Dfile.encoding=US-ASCII 
java_command: sun.applet.AppletViewer testkinect.JavaKinectProclipsingExample1417036665970.html
Launcher Type: SUN_STANDARD

Environment Variables:
PATH=/usr/bin:/bin:/usr/sbin:/sbin
SHELL=/bin/bash
DISPLAY=/tmp/launch-77R32P/org.macosforge.xquartz:0

Signal Handlers:
SIGSEGV: [libjvm.dylib+0x524b25], sa_mask[0]=0xfffefeff, sa_flags=0x00000043
SIGBUS: [libjvm.dylib+0x524b25], sa_mask[0]=0xfffefeff, sa_flags=0x00000042
SIGFPE: [libjvm.dylib+0x4180e6], sa_mask[0]=0xfffefeff, sa_flags=0x00000042
SIGPIPE: [libjvm.dylib+0x4180e6], sa_mask[0]=0xfffefeff, sa_flags=0x00000042
SIGXFSZ: [libjvm.dylib+0x4180e6], sa_mask[0]=0xfffefeff, sa_flags=0x00000042
SIGILL: [libjvm.dylib+0x4180e6], sa_mask[0]=0xfffefeff, sa_flags=0x00000042
SIGUSR1: SIG_DFL, sa_mask[0]=0x00000000, sa_flags=0x00000002
SIGUSR2: [libjvm.dylib+0x417bd8], sa_mask[0]=0x00000004, sa_flags=0x00000042
SIGHUP: [libjvm.dylib+0x415e67], sa_mask[0]=0xfffefeff, sa_flags=0x00000042
SIGINT: [libjvm.dylib+0x415e67], sa_mask[0]=0xfffefeff, sa_flags=0x00000042
SIGTERM: [libjvm.dylib+0x415e67], sa_mask[0]=0xfffefeff, sa_flags=0x00000042
SIGQUIT: [libjvm.dylib+0x415e67], sa_mask[0]=0xfffefeff, sa_flags=0x00000042


---------------  S Y S T E M  ---------------

OS:Bsduname:Darwin 13.4.0 Darwin Kernel Version 13.4.0: Sun Aug 17 19:50:11 PDT 2014; root:xnu-2422.115.4~1/RELEASE_X86_64 x86_64
rlimit: STACK 8192k, CORE 0k, NPROC 709, NOFILE 10240, AS infinity
load average:2.62 3.00 3.42

CPU:total 4 (2 cores per cpu, 2 threads per core) family 6 model 69 stepping 1, cmov, cx8, fxsr, mmx, sse, sse2, sse3, ssse3, sse4.1, sse4.2, popcnt, avx, avx2, aes, erms, ht, tsc, tscinvbit

Memory: 4k page, physical 4194304k(1048576k free)

/proc/meminfo:


vm_info: Java HotSpot(TM) 64-Bit Server VM (24.0-b56) for bsd-amd64 JRE (1.7.0_40-b43), built on Aug 26 2013 21:29:19 by "java_re" with gcc 4.2.1 (Based on Apple Inc. build 5658) (LLVM build 2336.11.00)

time: Wed Nov 26 16:17:48 2014
elapsed time: 2 seconds

