#
# A fatal error has been detected by the Java Runtime Environment:
#
#  SIGSEGV (0xb) at pc=0x00000001171dd9c0, pid=37206, tid=57611
#
# JRE version: Java(TM) SE Runtime Environment (7.0_40-b43) (build 1.7.0_40-b43)
# Java VM: Java HotSpot(TM) 64-Bit Server VM (24.0-b56 mixed mode bsd-amd64 compressed oops)
# Problematic frame:
# C  [libOpenNI.dylib+0x299c0]  xnSetSkeletonProfile+0x10
#
# Failed to write core dump. Core dumps have been disabled. To enable core dumping, try "ulimit -c unlimited" before starting Java again
#
# If you would like to submit a bug report, please visit:
#   http://bugreport.sun.com/bugreport/crash.jsp
# The crash happened outside the Java Virtual Machine in native code.
# See problematic frame for where to report the bug.
#

---------------  T H R E A D  ---------------

Current thread (0x00007fea1b802800):  JavaThread "Animation Thread" [_thread_in_native, id=57611, stack(0x0000000118c31000,0x0000000118d31000)]

siginfo:si_signo=SIGSEGV: si_errno=0, si_code=1 (SEGV_MAPERR), si_addr=0x0000000000000000

Registers:
RAX=0x0000000000010004, RBX=0x0000000000000002, RCX=0x0000000118d305c8, RDX=0x0000000000000000
RSP=0x0000000118d304c0, RBP=0x0000000118d304e0, RSI=0x0000000000000002, RDI=0x0000000000000000
R8 =0x0000000000000000, R9 =0x0000000000000014, R10=0x0000000108b6766c, R11=0x000000010846f9af
R12=0x0000000000000000, R13=0x00007fea1980d000, R14=0x0000000000000000, R15=0x00007fea1b802800
RIP=0x00000001171dd9c0, EFLAGS=0x0000000000010206, ERR=0x0000000000000004
  TRAPNO=0x000000000000000e

Top of Stack: (sp=0x0000000118d304c0)
0x0000000118d304c0:   0000000000000001 0000000118d305c8
0x0000000118d304d0:   0000000000000001 0000000000000002
0x0000000118d304e0:   0000000118d30600 00000001172d1bb8
0x0000000118d304f0:   00007fea1b802800 0000000108b5a310
0x0000000118d30500:   01000000000000b2 0000000118d306b0
0x0000000118d30510:   00007fea12718818 00007fea1b12ef40
0x0000000118d30520:   00007fea12541640 00007fea1b802800
0x0000000118d30530:   000000000000002b 00000007bb690498
0x0000000118d30540:   0000000118d30560 00000001083ff0c2
0x0000000118d30550:   0000000118d30620 0000000118d305e8
0x0000000118d30560:   0000000118d30580 00000001083fabf8
0x0000000118d30570:   0000000118d305e8 0000000118d305e8
0x0000000118d30580:   0000000118d305a0 00000001081f376c
0x0000000118d30590:   00007fea1b802800 00000007bb84486c
0x0000000118d305a0:   0000000118d30630 00000001082d32d6
0x0000000118d305b0:   0000000000000000 0000000000000000
0x0000000118d305c0:   0000000108b69130 0000000108b5a310
0x0000000118d305d0:   0000000100000000 00000007bb872678
0x0000000118d305e0:   0000000000000000 00000007bb872678
0x0000000118d305f0:   0000000118d306d8 00007fea1b802800
0x0000000118d30600:   0000000118d30610 00000001172d22aa
0x0000000118d30610:   0000000118d30630 0000000117291427
0x0000000118d30620:   0000000118d30670 00007fea1980d000
0x0000000118d30630:   0000000118d306a0 0000000108b67698
0x0000000118d30640:   00000007bb840728 00000007bb840728
0x0000000118d30650:   0000000118d306c0 00000001082d2c84
0x0000000118d30660:   0000000118d30660 0000000000000000
0x0000000118d30670:   0000000118d306d8 00000007bb8994f0
0x0000000118d30680:   0000000000000000 00000007bb872678
0x0000000118d30690:   0000000000000000 0000000118d306c0
0x0000000118d306a0:   0000000118d30720 0000000108b5b350
0x0000000118d306b0:   00000007c1478690 0000000108b63cc0 

Instructions: (pc=0x00000001171dd9c0)
0x00000001171dd9a0:   04 31 c0 5d c3 48 8b 79 08 5d ff e0 0f 1f 40 00
0x00000001171dd9b0:   55 48 89 e5 41 56 53 48 83 ec 10 89 f3 49 89 fe
0x00000001171dd9c0:   49 8b 0e b8 12 00 01 00 83 79 10 00 74 68 48 8b
0x00000001171dd9d0:   49 08 b8 12 00 01 00 f6 41 03 02 74 59 48 c7 45 

Register to memory mapping:

RAX=0x0000000000010004 is an unknown value
RBX=0x0000000000000002 is an unknown value
RCX=0x0000000118d305c8 is pointing into the stack for thread: 0x00007fea1b802800
RDX=0x0000000000000000 is an unknown value
RSP=0x0000000118d304c0 is pointing into the stack for thread: 0x00007fea1b802800
RBP=0x0000000118d304e0 is pointing into the stack for thread: 0x00007fea1b802800
RSI=0x0000000000000002 is an unknown value
RDI=0x0000000000000000 is an unknown value
R8 =0x0000000000000000 is an unknown value
R9 =0x0000000000000014 is an unknown value
R10=0x0000000108b6766c is at code_begin+620 in an Interpreter codelet
method entry point (kind = native)  [0x0000000108b67400, 0x0000000108b67c40]  2112 bytes
R11=0x000000010846f9af: throw_unsatisfied_link_error+0 in /Library/Java/JavaVirtualMachines/jdk1.7.0_40.jdk/Contents/Home/jre/lib/server/libjvm.dylib at 0x0000000108000000
R12=0x0000000000000000 is an unknown value
R13=0x00007fea1980d000 is an unknown value
R14=0x0000000000000000 is an unknown value
R15=0x00007fea1b802800 is a thread


Stack: [0x0000000118c31000,0x0000000118d31000],  sp=0x0000000118d304c0,  free space=1021k
Native frames: (J=compiled Java code, j=interpreted, Vv=VM code, C=native code)
C  [libOpenNI.dylib+0x299c0]  xnSetSkeletonProfile+0x10
C  [libSimpleOpenNI.jnilib+0x48bb8]  sOpenNI::ContextWrapper::createUser(int, bool)+0xf8
C  [libSimpleOpenNI.jnilib+0x492aa]  sOpenNI::ContextWrapper::enableUser(int)+0x2a
C  [libSimpleOpenNI.jnilib+0x8427]  Java_SimpleOpenNI_SimpleOpenNIJNI_ContextWrapper_1enableUserSwigExplicitContextWrapper+0x17
j  SimpleOpenNI.SimpleOpenNIJNI.ContextWrapper_enableUserSwigExplicitContextWrapper(JLSimpleOpenNI/ContextWrapper;I)Z+0
j  SimpleOpenNI.ContextWrapper.enableUser(I)Z+28
j  SimpleOpenNI.SimpleOpenNI.enableUser(ILjava/lang/Object;)Z+17
j  SimpleOpenNI.SimpleOpenNI.enableUser(I)Z+6
j  testkinect.ModelInputPApplet.setup()V+50
j  processing.core.PApplet.handleDraw()V+141
j  processing.core.PGraphicsJava2D.requestDraw()V+4
j  processing.core.PApplet.run()V+156
j  java.lang.Thread.run()V+11
v  ~StubRoutines::call_stub
V  [libjvm.dylib+0x2d6740]  JavaCalls::call_helper(JavaValue*, methodHandle*, JavaCallArguments*, Thread*)+0x22a
V  [libjvm.dylib+0x2d6c57]  JavaCalls::call_virtual(JavaValue*, KlassHandle, Symbol*, Symbol*, JavaCallArguments*, Thread*)+0x11b
V  [libjvm.dylib+0x2d6d94]  JavaCalls::call_virtual(JavaValue*, Handle, KlassHandle, Symbol*, Symbol*, Thread*)+0x4a
V  [libjvm.dylib+0x325be2]  thread_entry(JavaThread*, Thread*)+0xad
V  [libjvm.dylib+0x4ef257]  JavaThread::thread_main_inner()+0x9b
V  [libjvm.dylib+0x4f095f]  JavaThread::run()+0x1a3
V  [libjvm.dylib+0x41a8e1]  java_start(Thread*)+0xd5
C  [libsystem_pthread.dylib+0x1899]  _pthread_body+0x8a
C  [libsystem_pthread.dylib+0x172a]  _pthread_struct_init+0x0
C  [libsystem_pthread.dylib+0x5fc9]  thread_start+0xd

Java frames: (J=compiled Java code, j=interpreted, Vv=VM code)
j  SimpleOpenNI.SimpleOpenNIJNI.ContextWrapper_enableUserSwigExplicitContextWrapper(JLSimpleOpenNI/ContextWrapper;I)Z+0
j  SimpleOpenNI.ContextWrapper.enableUser(I)Z+28
j  SimpleOpenNI.SimpleOpenNI.enableUser(ILjava/lang/Object;)Z+17
j  SimpleOpenNI.SimpleOpenNI.enableUser(I)Z+6
j  testkinect.ModelInputPApplet.setup()V+50
j  processing.core.PApplet.handleDraw()V+141
j  processing.core.PGraphicsJava2D.requestDraw()V+4
j  processing.core.PApplet.run()V+156
j  java.lang.Thread.run()V+11
v  ~StubRoutines::call_stub

---------------  P R O C E S S  ---------------

Java Threads: ( => current thread )
=>0x00007fea1b802800 JavaThread "Animation Thread" [_thread_in_native, id=57611, stack(0x0000000118c31000,0x0000000118d31000)]
  0x00007fea13148800 JavaThread "AWT-EventQueue-1" [_thread_blocked, id=56855, stack(0x00000001173ca000,0x00000001174ca000)]
  0x00007fea1401e800 JavaThread "DestroyJavaVM" [_thread_blocked, id=6915, stack(0x0000000108a53000,0x0000000108b53000)]
  0x00007fea12934800 JavaThread "AWT-EventQueue-0" [_thread_blocked, id=55047, stack(0x00000001168b7000,0x00000001169b7000)]
  0x00007fea138e1800 JavaThread "thread applet-testkinect.ComparisonGUI.class" [_thread_blocked, id=51471, stack(0x0000000115657000,0x0000000115757000)]
  0x00007fea138c2000 JavaThread "Java2D Disposer" daemon [_thread_blocked, id=48687, stack(0x00000001154ea000,0x00000001155ea000)]
  0x00007fea138d8800 JavaThread "Java2D Queue Flusher" daemon [_thread_blocked, id=47367, stack(0x0000000114761000,0x0000000114861000)]
  0x00007fea13861800 JavaThread "AWT-Shutdown" [_thread_blocked, id=28171, stack(0x0000000111da0000,0x0000000111ea0000)]
  0x00007fea13838000 JavaThread "AppKit Thread" daemon [_thread_in_native, id=1287, stack(0x00007fff58588000,0x00007fff58608000)]
  0x00007fea1282e800 JavaThread "Service Thread" daemon [_thread_blocked, id=19459, stack(0x000000011020f000,0x000000011030f000)]
  0x00007fea1282d800 JavaThread "C2 CompilerThread1" daemon [_thread_blocked, id=18947, stack(0x000000011010c000,0x000000011020c000)]
  0x00007fea1280e000 JavaThread "C2 CompilerThread0" daemon [_thread_blocked, id=18435, stack(0x0000000110009000,0x0000000110109000)]
  0x00007fea13837800 JavaThread "Signal Dispatcher" daemon [_thread_blocked, id=17923, stack(0x000000010ff06000,0x0000000110006000)]
  0x00007fea13019800 JavaThread "Finalizer" daemon [_thread_blocked, id=13059, stack(0x000000010fccf000,0x000000010fdcf000)]
  0x00007fea13016800 JavaThread "Reference Handler" daemon [_thread_blocked, id=12547, stack(0x000000010fbcc000,0x000000010fccc000)]

Other Threads:
  0x00007fea13835800 VMThread [stack: 0x000000010fac9000,0x000000010fbc9000] [id=12035]
  0x00007fea12822000 WatcherThread [stack: 0x0000000110312000,0x0000000110412000] [id=19971]

VM state:not at safepoint (normal execution)

VM Mutex/Monitor currently owned by a thread: None

Heap
 PSYoungGen      total 19456K, used 8435K [0x00000007eaa80000, 0x00000007ecd00000, 0x0000000800000000)
  eden space 16896K, 34% used [0x00000007eaa80000,0x00000007eb03cd80,0x00000007ebb00000)
  from space 2560K, 100% used [0x00000007ebb00000,0x00000007ebd80000,0x00000007ebd80000)
  to   space 2560K, 0% used [0x00000007eca80000,0x00000007eca80000,0x00000007ecd00000)
 ParOldGen       total 62976K, used 36790K [0x00000007c0000000, 0x00000007c3d80000, 0x00000007eaa80000)
  object space 62976K, 58% used [0x00000007c0000000,0x00000007c23ed948,0x00000007c3d80000)
 PSPermGen       total 22016K, used 10968K [0x00000007bae00000, 0x00000007bc380000, 0x00000007c0000000)
  object space 22016K, 49% used [0x00000007bae00000,0x00000007bb8b63d8,0x00000007bc380000)

Card table byte_map: [0x000000010bc15000,0x000000010be3f000] byte_map_base: 0x0000000107e3e000

Polling page: 0x0000000107749000

Code Cache  [0x0000000108b55000, 0x0000000108dc5000, 0x000000010bb55000)
 total_blobs=572 nmethods=61 adapters=466 free_code_cache=48514Kb largest_free_block=49654272

Compilation events (10 events):
Event: 15.381 Thread 0x00007fea1280e000   57             java.util.HashMap::indexFor (6 bytes)
Event: 15.382 Thread 0x00007fea1280e000 nmethod 57 0x0000000108be0a90 code [0x0000000108be0bc0, 0x0000000108be0bf8]
Event: 15.993 Thread 0x00007fea1282d800   58             java.util.concurrent.locks.AbstractOwnableSynchronizer::setExclusiveOwnerThread (6 bytes)
Event: 15.993 Thread 0x00007fea1282d800 nmethod 58 0x0000000108bf4e90 code [0x0000000108bf4fc0, 0x0000000108bf5038]
Event: 16.611 Thread 0x00007fea1280e000   59             java.awt.Rectangle::getBounds (24 bytes)
Event: 16.613 Thread 0x00007fea1280e000 nmethod 59 0x0000000108bf4bd0 code [0x0000000108bf4d20, 0x0000000108bf4df8]
Event: 16.628 Thread 0x00007fea1282d800   60   !         sun.lwawt.LWComponentPeer::getBounds (22 bytes)
Event: 16.630 Thread 0x00007fea1282d800 nmethod 60 0x0000000108bf4550 code [0x0000000108bf46a0, 0x0000000108bf4a98]
Event: 16.865 Thread 0x00007fea1280e000   61             sun.lwawt.LWComponentPeer::getContainerPeer (5 bytes)
Event: 16.866 Thread 0x00007fea1280e000 nmethod 61 0x0000000108bf8cd0 code [0x0000000108bf8e00, 0x0000000108bf8e78]

GC Heap History (8 events):
Event: 4.224 GC heap before
{Heap before GC invocations=1 (full 0):
 PSYoungGen      total 19456K, used 16600K [0x00000007eaa80000, 0x00000007ec000000, 0x0000000800000000)
  eden space 16896K, 98% used [0x00000007eaa80000,0x00000007ebab60b0,0x00000007ebb00000)
  from space 2560K, 0% used [0x00000007ebd80000,0x00000007ebd80000,0x00000007ec000000)
  to   space 2560K, 0% used [0x00000007ebb00000,0x00000007ebb00000,0x00000007ebd80000)
 ParOldGen       total 43520K, used 0K [0x00000007c0000000, 0x00000007c2a80000, 0x00000007eaa80000)
  object space 43520K, 0% used [0x00000007c0000000,0x00000007c0000000,0x00000007c2a80000)
 PSPermGen       total 21504K, used 10870K [0x00000007bae00000, 0x00000007bc300000, 0x00000007c0000000)
  object space 21504K, 50% used [0x00000007bae00000,0x00000007bb89da00,0x00000007bc300000)
Event: 4.238 GC heap after
Heap after GC invocations=1 (full 0):
 PSYoungGen      total 19456K, used 2535K [0x00000007eaa80000, 0x00000007ec000000, 0x0000000800000000)
  eden space 16896K, 0% used [0x00000007eaa80000,0x00000007eaa80000,0x00000007ebb00000)
  from space 2560K, 99% used [0x00000007ebb00000,0x00000007ebd79c90,0x00000007ebd80000)
  to   space 2560K, 0% used [0x00000007ebd80000,0x00000007ebd80000,0x00000007ec000000)
 ParOldGen       total 43520K, used 11085K [0x00000007c0000000, 0x00000007c2a80000, 0x00000007eaa80000)
  object space 43520K, 25% used [0x00000007c0000000,0x00000007c0ad3498,0x00000007c2a80000)
 PSPermGen       total 21504K, used 10870K [0x00000007bae00000, 0x00000007bc300000, 0x00000007c0000000)
  object space 21504K, 50% used [0x00000007bae00000,0x00000007bb89da00,0x00000007bc300000)
}
Event: 4.314 GC heap before
{Heap before GC invocations=2 (full 0):
 PSYoungGen      total 19456K, used 19431K [0x00000007eaa80000, 0x00000007ec000000, 0x0000000800000000)
  eden space 16896K, 100% used [0x00000007eaa80000,0x00000007ebb00000,0x00000007ebb00000)
  from space 2560K, 99% used [0x00000007ebb00000,0x00000007ebd79c90,0x00000007ebd80000)
  to   space 2560K, 0% used [0x00000007ebd80000,0x00000007ebd80000,0x00000007ec000000)
 ParOldGen       total 43520K, used 11085K [0x00000007c0000000, 0x00000007c2a80000, 0x00000007eaa80000)
  object space 43520K, 25% used [0x00000007c0000000,0x00000007c0ad3498,0x00000007c2a80000)
 PSPermGen       total 21504K, used 10879K [0x00000007bae00000, 0x00000007bc300000, 0x00000007c0000000)
  object space 21504K, 50% used [0x00000007bae00000,0x00000007bb89fd50,0x00000007bc300000)
Event: 4.356 GC heap after
Heap after GC invocations=2 (full 0):
 PSYoungGen      total 19456K, used 2544K [0x00000007eaa80000, 0x00000007ed080000, 0x0000000800000000)
  eden space 16896K, 0% used [0x00000007eaa80000,0x00000007eaa80000,0x00000007ebb00000)
  from space 2560K, 99% used [0x00000007ebd80000,0x00000007ebffc030,0x00000007ec000000)
  to   space 2560K, 0% used [0x00000007ebb00000,0x00000007ebb00000,0x00000007ebd80000)
 ParOldGen       total 43520K, used 28487K [0x00000007c0000000, 0x00000007c2a80000, 0x00000007eaa80000)
  object space 43520K, 65% used [0x00000007c0000000,0x00000007c1bd1d28,0x00000007c2a80000)
 PSPermGen       total 21504K, used 10879K [0x00000007bae00000, 0x00000007bc300000, 0x00000007c0000000)
  object space 21504K, 50% used [0x00000007bae00000,0x00000007bb89fd50,0x00000007bc300000)
}
Event: 4.363 GC heap before
{Heap before GC invocations=3 (full 1):
 PSYoungGen      total 19456K, used 2544K [0x00000007eaa80000, 0x00000007ed080000, 0x0000000800000000)
  eden space 16896K, 0% used [0x00000007eaa80000,0x00000007eaa80000,0x00000007ebb00000)
  from space 2560K, 99% used [0x00000007ebd80000,0x00000007ebffc030,0x00000007ec000000)
  to   space 2560K, 0% used [0x00000007ebb00000,0x00000007ebb00000,0x00000007ebd80000)
 ParOldGen       total 43520K, used 28487K [0x00000007c0000000, 0x00000007c2a80000, 0x00000007eaa80000)
  object space 43520K, 65% used [0x00000007c0000000,0x00000007c1bd1d28,0x00000007c2a80000)
 PSPermGen       total 21504K, used 10879K [0x00000007bae00000, 0x00000007bc300000, 0x00000007c0000000)
  object space 21504K, 50% used [0x00000007bae00000,0x00000007bb89fd50,0x00000007bc300000)
Event: 4.546 GC heap after
Heap after GC invocations=3 (full 1):
 PSYoungGen      total 19456K, used 0K [0x00000007eaa80000, 0x00000007ed080000, 0x0000000800000000)
  eden space 16896K, 0% used [0x00000007eaa80000,0x00000007eaa80000,0x00000007ebb00000)
  from space 2560K, 0% used [0x00000007ebd80000,0x00000007ebd80000,0x00000007ec000000)
  to   space 2560K, 0% used [0x00000007ebb00000,0x00000007ebb00000,0x00000007ebd80000)
 ParOldGen       total 62976K, used 23070K [0x00000007c0000000, 0x00000007c3d80000, 0x00000007eaa80000)
  object space 62976K, 36% used [0x00000007c0000000,0x00000007c1687948,0x00000007c3d80000)
 PSPermGen       total 22016K, used 10876K [0x00000007bae00000, 0x00000007bc380000, 0x00000007c0000000)
  object space 22016K, 49% used [0x00000007bae00000,0x00000007bb89f1e8,0x00000007bc380000)
}
Event: 5.524 GC heap before
{Heap before GC invocations=4 (full 1):
 PSYoungGen      total 19456K, used 16424K [0x00000007eaa80000, 0x00000007ed080000, 0x0000000800000000)
  eden space 16896K, 97% used [0x00000007eaa80000,0x00000007eba8a108,0x00000007ebb00000)
  from space 2560K, 0% used [0x00000007ebd80000,0x00000007ebd80000,0x00000007ec000000)
  to   space 2560K, 0% used [0x00000007ebb00000,0x00000007ebb00000,0x00000007ebd80000)
 ParOldGen       total 62976K, used 23070K [0x00000007c0000000, 0x00000007c3d80000, 0x00000007eaa80000)
  object space 62976K, 36% used [0x00000007c0000000,0x00000007c1687948,0x00000007c3d80000)
 PSPermGen       total 22016K, used 10876K [0x00000007bae00000, 0x00000007bc380000, 0x00000007c0000000)
  object space 22016K, 49% used [0x00000007bae00000,0x00000007bb89f1e8,0x00000007bc380000)
Event: 5.568 GC heap after
Heap after GC invocations=4 (full 1):
 PSYoungGen      total 19456K, used 2560K [0x00000007eaa80000, 0x00000007ecd00000, 0x0000000800000000)
  eden space 16896K, 0% used [0x00000007eaa80000,0x00000007eaa80000,0x00000007ebb00000)
  from space 2560K, 100% used [0x00000007ebb00000,0x00000007ebd80000,0x00000007ebd80000)
  to   space 2560K, 0% used [0x00000007eca80000,0x00000007eca80000,0x00000007ecd00000)
 ParOldGen       total 62976K, used 36790K [0x00000007c0000000, 0x00000007c3d80000, 0x00000007eaa80000)
  object space 62976K, 58% used [0x00000007c0000000,0x00000007c23ed948,0x00000007c3d80000)
 PSPermGen       total 22016K, used 10876K [0x00000007bae00000, 0x00000007bc380000, 0x00000007c0000000)
  object space 22016K, 49% used [0x00000007bae00000,0x00000007bb89f1e8,0x00000007bc380000)
}

Deoptimization events (0 events):
No events

Internal exceptions (10 events):
Event: 3.866 Thread 0x00007fea12a53800 Threw 0x00000007eb848cd8 at /HUDSON/workspace/jdk7u40-2-build-macosx-amd64-product/jdk7u40/hotspot/src/share/vm/prims/jvm.cpp:1244
Event: 3.870 Thread 0x00007fea12a53800 Threw 0x00000007eb862ea0 at /HUDSON/workspace/jdk7u40-2-build-macosx-amd64-product/jdk7u40/hotspot/src/share/vm/prims/jvm.cpp:1244
Event: 3.872 Thread 0x00007fea12a53800 Threw 0x00000007eb86d838 at /HUDSON/workspace/jdk7u40-2-build-macosx-amd64-product/jdk7u40/hotspot/src/share/vm/prims/jvm.cpp:1244
Event: 3.885 Thread 0x00007fea12a53800 Threw 0x00000007eb8a1038 at /HUDSON/workspace/jdk7u40-2-build-macosx-amd64-product/jdk7u40/hotspot/src/share/vm/prims/jvm.cpp:1244
Event: 3.893 Thread 0x00007fea12a53800 Threw 0x00000007eb8dea48 at /HUDSON/workspace/jdk7u40-2-build-macosx-amd64-product/jdk7u40/hotspot/src/share/vm/prims/jvm.cpp:1244
Event: 3.895 Thread 0x00007fea12a53800 Threw 0x00000007eb8e7cb0 at /HUDSON/workspace/jdk7u40-2-build-macosx-amd64-product/jdk7u40/hotspot/src/share/vm/prims/jvm.cpp:1244
Event: 4.240 Thread 0x00007fea12a53800 Threw 0x00000007ead82768 at /HUDSON/workspace/jdk7u40-2-build-macosx-amd64-product/jdk7u40/hotspot/src/share/vm/prims/jvm.cpp:1244
Event: 5.569 Thread 0x00007fea12a53800 Threw 0x00000007eabaf1d0 at /HUDSON/workspace/jdk7u40-2-build-macosx-amd64-product/jdk7u40/hotspot/src/share/vm/prims/jvm.cpp:1244
Event: 5.594 Thread 0x00007fea12a53800 Threw 0x00000007eabb5840 at /HUDSON/workspace/jdk7u40-2-build-macosx-amd64-product/jdk7u40/hotspot/src/share/vm/prims/jvm.cpp:1244
Event: 5.788 Thread 0x00007fea12a53800 Threw 0x00000007eabba9a8 at /HUDSON/workspace/jdk7u40-2-build-macosx-amd64-product/jdk7u40/hotspot/src/share/vm/prims/jvm.cpp:1244

Events (10 events):
Event: 13.969 loading class 0x00007fea13804850
Event: 13.969 loading class 0x00007fea13804850 done
Event: 13.969 loading class 0x00007fea138049b0
Event: 13.969 loading class 0x00007fea138049b0 done
Event: 15.277 Executing VM operation: RevokeBias
Event: 15.277 Executing VM operation: RevokeBias done
Event: 15.771 Thread 0x00007fea12a53800 Thread exited: 0x00007fea12a53800
Event: 17.552 loading class 0x00007fea130fa6f0
Event: 17.559 loading class 0x00007fea130fa6f0 done
Event: 17.562 Thread 0x00007fea1b802800 Thread added: 0x00007fea1b802800


Dynamic libraries:
0x0000000000007000 	/System/Library/Frameworks/Cocoa.framework/Versions/A/Cocoa
0x0000000000007000 	/System/Library/Frameworks/Security.framework/Versions/A/Security
0x0000000000007000 	/System/Library/Frameworks/ApplicationServices.framework/Versions/A/ApplicationServices
0x0000000000007000 	/usr/lib/libz.1.dylib
0x0000000000007000 	/usr/lib/libSystem.B.dylib
0x0000000000007000 	/usr/lib/libobjc.A.dylib
0x0000000000007000 	/System/Library/Frameworks/CoreFoundation.framework/Versions/A/CoreFoundation
0x0000000000007000 	/System/Library/Frameworks/Foundation.framework/Versions/C/Foundation
0x0000000000007000 	/System/Library/Frameworks/AppKit.framework/Versions/C/AppKit
0x0000000000007000 	/System/Library/Frameworks/CoreData.framework/Versions/A/CoreData
0x0000000000007000 	/System/Library/PrivateFrameworks/RemoteViewServices.framework/Versions/A/RemoteViewServices
0x0000000000007000 	/System/Library/Frameworks/AudioToolbox.framework/Versions/A/AudioToolbox
0x0000000000007000 	/System/Library/Frameworks/AudioUnit.framework/Versions/A/AudioUnit
0x0000000000007000 	/System/Library/PrivateFrameworks/DataDetectorsCore.framework/Versions/A/DataDetectorsCore
0x0000000000007000 	/System/Library/PrivateFrameworks/DesktopServicesPriv.framework/Versions/A/DesktopServicesPriv
0x0000000000007000 	/System/Library/Frameworks/Carbon.framework/Versions/A/Frameworks/HIToolbox.framework/Versions/A/HIToolbox
0x0000000000007000 	/System/Library/Frameworks/QuartzCore.framework/Versions/A/QuartzCore
0x0000000000007000 	/System/Library/Frameworks/Carbon.framework/Versions/A/Frameworks/SpeechRecognition.framework/Versions/A/SpeechRecognition
0x0000000000007000 	/usr/lib/libauto.dylib
0x0000000000007000 	/usr/lib/libicucore.A.dylib
0x0000000000007000 	/usr/lib/libxml2.2.dylib
0x0000000000007000 	/System/Library/PrivateFrameworks/CoreUI.framework/Versions/A/CoreUI
0x0000000000007000 	/System/Library/Frameworks/CoreAudio.framework/Versions/A/CoreAudio
0x0000000000007000 	/System/Library/Frameworks/DiskArbitration.framework/Versions/A/DiskArbitration
0x0000000000007000 	/usr/lib/liblangid.dylib
0x0000000000007000 	/System/Library/PrivateFrameworks/MultitouchSupport.framework/Versions/A/MultitouchSupport
0x0000000000007000 	/System/Library/Frameworks/IOKit.framework/Versions/A/IOKit
0x0000000000007000 	/usr/lib/libDiagnosticMessagesClient.dylib
0x0000000000007000 	/System/Library/Frameworks/CoreServices.framework/Versions/A/CoreServices
0x0000000000007000 	/System/Library/PrivateFrameworks/PerformanceAnalysis.framework/Versions/A/PerformanceAnalysis
0x0000000000007000 	/System/Library/PrivateFrameworks/GenerationalStorage.framework/Versions/A/GenerationalStorage
0x0000000000007000 	/System/Library/Frameworks/OpenGL.framework/Versions/A/OpenGL
0x0000000000007000 	/System/Library/PrivateFrameworks/Sharing.framework/Versions/A/Sharing
0x0000000000007000 	/System/Library/Frameworks/ImageIO.framework/Versions/A/ImageIO
0x0000000000007000 	/System/Library/Frameworks/CoreText.framework/Versions/A/CoreText
0x0000000000007000 	/System/Library/Frameworks/CoreGraphics.framework/Versions/A/CoreGraphics
0x0000000000007000 	/System/Library/PrivateFrameworks/Backup.framework/Versions/A/Backup
0x0000000000007000 	/System/Library/Frameworks/CFNetwork.framework/Versions/A/CFNetwork
0x0000000000007000 	/System/Library/Frameworks/SystemConfiguration.framework/Versions/A/SystemConfiguration
0x0000000000007000 	/usr/lib/libCRFSuite.dylib
0x0000000000007000 	/usr/lib/libc++.1.dylib
0x0000000000007000 	/usr/lib/libc++abi.dylib
0x0000000000007000 	/usr/lib/system/libcache.dylib
0x0000000000007000 	/usr/lib/system/libcommonCrypto.dylib
0x0000000000007000 	/usr/lib/system/libcompiler_rt.dylib
0x0000000000007000 	/usr/lib/system/libcopyfile.dylib
0x0000000000007000 	/usr/lib/system/libcorecrypto.dylib
0x0000000000007000 	/usr/lib/system/libdispatch.dylib
0x0000000000007000 	/usr/lib/system/libdyld.dylib
0x0000000000007000 	/usr/lib/system/libkeymgr.dylib
0x0000000000007000 	/usr/lib/system/liblaunch.dylib
0x0000000000007000 	/usr/lib/system/libmacho.dylib
0x0000000000007000 	/usr/lib/system/libquarantine.dylib
0x0000000000007000 	/usr/lib/system/libremovefile.dylib
0x0000000000007000 	/usr/lib/system/libsystem_asl.dylib
0x0000000000007000 	/usr/lib/system/libsystem_blocks.dylib
0x0000000000007000 	/usr/lib/system/libsystem_c.dylib
0x0000000000007000 	/usr/lib/system/libsystem_configuration.dylib
0x0000000000007000 	/usr/lib/system/libsystem_dnssd.dylib
0x0000000000007000 	/usr/lib/system/libsystem_info.dylib
0x0000000000007000 	/usr/lib/system/libsystem_kernel.dylib
0x0000000000007000 	/usr/lib/system/libsystem_m.dylib
0x0000000000007000 	/usr/lib/system/libsystem_malloc.dylib
0x0000000000007000 	/usr/lib/system/libsystem_network.dylib
0x0000000000007000 	/usr/lib/system/libsystem_notify.dylib
0x0000000000007000 	/usr/lib/system/libsystem_platform.dylib
0x0000000000007000 	/usr/lib/system/libsystem_pthread.dylib
0x0000000000007000 	/usr/lib/system/libsystem_sandbox.dylib
0x0000000000007000 	/usr/lib/system/libsystem_stats.dylib
0x0000000000007000 	/usr/lib/system/libunc.dylib
0x0000000000007000 	/usr/lib/system/libunwind.dylib
0x0000000000007000 	/usr/lib/system/libxpc.dylib
0x0000000000007000 	/usr/lib/libbsm.0.dylib
0x0000000000007000 	/usr/lib/libsqlite3.dylib
0x0000000000007000 	/usr/lib/libxar.1.dylib
0x0000000000007000 	/usr/lib/libpam.2.dylib
0x0000000000007000 	/usr/lib/libOpenScriptingUtil.dylib
0x0000000000007000 	/usr/lib/libbz2.1.0.dylib
0x0000000000007000 	/System/Library/Frameworks/CoreServices.framework/Versions/A/Frameworks/CarbonCore.framework/Versions/A/CarbonCore
0x0000000000007000 	/System/Library/Frameworks/CoreServices.framework/Versions/A/Frameworks/Metadata.framework/Versions/A/Metadata
0x0000000000007000 	/System/Library/Frameworks/CoreServices.framework/Versions/A/Frameworks/OSServices.framework/Versions/A/OSServices
0x0000000000007000 	/System/Library/Frameworks/CoreServices.framework/Versions/A/Frameworks/SearchKit.framework/Versions/A/SearchKit
0x0000000000007000 	/System/Library/Frameworks/CoreServices.framework/Versions/A/Frameworks/AE.framework/Versions/A/AE
0x0000000000007000 	/System/Library/Frameworks/CoreServices.framework/Versions/A/Frameworks/LaunchServices.framework/Versions/A/LaunchServices
0x0000000000007000 	/System/Library/Frameworks/CoreServices.framework/Versions/A/Frameworks/DictionaryServices.framework/Versions/A/DictionaryServices
0x0000000000007000 	/System/Library/Frameworks/NetFS.framework/Versions/A/NetFS
0x0000000000007000 	/usr/lib/system/libkxld.dylib
0x0000000000007000 	/System/Library/PrivateFrameworks/NetAuth.framework/Versions/A/NetAuth
0x0000000000007000 	/System/Library/PrivateFrameworks/TCC.framework/Versions/A/TCC
0x0000000000007000 	/System/Library/Frameworks/OpenDirectory.framework/Versions/A/Frameworks/CFOpenDirectory.framework/Versions/A/CFOpenDirectory
0x0000000000007000 	/System/Library/Frameworks/ServiceManagement.framework/Versions/A/ServiceManagement
0x0000000000007000 	/usr/lib/libxslt.1.dylib
0x0000000000007000 	/System/Library/Frameworks/Carbon.framework/Versions/A/Frameworks/Ink.framework/Versions/A/Ink
0x0000000000007000 	/System/Library/Frameworks/ApplicationServices.framework/Versions/A/Frameworks/ATS.framework/Versions/A/ATS
0x0000000000007000 	/System/Library/Frameworks/ApplicationServices.framework/Versions/A/Frameworks/ColorSync.framework/Versions/A/ColorSync
0x0000000000007000 	/System/Library/Frameworks/ApplicationServices.framework/Versions/A/Frameworks/HIServices.framework/Versions/A/HIServices
0x0000000000007000 	/System/Library/Frameworks/ApplicationServices.framework/Versions/A/Frameworks/LangAnalysis.framework/Versions/A/LangAnalysis
0x0000000000007000 	/System/Library/Frameworks/ApplicationServices.framework/Versions/A/Frameworks/PrintCore.framework/Versions/A/PrintCore
0x0000000000007000 	/System/Library/Frameworks/ApplicationServices.framework/Versions/A/Frameworks/QD.framework/Versions/A/QD
0x0000000000007000 	/System/Library/Frameworks/ApplicationServices.framework/Versions/A/Frameworks/SpeechSynthesis.framework/Versions/A/SpeechSynthesis
0x0000000000007000 	/System/Library/Frameworks/IOSurface.framework/Versions/A/IOSurface
0x0000000000007000 	/System/Library/Frameworks/Accelerate.framework/Versions/A/Accelerate
0x0000000000007000 	/System/Library/Frameworks/Accelerate.framework/Versions/A/Frameworks/vImage.framework/Versions/A/vImage
0x0000000000007000 	/System/Library/Frameworks/Accelerate.framework/Versions/A/Frameworks/vecLib.framework/Versions/A/vecLib
0x0000000000007000 	/System/Library/Frameworks/Accelerate.framework/Versions/A/Frameworks/vecLib.framework/Versions/A/libvDSP.dylib
0x0000000000007000 	/System/Library/Frameworks/Accelerate.framework/Versions/A/Frameworks/vecLib.framework/Versions/A/libvMisc.dylib
0x0000000000007000 	/System/Library/Frameworks/Accelerate.framework/Versions/A/Frameworks/vecLib.framework/Versions/A/libLAPACK.dylib
0x0000000000007000 	/System/Library/Frameworks/Accelerate.framework/Versions/A/Frameworks/vecLib.framework/Versions/A/libBLAS.dylib
0x0000000000007000 	/System/Library/Frameworks/ApplicationServices.framework/Versions/A/Frameworks/ATS.framework/Versions/A/Resources/libFontParser.dylib
0x0000000000007000 	/System/Library/Frameworks/ApplicationServices.framework/Versions/A/Frameworks/ATS.framework/Versions/A/Resources/libFontRegistry.dylib
0x0000000000007000 	/System/Library/Frameworks/ImageIO.framework/Versions/A/Resources/libJPEG.dylib
0x0000000000007000 	/System/Library/Frameworks/ImageIO.framework/Versions/A/Resources/libTIFF.dylib
0x0000000000007000 	/System/Library/Frameworks/ImageIO.framework/Versions/A/Resources/libPng.dylib
0x0000000000007000 	/System/Library/Frameworks/ImageIO.framework/Versions/A/Resources/libGIF.dylib
0x0000000000007000 	/System/Library/Frameworks/ImageIO.framework/Versions/A/Resources/libJP2.dylib
0x0000000000007000 	/System/Library/Frameworks/ImageIO.framework/Versions/A/Resources/libRadiance.dylib
0x0000000000007000 	/usr/lib/libcups.2.dylib
0x0000000000007000 	/System/Library/Frameworks/Kerberos.framework/Versions/A/Kerberos
0x0000000000007000 	/System/Library/Frameworks/GSS.framework/Versions/A/GSS
0x0000000000007000 	/usr/lib/libresolv.9.dylib
0x0000000000007000 	/usr/lib/libiconv.2.dylib
0x0000000000007000 	/System/Library/PrivateFrameworks/Heimdal.framework/Versions/A/Heimdal
0x0000000000007000 	/System/Library/PrivateFrameworks/TrustEvaluationAgent.framework/Versions/A/TrustEvaluationAgent
0x0000000000007000 	/usr/lib/libheimdal-asn1.dylib
0x0000000000007000 	/System/Library/Frameworks/OpenDirectory.framework/Versions/A/OpenDirectory
0x0000000000007000 	/System/Library/PrivateFrameworks/CommonAuth.framework/Versions/A/CommonAuth
0x0000000000007000 	/System/Library/Frameworks/SecurityFoundation.framework/Versions/A/SecurityFoundation
0x0000000000007000 	/System/Library/PrivateFrameworks/Bom.framework/Versions/A/Bom
0x0000000000007000 	/System/Library/Frameworks/CoreVideo.framework/Versions/A/CoreVideo
0x0000000000007000 	/System/Library/Frameworks/QuartzCore.framework/Versions/A/Frameworks/CoreImage.framework/Versions/A/CoreImage
0x0000000000007000 	/System/Library/Frameworks/QuartzCore.framework/Versions/A/Frameworks/ScalableUserInterface.framework/Versions/A/ScalableUserInterface
0x0000000000007000 	/System/Library/Frameworks/OpenGL.framework/Versions/A/Libraries/libGLU.dylib
0x0000000000007000 	/System/Library/Frameworks/OpenGL.framework/Versions/A/Libraries/libGFXShared.dylib
0x0000000000007000 	/System/Library/Frameworks/OpenGL.framework/Versions/A/Libraries/libGL.dylib
0x0000000000007000 	/System/Library/Frameworks/OpenGL.framework/Versions/A/Libraries/libGLImage.dylib
0x0000000000007000 	/System/Library/Frameworks/OpenGL.framework/Versions/A/Libraries/libCVMSPluginSupport.dylib
0x0000000000007000 	/System/Library/Frameworks/OpenGL.framework/Versions/A/Libraries/libCoreVMClient.dylib
0x0000000000007000 	/System/Library/PrivateFrameworks/FaceCore.framework/Versions/A/FaceCore
0x0000000000007000 	/System/Library/PrivateFrameworks/CrashReporterSupport.framework/Versions/A/CrashReporterSupport
0x0000000000007000 	/System/Library/Frameworks/OpenCL.framework/Versions/A/OpenCL
0x0000000000007000 	/System/Library/PrivateFrameworks/AppleFSCompression.framework/Versions/A/AppleFSCompression
0x0000000000007000 	/System/Library/PrivateFrameworks/Ubiquity.framework/Versions/A/Ubiquity
0x0000000000007000 	/System/Library/PrivateFrameworks/IconServices.framework/Versions/A/IconServices
0x0000000000007000 	/System/Library/PrivateFrameworks/ChunkingLibrary.framework/Versions/A/ChunkingLibrary
0x0000000000007000 	/System/Library/PrivateFrameworks/CoreSymbolication.framework/Versions/A/CoreSymbolication
0x0000000000007000 	/System/Library/PrivateFrameworks/Symbolication.framework/Versions/A/Symbolication
0x0000000000007000 	/System/Library/PrivateFrameworks/DebugSymbols.framework/Versions/A/DebugSymbols
0x0000000108000000 	/Library/Java/JavaVirtualMachines/jdk1.7.0_40.jdk/Contents/Home/jre/lib/server/libjvm.dylib
0x0000000000007000 	/usr/lib/libstdc++.6.dylib
0x000000010770c000 	/Library/Java/JavaVirtualMachines/jdk1.7.0_40.jdk/Contents/Home/jre/lib/libverify.dylib
0x0000000107719000 	/Library/Java/JavaVirtualMachines/jdk1.7.0_40.jdk/Contents/Home/jre/lib/libjava.dylib
0x0000000107753000 	/Library/Java/JavaVirtualMachines/jdk1.7.0_40.jdk/Contents/Home/jre/lib/libzip.dylib
0x00000001077e4000 	/System/Library/Frameworks/JavaVM.framework/Frameworks/JavaRuntimeSupport.framework/JavaRuntimeSupport
0x000000010fdd1000 	/System/Library/Frameworks/JavaVM.framework/Versions/A/Frameworks/JavaNativeFoundation.framework/Versions/A/JavaNativeFoundation
0x000000010fde6000 	/System/Library/Frameworks/JavaVM.framework/Versions/A/JavaVM
0x0000000000007000 	/System/Library/Frameworks/Carbon.framework/Versions/A/Carbon
0x000000010fdf3000 	/System/Library/PrivateFrameworks/JavaLaunching.framework/Versions/A/JavaLaunching
0x0000000000007000 	/System/Library/Frameworks/Carbon.framework/Versions/A/Frameworks/CommonPanels.framework/Versions/A/CommonPanels
0x0000000000007000 	/System/Library/Frameworks/Carbon.framework/Versions/A/Frameworks/Help.framework/Versions/A/Help
0x0000000000007000 	/System/Library/Frameworks/Carbon.framework/Versions/A/Frameworks/ImageCapture.framework/Versions/A/ImageCapture
0x0000000000007000 	/System/Library/Frameworks/Carbon.framework/Versions/A/Frameworks/OpenScripting.framework/Versions/A/OpenScripting
0x0000000000007000 	/System/Library/Frameworks/Carbon.framework/Versions/A/Frameworks/Print.framework/Versions/A/Print
0x0000000000007000 	/System/Library/Frameworks/Carbon.framework/Versions/A/Frameworks/SecurityHI.framework/Versions/A/SecurityHI
0x0000000110414000 	/Library/Java/JavaVirtualMachines/jdk1.7.0_40.jdk/Contents/Home/jre/lib/libawt.dylib
0x00000001104c3000 	/Library/Java/JavaVirtualMachines/jdk1.7.0_40.jdk/Contents/Home/jre/lib/./libmlib_image.dylib
0x000000011058f000 	/Library/Java/JavaVirtualMachines/jdk1.7.0_40.jdk/Contents/Home/jre/lib/lwawt/liblwawt.dylib
0x0000000110643000 	/Library/Java/JavaVirtualMachines/jdk1.7.0_40.jdk/Contents/Home/jre/lib/libosxapp.dylib
0x0000000000007000 	/System/Library/Frameworks/ExceptionHandling.framework/Versions/A/ExceptionHandling
0x0000000000007000 	/System/Library/PrivateFrameworks/CoreServicesInternal.framework/Versions/A/CoreServicesInternal
0x0000000000007000 	/System/Library/PrivateFrameworks/Librarian.framework/Versions/A/Librarian
0x0000000000007000 	/System/Library/Frameworks/CoreGraphics.framework/Versions/A/Resources/libCGCMS.A.dylib
0x0000000000007000 	/System/Library/Frameworks/CoreGraphics.framework/Versions/A/Resources/libRIP.A.dylib
0x0000000000007000 	/System/Library/Frameworks/CoreGraphics.framework/Versions/A/Resources/libCGXType.A.dylib
0x0000000000007000 	/System/Library/PrivateFrameworks/FamilyControls.framework/Versions/A/FamilyControls
0x0000000000007000 	/System/Library/PrivateFrameworks/CommerceKit.framework/Versions/A/Frameworks/CommerceCore.framework/Versions/A/CommerceCore
0x0000000000007000 	/System/Library/PrivateFrameworks/SystemAdministration.framework/Versions/A/SystemAdministration
0x0000000000007000 	/System/Library/Frameworks/DirectoryService.framework/Versions/A/DirectoryService
0x0000000000007000 	/System/Library/PrivateFrameworks/DiskImages.framework/Versions/A/DiskImages
0x0000000000007000 	/System/Library/PrivateFrameworks/LoginUIKit.framework/Versions/A/Frameworks/LoginUICore.framework/Versions/A/LoginUICore
0x0000000000007000 	/usr/lib/libCoreStorage.dylib
0x0000000000007000 	/usr/lib/libcsfde.dylib
0x0000000000007000 	/usr/lib/libodfde.dylib
0x0000000000007000 	/System/Library/Frameworks/DiscRecording.framework/Versions/A/DiscRecording
0x0000000000007000 	/usr/lib/libcurl.4.dylib
0x0000000000007000 	/System/Library/PrivateFrameworks/MediaKit.framework/Versions/A/MediaKit
0x0000000000007000 	/System/Library/PrivateFrameworks/EFILogin.framework/Versions/A/EFILogin
0x0000000000007000 	/usr/lib/libutil.dylib
0x0000000000007000 	/System/Library/PrivateFrameworks/AOSNotification.framework/Versions/A/AOSNotification
0x0000000000007000 	/System/Library/Frameworks/LDAP.framework/Versions/A/LDAP
0x0000000000007000 	/usr/lib/libsasl2.2.dylib
0x0000000000007000 	/usr/lib/libcrypto.0.9.8.dylib
0x0000000000007000 	/usr/lib/libssl.0.9.8.dylib
0x0000000000007000 	/System/Library/Frameworks/OpenGL.framework/Versions/A/Resources/GLEngine.bundle/GLEngine
0x0000000000007000 	/System/Library/Frameworks/OpenGL.framework/Versions/A/Libraries/libGLProgrammability.dylib
0x0000000000000000 	/System/Library/Extensions/AppleIntelHD5000GraphicsGLDriver.bundle/Contents/MacOS/AppleIntelHD5000GraphicsGLDriver
0x0000000000007000 	/System/Library/PrivateFrameworks/IOAccelerator.framework/Versions/A/IOAccelerator
0x0000000000007000 	/System/Library/PrivateFrameworks/GPUSupport.framework/Versions/A/Libraries/libGPUSupportMercury.dylib
0x0000000000007000 	/System/Library/Frameworks/OpenGL.framework/Versions/A/Resources/GLRendererFloat.bundle/GLRendererFloat
0x0000000000007000 	/System/Library/Frameworks/OpenCL.framework/Versions/A/Libraries/libcldcpuengine.dylib
0x00000001155ec000 	/Library/Java/JavaVirtualMachines/jdk1.7.0_40.jdk/Contents/Home/jre/lib/libfontmanager.dylib
0x0000000116de5000 	/Library/Java/JavaVirtualMachines/jdk1.7.0_40.jdk/Contents/Home/jre/lib/libosxui.dylib
0x00000001170bd000 	/Library/Java/JavaVirtualMachines/jdk1.7.0_40.jdk/Contents/Home/jre/lib/libnet.dylib
0x000000011711a000 	/Library/Java/JavaVirtualMachines/jdk1.7.0_40.jdk/Contents/Home/jre/lib/libnio.dylib
0x0000000117289000 	/Users/Saga/Desktop/Kinect/eclipseWorkspace/TestKinect/lib/user/SimpleOpenNI/libSimpleOpenNI.jnilib
0x00000001171b4000 	/usr/lib/libOpenNI.dylib
0x000000011b080000 	/usr/lib/libXnVNite_1_5_2.dylib
0x0000000118d9b000 	/opt/local/lib/libusb-1.0.0.dylib
0x000000011b138000 	/usr/lib/libnimMockNodes.dylib
0x000000011b173000 	/usr/lib/libnimCodecs.dylib
0x000000011b1d6000 	/usr/lib/libnimRecorder.dylib
0x000000011b203000 	/usr/lib/libXnDeviceSensorV2KM.dylib
0x0000000117372000 	/usr/lib/libXnCore.dylib
0x000000011b2a9000 	/usr/lib/libXnFormats.dylib
0x000000011b2f3000 	/usr/lib/libXnDDK.dylib
0x000000011b33d000 	/usr/lib/libXnDeviceFile.dylib
0x000000011b372000 	/usr/lib/libXnVFeatures_1_5_2.dylib
0x000000011b7fb000 	/usr/lib/libXnVHandGenerator_1_5_2.dylib
0x0000000118e05000 	/System/Library/Extensions/IOUSBFamily.kext/Contents/PlugIns/IOUSBLib.bundle/Contents/MacOS/IOUSBLib

VM Arguments:
jvm_args: -Djava.library.path=/Users/Saga/Desktop/Kinect/eclipseWorkspace/TestKinect/lib/base/core:/Users/Saga/Desktop/Kinect/eclipseWorkspace/TestKinect/lib/base/core:/Users/Saga/Desktop/Kinect/eclipseWorkspace/TestKinect/lib/base/core:/Users/Saga/Desktop/Kinect/eclipseWorkspace/TestKinect/lib/base/core:/Users/Saga/Desktop/Kinect/eclipseWorkspace/TestKinect/lib/base/core:/Users/Saga/Desktop/Kinect/eclipseWorkspace/TestKinect/lib/base/core:/Users/Saga/Desktop/Kinect/eclipseWorkspace/TestKinect/lib/base/core:/Users/Saga/Desktop/Kinect/eclipseWorkspace/TestKinect/lib/base/core:/Users/Saga/Desktop/Kinect/eclipseWorkspace/TestKinect/lib/base/core:/Users/Saga/Desktop/Kinect/eclipseWorkspace/TestKinect/lib/base/core:/Users/Saga/Desktop/Kinect/eclipseWorkspace/TestKinect/lib/base/core:/Users/Saga/Desktop/Kinect/eclipseWorkspace/TestKinect/lib/base/core:/Users/Saga/Desktop/Kinect/eclipseWorkspace/TestKinect/lib/base/core:/Users/Saga/Desktop/Kinect/eclipseWorkspace/TestKinect/lib/base/core:/Users/Saga/Desktop/Kinect/eclipseWorkspace/TestKinect/lib/base/core:/Users/Saga/Desktop/Kinect/eclipseWorkspace/TestKinect/lib/user/SimpleOpenNI -Djava.security.policy=java.policy.applet -Dfile.encoding=US-ASCII 
java_command: sun.applet.AppletViewer testkinect.ComparisonGUI1417132450553.html
Launcher Type: SUN_STANDARD

Environment Variables:
PATH=/usr/bin:/bin:/usr/sbin:/sbin
SHELL=/bin/bash
DISPLAY=/tmp/launch-77R32P/org.macosforge.xquartz:0

Signal Handlers:
SIGSEGV: [libjvm.dylib+0x524b25], sa_mask[0]=0xfffefeff, sa_flags=0x00000043
SIGBUS: [libjvm.dylib+0x524b25], sa_mask[0]=0xfffefeff, sa_flags=0x00000042
SIGFPE: [libjvm.dylib+0x4180e6], sa_mask[0]=0xfffefeff, sa_flags=0x00000042
SIGPIPE: [libjvm.dylib+0x4180e6], sa_mask[0]=0xfffefeff, sa_flags=0x00000042
SIGXFSZ: [libjvm.dylib+0x4180e6], sa_mask[0]=0xfffefeff, sa_flags=0x00000042
SIGILL: [libjvm.dylib+0x4180e6], sa_mask[0]=0xfffefeff, sa_flags=0x00000042
SIGUSR1: SIG_DFL, sa_mask[0]=0x00000000, sa_flags=0x00000002
SIGUSR2: [libjvm.dylib+0x417bd8], sa_mask[0]=0x00000004, sa_flags=0x00000042
SIGHUP: [libjvm.dylib+0x415e67], sa_mask[0]=0xfffefeff, sa_flags=0x00000042
SIGINT: [libjvm.dylib+0x415e67], sa_mask[0]=0xfffefeff, sa_flags=0x00000042
SIGTERM: [libjvm.dylib+0x415e67], sa_mask[0]=0xfffefeff, sa_flags=0x00000042
SIGQUIT: [libjvm.dylib+0x415e67], sa_mask[0]=0xfffefeff, sa_flags=0x00000042


---------------  S Y S T E M  ---------------

OS:Bsduname:Darwin 13.4.0 Darwin Kernel Version 13.4.0: Sun Aug 17 19:50:11 PDT 2014; root:xnu-2422.115.4~1/RELEASE_X86_64 x86_64
rlimit: STACK 8192k, CORE 0k, NPROC 709, NOFILE 10240, AS infinity
load average:3.09 2.75 2.68

CPU:total 4 (2 cores per cpu, 2 threads per core) family 6 model 69 stepping 1, cmov, cx8, fxsr, mmx, sse, sse2, sse3, ssse3, sse4.1, sse4.2, popcnt, avx, avx2, aes, erms, ht, tsc, tscinvbit

Memory: 4k page, physical 4194304k(1048576k free)

/proc/meminfo:


vm_info: Java HotSpot(TM) 64-Bit Server VM (24.0-b56) for bsd-amd64 JRE (1.7.0_40-b43), built on Aug 26 2013 21:29:19 by "java_re" with gcc 4.2.1 (Based on Apple Inc. build 5658) (LLVM build 2336.11.00)

time: Thu Nov 27 18:54:28 2014
elapsed time: 17 seconds

