#
# A fatal error has been detected by the Java Runtime Environment:
#
#  SIGSEGV (0xb) at pc=0x000000011dfde9c0, pid=37164, tid=64519
#
# JRE version: Java(TM) SE Runtime Environment (7.0_40-b43) (build 1.7.0_40-b43)
# Java VM: Java HotSpot(TM) 64-Bit Server VM (24.0-b56 mixed mode bsd-amd64 compressed oops)
# Problematic frame:
# C  [libOpenNI.dylib+0x299c0]  xnSetSkeletonProfile+0x10
#
# Failed to write core dump. Core dumps have been disabled. To enable core dumping, try "ulimit -c unlimited" before starting Java again
#
# If you would like to submit a bug report, please visit:
#   http://bugreport.sun.com/bugreport/crash.jsp
# The crash happened outside the Java Virtual Machine in native code.
# See problematic frame for where to report the bug.
#

---------------  T H R E A D  ---------------

Current thread (0x00007ff430db3000):  JavaThread "Animation Thread" [_thread_in_native, id=64519, stack(0x000000011a425000,0x000000011a525000)]

siginfo:si_signo=SIGSEGV: si_errno=0, si_code=1 (SEGV_MAPERR), si_addr=0x0000000000000000

Registers:
RAX=0x0000000000010004, RBX=0x0000000000000002, RCX=0x000000011a5245c8, RDX=0x0000000000000000
RSP=0x000000011a5244c0, RBP=0x000000011a5244e0, RSI=0x0000000000000002, RDI=0x0000000000000000
R8 =0x0000000000000000, R9 =0x0000000000000132, R10=0x000000010ba9466c, R11=0x000000010b46f9af
R12=0x0000000000000000, R13=0x00007ff43200b600, R14=0x0000000000000000, R15=0x00007ff430db3000
RIP=0x000000011dfde9c0, EFLAGS=0x0000000000010206, ERR=0x0000000000000004
  TRAPNO=0x000000000000000e

Top of Stack: (sp=0x000000011a5244c0)
0x000000011a5244c0:   0000000000000001 000000011a5245c8
0x000000011a5244d0:   0000000000000001 0000000000000002
0x000000011a5244e0:   000000011a524600 000000011bcabbb8
0x000000011a5244f0:   000000010ba913eb 000000010ba87310
0x000000011a524500:   00007ff400000000 000000011a524700
0x000000011a524510:   000000011a5246c0 000000010b3ef780
0x000000011a524520:   000000011a524630 000000010b2d2f77
0x000000011a524530:   00007ff4303e1f58 000000010a5c9000
0x000000011a524540:   000000011a524560 000000010b3ff0c2
0x000000011a524550:   0000000000000000 000000011a5245e8
0x000000011a524560:   000000011a524580 000000010b3fabf8
0x000000011a524570:   000000011a5245e8 000000011a5245e8
0x000000011a524580:   000000011a5245a0 000000010b1f376c
0x000000011a524590:   00007ff430db3000 00000007bb844bcc
0x000000011a5245a0:   000000011a524630 000000010b2d32d6
0x000000011a5245b0:   0000000000000000 0000000000000000
0x000000011a5245c0:   000000010ba96130 000000010ba87310
0x000000011a5245d0:   0000000000000000 00000007bb8729d8
0x000000011a5245e0:   0000000000000000 00000007bb8729d8
0x000000011a5245f0:   000000011a5246d8 00007ff430db3000
0x000000011a524600:   000000011a524610 000000011bcac2aa
0x000000011a524610:   000000011a524630 000000011bc6b427
0x000000011a524620:   000000011a524670 00007ff43200b600
0x000000011a524630:   000000011a5246a0 000000010ba94698
0x000000011a524640:   00000007bb840a88 00000007bb840a88
0x000000011a524650:   000000011a5246c0 000000010b2d2c84
0x000000011a524660:   000000011a524660 0000000000000000
0x000000011a524670:   000000011a5246d8 00000007bb899850
0x000000011a524680:   0000000000000000 00000007bb8729d8
0x000000011a524690:   0000000000000000 000000011a5246c0
0x000000011a5246a0:   000000011a524720 000000010ba88350
0x000000011a5246b0:   00000007c11831d0 000000010ba90cc0 

Instructions: (pc=0x000000011dfde9c0)
0x000000011dfde9a0:   04 31 c0 5d c3 48 8b 79 08 5d ff e0 0f 1f 40 00
0x000000011dfde9b0:   55 48 89 e5 41 56 53 48 83 ec 10 89 f3 49 89 fe
0x000000011dfde9c0:   49 8b 0e b8 12 00 01 00 83 79 10 00 74 68 48 8b
0x000000011dfde9d0:   49 08 b8 12 00 01 00 f6 41 03 02 74 59 48 c7 45 

Register to memory mapping:

RAX=0x0000000000010004 is an unknown value
RBX=0x0000000000000002 is an unknown value
RCX=0x000000011a5245c8 is pointing into the stack for thread: 0x00007ff430db3000
RDX=0x0000000000000000 is an unknown value
RSP=0x000000011a5244c0 is pointing into the stack for thread: 0x00007ff430db3000
RBP=0x000000011a5244e0 is pointing into the stack for thread: 0x00007ff430db3000
RSI=0x0000000000000002 is an unknown value
RDI=0x0000000000000000 is an unknown value
R8 =0x0000000000000000 is an unknown value
R9 =0x0000000000000132 is an unknown value
R10=0x000000010ba9466c is at code_begin+620 in an Interpreter codelet
method entry point (kind = native)  [0x000000010ba94400, 0x000000010ba94c40]  2112 bytes
R11=0x000000010b46f9af: throw_unsatisfied_link_error+0 in /Library/Java/JavaVirtualMachines/jdk1.7.0_40.jdk/Contents/Home/jre/lib/server/libjvm.dylib at 0x000000010b000000
R12=0x0000000000000000 is an unknown value
R13=0x00007ff43200b600 is an unknown value
R14=0x0000000000000000 is an unknown value
R15=0x00007ff430db3000 is a thread


Stack: [0x000000011a425000,0x000000011a525000],  sp=0x000000011a5244c0,  free space=1021k
Native frames: (J=compiled Java code, j=interpreted, Vv=VM code, C=native code)
C  [libOpenNI.dylib+0x299c0]  xnSetSkeletonProfile+0x10
C  [libSimpleOpenNI.jnilib+0x48bb8]  _ZN7sOpenNI14ContextWrapper10createUserEib+0xf8
C  [libSimpleOpenNI.jnilib+0x492aa]  _ZN7sOpenNI14ContextWrapper10enableUserEi+0x2a
C  [libSimpleOpenNI.jnilib+0x8427]  Java_SimpleOpenNI_SimpleOpenNIJNI_ContextWrapper_1enableUserSwigExplicitContextWrapper+0x17
j  SimpleOpenNI.SimpleOpenNIJNI.ContextWrapper_enableUserSwigExplicitContextWrapper(JLSimpleOpenNI/ContextWrapper;I)Z+0
j  SimpleOpenNI.ContextWrapper.enableUser(I)Z+28
j  SimpleOpenNI.SimpleOpenNI.enableUser(ILjava/lang/Object;)Z+17
j  SimpleOpenNI.SimpleOpenNI.enableUser(I)Z+6
j  testkinect.ModelInputPApplet.setup()V+50
j  processing.core.PApplet.handleDraw()V+141
j  processing.core.PGraphicsJava2D.requestDraw()V+4
j  processing.core.PApplet.run()V+156
j  java.lang.Thread.run()V+11
v  ~StubRoutines::call_stub
V  [libjvm.dylib+0x2d6740]
V  [libjvm.dylib+0x2d6c57]
V  [libjvm.dylib+0x2d6d94]
V  [libjvm.dylib+0x325be2]
V  [libjvm.dylib+0x4ef257]
V  [libjvm.dylib+0x4f095f]
V  [libjvm.dylib+0x41a8e1]
C  [libsystem_pthread.dylib+0x1899]  _pthread_body+0x8a
C  [libsystem_pthread.dylib+0x172a]  _pthread_struct_init+0x0
C  [libsystem_pthread.dylib+0x5fc9]  thread_start+0xd

Java frames: (J=compiled Java code, j=interpreted, Vv=VM code)
j  SimpleOpenNI.SimpleOpenNIJNI.ContextWrapper_enableUserSwigExplicitContextWrapper(JLSimpleOpenNI/ContextWrapper;I)Z+0
j  SimpleOpenNI.ContextWrapper.enableUser(I)Z+28
j  SimpleOpenNI.SimpleOpenNI.enableUser(ILjava/lang/Object;)Z+17
j  SimpleOpenNI.SimpleOpenNI.enableUser(I)Z+6
j  testkinect.ModelInputPApplet.setup()V+50
j  processing.core.PApplet.handleDraw()V+141
j  processing.core.PGraphicsJava2D.requestDraw()V+4
j  processing.core.PApplet.run()V+156
j  java.lang.Thread.run()V+11
v  ~StubRoutines::call_stub

---------------  P R O C E S S  ---------------

Java Threads: ( => current thread )
=>0x00007ff430db3000 JavaThread "Animation Thread" [_thread_in_native, id=64519, stack(0x000000011a425000,0x000000011a525000)]
  0x00007ff42a000800 JavaThread "Animation Thread" [_thread_in_native, id=13575, stack(0x000000011bb61000,0x000000011bc61000)]
  0x00007ff4298c6000 JavaThread "AWT-EventQueue-1" [_thread_blocked, id=56603, stack(0x000000011a292000,0x000000011a392000)]
  0x00007ff4298c5800 JavaThread "DestroyJavaVM" [_thread_blocked, id=6403, stack(0x000000010a6c5000,0x000000010a7c5000)]
  0x00007ff428909000 JavaThread "AWT-EventQueue-0" [_thread_blocked, id=54543, stack(0x00000001197ec000,0x00000001198ec000)]
  0x00007ff428904800 JavaThread "thread applet-testkinect.ComparisonGUI.class" [_thread_blocked, id=50703, stack(0x0000000118509000,0x0000000118609000)]
  0x00007ff42a0b1800 JavaThread "Java2D Disposer" daemon [_thread_blocked, id=47923, stack(0x000000011839c000,0x000000011849c000)]
  0x00007ff4288c7800 JavaThread "Java2D Queue Flusher" daemon [_thread_blocked, id=46599, stack(0x0000000117613000,0x0000000117713000)]
  0x00007ff428884000 JavaThread "AWT-Shutdown" [_thread_blocked, id=27915, stack(0x0000000114d58000,0x0000000114e58000)]
  0x00007ff429030800 JavaThread "AppKit Thread" daemon [_thread_in_native, id=1287, stack(0x00007fff555d0000,0x00007fff55650000)]
  0x00007ff42a024000 JavaThread "Service Thread" daemon [_thread_blocked, id=19203, stack(0x00000001131c5000,0x00000001132c5000)]
  0x00007ff42a023000 JavaThread "C2 CompilerThread1" daemon [_thread_blocked, id=18691, stack(0x00000001130c2000,0x00000001131c2000)]
  0x00007ff42a00a000 JavaThread "C2 CompilerThread0" daemon [_thread_blocked, id=18179, stack(0x0000000112fbf000,0x00000001130bf000)]
  0x00007ff42a01a000 JavaThread "Signal Dispatcher" daemon [_thread_blocked, id=17667, stack(0x0000000112ebc000,0x0000000112fbc000)]
  0x00007ff429019000 JavaThread "Finalizer" daemon [_thread_blocked, id=12547, stack(0x0000000112c6d000,0x0000000112d6d000)]
  0x00007ff429016800 JavaThread "Reference Handler" daemon [_thread_blocked, id=12035, stack(0x0000000112b6a000,0x0000000112c6a000)]

Other Threads:
  0x00007ff429015800 VMThread [stack: 0x0000000112a67000,0x0000000112b67000] [id=11523]
  0x00007ff42901b000 WatcherThread [stack: 0x00000001132c8000,0x00000001133c8000] [id=19715]

VM state:not at safepoint (normal execution)

VM Mutex/Monitor currently owned by a thread: None

Heap
 PSYoungGen      total 35328K, used 8355K [0x00000007eaa80000, 0x00000007f0f80000, 0x0000000800000000)
  eden space 32768K, 18% used [0x00000007eaa80000,0x00000007eb045e50,0x00000007eca80000)
  from space 2560K, 95% used [0x00000007eca80000,0x00000007ecce3058,0x00000007ecd00000)
  to   space 22528K, 0% used [0x00000007ef980000,0x00000007ef980000,0x00000007f0f80000)
 ParOldGen       total 81408K, used 51078K [0x00000007c0000000, 0x00000007c4f80000, 0x00000007eaa80000)
  object space 81408K, 62% used [0x00000007c0000000,0x00000007c31e1978,0x00000007c4f80000)
 PSPermGen       total 25088K, used 11000K [0x00000007bae00000, 0x00000007bc680000, 0x00000007c0000000)
  object space 25088K, 43% used [0x00000007bae00000,0x00000007bb8be038,0x00000007bc680000)

Card table byte_map: [0x000000010eb42000,0x000000010ed6c000] byte_map_base: 0x000000010ad6b000

Polling page: 0x000000010a7d4000

Code Cache  [0x000000010ba82000, 0x000000010bcf2000, 0x000000010ea82000)
 total_blobs=616 nmethods=104 adapters=466 free_code_cache=48450Kb largest_free_block=49585664

Compilation events (10 events):
Event: 44.650 Thread 0x00007ff42a00a000  100             testkinect.ModelInputPApplet::draw (140 bytes)
Event: 44.657 Thread 0x00007ff42a00a000 nmethod 100 0x000000010bb31590 code [0x000000010bb317a0, 0x000000010bb31c18]
Event: 46.823 Thread 0x00007ff42a023000  101             java.lang.ThreadLocal::getMap (5 bytes)
Event: 46.823 Thread 0x00007ff42a00a000  102             java.lang.ThreadLocal::access$400 (5 bytes)
Event: 46.824 Thread 0x00007ff42a023000 nmethod 101 0x000000010bb32d10 code [0x000000010bb32e40, 0x000000010bb32eb8]
Event: 46.824 Thread 0x00007ff42a00a000 nmethod 102 0x000000010bb32a90 code [0x000000010bb32bc0, 0x000000010bb32c18]
Event: 46.985 Thread 0x00007ff42a023000  103             sun.java2d.pipe.Region::getInstanceXYXY (12 bytes)
Event: 46.986 Thread 0x00007ff42a023000 nmethod 103 0x000000010bb265d0 code [0x000000010bb26720, 0x000000010bb267d8]
Event: 47.009 Thread 0x00007ff42a00a000  104             java.lang.ThreadLocal::get (34 bytes)
Event: 47.011 Thread 0x00007ff42a00a000 nmethod 104 0x000000010bb2de50 code [0x000000010bb2dfa0, 0x000000010bb2e0d8]

GC Heap History (10 events):
Event: 14.831 GC heap before
{Heap before GC invocations=3 (full 1):
 PSYoungGen      total 19456K, used 2551K [0x00000007eaa80000, 0x00000007ed080000, 0x0000000800000000)
  eden space 16896K, 0% used [0x00000007eaa80000,0x00000007eaa80000,0x00000007ebb00000)
  from space 2560K, 99% used [0x00000007ebd80000,0x00000007ebffdc80,0x00000007ec000000)
  to   space 2560K, 0% used [0x00000007ebb00000,0x00000007ebb00000,0x00000007ebd80000)
 ParOldGen       total 43520K, used 27258K [0x00000007c0000000, 0x00000007c2a80000, 0x00000007eaa80000)
  object space 43520K, 62% used [0x00000007c0000000,0x00000007c1a9eb68,0x00000007c2a80000)
 PSPermGen       total 21504K, used 10899K [0x00000007bae00000, 0x00000007bc300000, 0x00000007c0000000)
  object space 21504K, 50% used [0x00000007bae00000,0x00000007bb8a4f60,0x00000007bc300000)
Event: 15.007 GC heap after
Heap after GC invocations=3 (full 1):
 PSYoungGen      total 19456K, used 0K [0x00000007eaa80000, 0x00000007ed080000, 0x0000000800000000)
  eden space 16896K, 0% used [0x00000007eaa80000,0x00000007eaa80000,0x00000007ebb00000)
  from space 2560K, 0% used [0x00000007ebd80000,0x00000007ebd80000,0x00000007ec000000)
  to   space 2560K, 0% used [0x00000007ebb00000,0x00000007ebb00000,0x00000007ebd80000)
 ParOldGen       total 59392K, used 23060K [0x00000007c0000000, 0x00000007c3a00000, 0x00000007eaa80000)
  object space 59392K, 38% used [0x00000007c0000000,0x00000007c1685068,0x00000007c3a00000)
 PSPermGen       total 22016K, used 10896K [0x00000007bae00000, 0x00000007bc380000, 0x00000007c0000000)
  object space 22016K, 49% used [0x00000007bae00000,0x00000007bb8a43f8,0x00000007bc380000)
}
Event: 16.116 GC heap before
{Heap before GC invocations=4 (full 1):
 PSYoungGen      total 19456K, used 16421K [0x00000007eaa80000, 0x00000007ed080000, 0x0000000800000000)
  eden space 16896K, 97% used [0x00000007eaa80000,0x00000007eba895b0,0x00000007ebb00000)
  from space 2560K, 0% used [0x00000007ebd80000,0x00000007ebd80000,0x00000007ec000000)
  to   space 2560K, 0% used [0x00000007ebb00000,0x00000007ebb00000,0x00000007ebd80000)
 ParOldGen       total 59392K, used 23060K [0x00000007c0000000, 0x00000007c3a00000, 0x00000007eaa80000)
  object space 59392K, 38% used [0x00000007c0000000,0x00000007c1685068,0x00000007c3a00000)
 PSPermGen       total 22016K, used 10896K [0x00000007bae00000, 0x00000007bc380000, 0x00000007c0000000)
  object space 22016K, 49% used [0x00000007bae00000,0x00000007bb8a43f8,0x00000007bc380000)
Event: 16.172 GC heap after
Heap after GC invocations=4 (full 1):
 PSYoungGen      total 19456K, used 2560K [0x00000007eaa80000, 0x00000007ecf80000, 0x0000000800000000)
  eden space 16896K, 0% used [0x00000007eaa80000,0x00000007eaa80000,0x00000007ebb00000)
  from space 2560K, 100% used [0x00000007ebb00000,0x00000007ebd80000,0x00000007ebd80000)
  to   space 2560K, 0% used [0x00000007ecd00000,0x00000007ecd00000,0x00000007ecf80000)
 ParOldGen       total 59392K, used 36780K [0x00000007c0000000, 0x00000007c3a00000, 0x00000007eaa80000)
  object space 59392K, 61% used [0x00000007c0000000,0x00000007c23eb068,0x00000007c3a00000)
 PSPermGen       total 22016K, used 10896K [0x00000007bae00000, 0x00000007bc380000, 0x00000007c0000000)
  object space 22016K, 49% used [0x00000007bae00000,0x00000007bb8a43f8,0x00000007bc380000)
}
Event: 27.656 GC heap before
{Heap before GC invocations=5 (full 1):
 PSYoungGen      total 19456K, used 17857K [0x00000007eaa80000, 0x00000007ecf80000, 0x0000000800000000)
  eden space 16896K, 90% used [0x00000007eaa80000,0x00000007eb970568,0x00000007ebb00000)
  from space 2560K, 100% used [0x00000007ebb00000,0x00000007ebd80000,0x00000007ebd80000)
  to   space 2560K, 0% used [0x00000007ecd00000,0x00000007ecd00000,0x00000007ecf80000)
 ParOldGen       total 59392K, used 36780K [0x00000007c0000000, 0x00000007c3a00000, 0x00000007eaa80000)
  object space 59392K, 61% used [0x00000007c0000000,0x00000007c23eb068,0x00000007c3a00000)
 PSPermGen       total 22016K, used 10972K [0x00000007bae00000, 0x00000007bc380000, 0x00000007c0000000)
  object space 22016K, 49% used [0x00000007bae00000,0x00000007bb8b7180,0x00000007bc380000)
Event: 27.671 GC heap after
Heap after GC invocations=5 (full 1):
 PSYoungGen      total 34816K, used 2560K [0x00000007eaa80000, 0x00000007ecf80000, 0x0000000800000000)
  eden space 32256K, 0% used [0x00000007eaa80000,0x00000007eaa80000,0x00000007eca00000)
  from space 2560K, 100% used [0x00000007ecd00000,0x00000007ecf80000,0x00000007ecf80000)
  to   space 2560K, 0% used [0x00000007eca80000,0x00000007eca80000,0x00000007ecd00000)
 ParOldGen       total 59392K, used 47028K [0x00000007c0000000, 0x00000007c3a00000, 0x00000007eaa80000)
  object space 59392K, 79% used [0x00000007c0000000,0x00000007c2ded250,0x00000007c3a00000)
 PSPermGen       total 22016K, used 10972K [0x00000007bae00000, 0x00000007bc380000, 0x00000007c0000000)
  object space 22016K, 49% used [0x00000007bae00000,0x00000007bb8b7180,0x00000007bc380000)
}
Event: 27.671 GC heap before
{Heap before GC invocations=6 (full 2):
 PSYoungGen      total 34816K, used 2560K [0x00000007eaa80000, 0x00000007ecf80000, 0x0000000800000000)
  eden space 32256K, 0% used [0x00000007eaa80000,0x00000007eaa80000,0x00000007eca00000)
  from space 2560K, 100% used [0x00000007ecd00000,0x00000007ecf80000,0x00000007ecf80000)
  to   space 2560K, 0% used [0x00000007eca80000,0x00000007eca80000,0x00000007ecd00000)
 ParOldGen       total 59392K, used 47028K [0x00000007c0000000, 0x00000007c3a00000, 0x00000007eaa80000)
  object space 59392K, 79% used [0x00000007c0000000,0x00000007c2ded250,0x00000007c3a00000)
 PSPermGen       total 22016K, used 10972K [0x00000007bae00000, 0x00000007bc380000, 0x00000007c0000000)
  object space 22016K, 49% used [0x00000007bae00000,0x00000007bb8b7180,0x00000007bc380000)
Event: 27.985 GC heap after
Heap after GC invocations=6 (full 2):
 PSYoungGen      total 34816K, used 0K [0x00000007eaa80000, 0x00000007ecf80000, 0x0000000800000000)
  eden space 32256K, 0% used [0x00000007eaa80000,0x00000007eaa80000,0x00000007eca00000)
  from space 2560K, 0% used [0x00000007ecd00000,0x00000007ecd00000,0x00000007ecf80000)
  to   space 2560K, 0% used [0x00000007eca80000,0x00000007eca80000,0x00000007ecd00000)
 ParOldGen       total 81408K, used 42814K [0x00000007c0000000, 0x00000007c4f80000, 0x00000007eaa80000)
  object space 81408K, 52% used [0x00000007c0000000,0x00000007c29cfa00,0x00000007c4f80000)
 PSPermGen       total 25088K, used 10972K [0x00000007bae00000, 0x00000007bc680000, 0x00000007c0000000)
  object space 25088K, 43% used [0x00000007bae00000,0x00000007bb8b7180,0x00000007bc680000)
}
Event: 29.356 GC heap before
{Heap before GC invocations=7 (full 2):
 PSYoungGen      total 34816K, used 30245K [0x00000007eaa80000, 0x00000007ecf80000, 0x0000000800000000)
  eden space 32256K, 93% used [0x00000007eaa80000,0x00000007ec8097c8,0x00000007eca00000)
  from space 2560K, 0% used [0x00000007ecd00000,0x00000007ecd00000,0x00000007ecf80000)
  to   space 2560K, 0% used [0x00000007eca80000,0x00000007eca80000,0x00000007ecd00000)
 ParOldGen       total 81408K, used 42814K [0x00000007c0000000, 0x00000007c4f80000, 0x00000007eaa80000)
  object space 81408K, 52% used [0x00000007c0000000,0x00000007c29cfa00,0x00000007c4f80000)
 PSPermGen       total 25088K, used 10980K [0x00000007bae00000, 0x00000007bc680000, 0x00000007c0000000)
  object space 25088K, 43% used [0x00000007bae00000,0x00000007bb8b92a0,0x00000007bc680000)
Event: 29.365 GC heap after
Heap after GC invocations=7 (full 2):
 PSYoungGen      total 35328K, used 2444K [0x00000007eaa80000, 0x00000007f0f80000, 0x0000000800000000)
  eden space 32768K, 0% used [0x00000007eaa80000,0x00000007eaa80000,0x00000007eca80000)
  from space 2560K, 95% used [0x00000007eca80000,0x00000007ecce3058,0x00000007ecd00000)
  to   space 22528K, 0% used [0x00000007ef980000,0x00000007ef980000,0x00000007f0f80000)
 ParOldGen       total 81408K, used 51078K [0x00000007c0000000, 0x00000007c4f80000, 0x00000007eaa80000)
  object space 81408K, 62% used [0x00000007c0000000,0x00000007c31e1978,0x00000007c4f80000)
 PSPermGen       total 25088K, used 10980K [0x00000007bae00000, 0x00000007bc680000, 0x00000007c0000000)
  object space 25088K, 43% used [0x00000007bae00000,0x00000007bb8b92a0,0x00000007bc680000)
}

Deoptimization events (5 events):
Event: 29.024 Thread 0x00007ff4288c7800 Uncommon trap: reason=predicate action=maybe_recompile pc=0x000000010bb24d80 method=java.util.Arrays.fill([Ljava/lang/Object;Ljava/lang/Object;)V @ 10
Event: 35.840 Thread 0x00007ff4288c7800 Uncommon trap: reason=array_check action=maybe_recompile pc=0x000000010bb26b38 method=java.util.Arrays.fill([Ljava/lang/Object;Ljava/lang/Object;)V @ 13
Event: 35.874 Thread 0x00007ff4288c7800 Uncommon trap: reason=array_check action=maybe_recompile pc=0x000000010bb26b38 method=java.util.Arrays.fill([Ljava/lang/Object;Ljava/lang/Object;)V @ 13
Event: 35.910 Thread 0x00007ff4288c7800 Uncommon trap: reason=array_check action=maybe_recompile pc=0x000000010bb26b38 method=java.util.Arrays.fill([Ljava/lang/Object;Ljava/lang/Object;)V @ 13
Event: 35.941 Thread 0x00007ff4288c7800 Uncommon trap: reason=array_check action=maybe_recompile pc=0x000000010bb26b38 method=java.util.Arrays.fill([Ljava/lang/Object;Ljava/lang/Object;)V @ 13

Internal exceptions (10 events):
Event: 14.341 Thread 0x00007ff42a000800 Threw 0x00000007eb812c40 at /HUDSON/workspace/jdk7u40-2-build-macosx-amd64-product/jdk7u40/hotspot/src/share/vm/prims/jvm.cpp:1244
Event: 14.344 Thread 0x00007ff42a000800 Threw 0x00000007eb81d778 at /HUDSON/workspace/jdk7u40-2-build-macosx-amd64-product/jdk7u40/hotspot/src/share/vm/prims/jvm.cpp:1244
Event: 14.374 Thread 0x00007ff42a000800 Threw 0x00000007eb8a5800 at /HUDSON/workspace/jdk7u40-2-build-macosx-amd64-product/jdk7u40/hotspot/src/share/vm/prims/jvm.cpp:1244
Event: 14.383 Thread 0x00007ff42a000800 Threw 0x00000007eb8e3210 at /HUDSON/workspace/jdk7u40-2-build-macosx-amd64-product/jdk7u40/hotspot/src/share/vm/prims/jvm.cpp:1244
Event: 14.385 Thread 0x00007ff42a000800 Threw 0x00000007eb8eb010 at /HUDSON/workspace/jdk7u40-2-build-macosx-amd64-product/jdk7u40/hotspot/src/share/vm/prims/jvm.cpp:1244
Event: 14.386 Thread 0x00007ff42a000800 Threw 0x00000007eb8f8550 at /HUDSON/workspace/jdk7u40-2-build-macosx-amd64-product/jdk7u40/hotspot/src/share/vm/prims/jvm.cpp:1244
Event: 14.723 Thread 0x00007ff42a000800 Threw 0x00000007eacd9798 at /HUDSON/workspace/jdk7u40-2-build-macosx-amd64-product/jdk7u40/hotspot/src/share/vm/prims/jvm.cpp:1244
Event: 16.174 Thread 0x00007ff42a000800 Threw 0x00000007eabaf1d0 at /HUDSON/workspace/jdk7u40-2-build-macosx-amd64-product/jdk7u40/hotspot/src/share/vm/prims/jvm.cpp:1244
Event: 16.212 Thread 0x00007ff42a000800 Threw 0x00000007eabb5860 at /HUDSON/workspace/jdk7u40-2-build-macosx-amd64-product/jdk7u40/hotspot/src/share/vm/prims/jvm.cpp:1244
Event: 16.386 Thread 0x00007ff42a000800 Threw 0x00000007eabba9a8 at /HUDSON/workspace/jdk7u40-2-build-macosx-amd64-product/jdk7u40/hotspot/src/share/vm/prims/jvm.cpp:1244

Events (10 events):
Event: 35.941 Thread 0x00007ff4288c7800 Uncommon trap: trap_request=0xffffffd6 fr.pc=0x000000010bb26b38
Event: 35.941 Thread 0x00007ff4288c7800 DEOPT PACKING pc=0x000000010bb26b38 sp=0x00000001177127f0
Event: 35.941 Thread 0x00007ff4288c7800 DEOPT UNPACKING pc=0x000000010babb045 sp=0x00000001177127b8 mode 2
Event: 49.141 loading class 0x00007ff429838510
Event: 49.142 loading class 0x00007ff429838510 done
Event: 49.142 loading class 0x00007ff42a027450
Event: 49.142 loading class 0x00007ff42a027450 done
Event: 49.142 loading class 0x00007ff42a0275b0
Event: 49.143 loading class 0x00007ff42a0275b0 done
Event: 49.146 Thread 0x00007ff430db3000 Thread added: 0x00007ff430db3000


Dynamic libraries:
0x0000000000007000 	/System/Library/Frameworks/Cocoa.framework/Versions/A/Cocoa
0x0000000000007000 	/System/Library/Frameworks/Security.framework/Versions/A/Security
0x0000000000007000 	/System/Library/Frameworks/ApplicationServices.framework/Versions/A/ApplicationServices
0x0000000000007000 	/usr/lib/libz.1.dylib
0x0000000000007000 	/usr/lib/libSystem.B.dylib
0x0000000000007000 	/usr/lib/libobjc.A.dylib
0x0000000000007000 	/System/Library/Frameworks/CoreFoundation.framework/Versions/A/CoreFoundation
0x0000000000007000 	/System/Library/Frameworks/Foundation.framework/Versions/C/Foundation
0x0000000000007000 	/System/Library/Frameworks/AppKit.framework/Versions/C/AppKit
0x0000000000007000 	/System/Library/Frameworks/CoreData.framework/Versions/A/CoreData
0x0000000000007000 	/System/Library/PrivateFrameworks/RemoteViewServices.framework/Versions/A/RemoteViewServices
0x0000000000007000 	/System/Library/Frameworks/AudioToolbox.framework/Versions/A/AudioToolbox
0x0000000000007000 	/System/Library/Frameworks/AudioUnit.framework/Versions/A/AudioUnit
0x0000000000007000 	/System/Library/PrivateFrameworks/DataDetectorsCore.framework/Versions/A/DataDetectorsCore
0x0000000000007000 	/System/Library/PrivateFrameworks/DesktopServicesPriv.framework/Versions/A/DesktopServicesPriv
0x0000000000007000 	/System/Library/Frameworks/Carbon.framework/Versions/A/Frameworks/HIToolbox.framework/Versions/A/HIToolbox
0x0000000000007000 	/System/Library/Frameworks/QuartzCore.framework/Versions/A/QuartzCore
0x0000000000007000 	/System/Library/Frameworks/Carbon.framework/Versions/A/Frameworks/SpeechRecognition.framework/Versions/A/SpeechRecognition
0x0000000000007000 	/usr/lib/libauto.dylib
0x0000000000007000 	/usr/lib/libicucore.A.dylib
0x0000000000007000 	/usr/lib/libxml2.2.dylib
0x0000000000007000 	/System/Library/PrivateFrameworks/CoreUI.framework/Versions/A/CoreUI
0x0000000000007000 	/System/Library/Frameworks/CoreAudio.framework/Versions/A/CoreAudio
0x0000000000007000 	/System/Library/Frameworks/DiskArbitration.framework/Versions/A/DiskArbitration
0x0000000000007000 	/usr/lib/liblangid.dylib
0x0000000000007000 	/System/Library/PrivateFrameworks/MultitouchSupport.framework/Versions/A/MultitouchSupport
0x0000000000007000 	/System/Library/Frameworks/IOKit.framework/Versions/A/IOKit
0x0000000000007000 	/usr/lib/libDiagnosticMessagesClient.dylib
0x0000000000007000 	/System/Library/Frameworks/CoreServices.framework/Versions/A/CoreServices
0x0000000000007000 	/System/Library/PrivateFrameworks/PerformanceAnalysis.framework/Versions/A/PerformanceAnalysis
0x0000000000007000 	/System/Library/PrivateFrameworks/GenerationalStorage.framework/Versions/A/GenerationalStorage
0x0000000000007000 	/System/Library/Frameworks/OpenGL.framework/Versions/A/OpenGL
0x0000000000007000 	/System/Library/PrivateFrameworks/Sharing.framework/Versions/A/Sharing
0x0000000000007000 	/System/Library/Frameworks/ImageIO.framework/Versions/A/ImageIO
0x0000000000007000 	/System/Library/Frameworks/CoreText.framework/Versions/A/CoreText
0x0000000000007000 	/System/Library/Frameworks/CoreGraphics.framework/Versions/A/CoreGraphics
0x0000000000007000 	/System/Library/PrivateFrameworks/Backup.framework/Versions/A/Backup
0x0000000000007000 	/System/Library/Frameworks/CFNetwork.framework/Versions/A/CFNetwork
0x0000000000007000 	/System/Library/Frameworks/SystemConfiguration.framework/Versions/A/SystemConfiguration
0x0000000000007000 	/usr/lib/libCRFSuite.dylib
0x0000000000007000 	/usr/lib/libc++.1.dylib
0x0000000000007000 	/usr/lib/libc++abi.dylib
0x0000000000007000 	/usr/lib/system/libcache.dylib
0x0000000000007000 	/usr/lib/system/libcommonCrypto.dylib
0x0000000000007000 	/usr/lib/system/libcompiler_rt.dylib
0x0000000000007000 	/usr/lib/system/libcopyfile.dylib
0x0000000000007000 	/usr/lib/system/libcorecrypto.dylib
0x0000000000007000 	/usr/lib/system/libdispatch.dylib
0x0000000000007000 	/usr/lib/system/libdyld.dylib
0x0000000000007000 	/usr/lib/system/libkeymgr.dylib
0x0000000000007000 	/usr/lib/system/liblaunch.dylib
0x0000000000007000 	/usr/lib/system/libmacho.dylib
0x0000000000007000 	/usr/lib/system/libquarantine.dylib
0x0000000000007000 	/usr/lib/system/libremovefile.dylib
0x0000000000007000 	/usr/lib/system/libsystem_asl.dylib
0x0000000000007000 	/usr/lib/system/libsystem_blocks.dylib
0x0000000000007000 	/usr/lib/system/libsystem_c.dylib
0x0000000000007000 	/usr/lib/system/libsystem_configuration.dylib
0x0000000000007000 	/usr/lib/system/libsystem_dnssd.dylib
0x0000000000007000 	/usr/lib/system/libsystem_info.dylib
0x0000000000007000 	/usr/lib/system/libsystem_kernel.dylib
0x0000000000007000 	/usr/lib/system/libsystem_m.dylib
0x0000000000007000 	/usr/lib/system/libsystem_malloc.dylib
0x0000000000007000 	/usr/lib/system/libsystem_network.dylib
0x0000000000007000 	/usr/lib/system/libsystem_notify.dylib
0x0000000000007000 	/usr/lib/system/libsystem_platform.dylib
0x0000000000007000 	/usr/lib/system/libsystem_pthread.dylib
0x0000000000007000 	/usr/lib/system/libsystem_sandbox.dylib
0x0000000000007000 	/usr/lib/system/libsystem_stats.dylib
0x0000000000007000 	/usr/lib/system/libunc.dylib
0x0000000000007000 	/usr/lib/system/libunwind.dylib
0x0000000000007000 	/usr/lib/system/libxpc.dylib
0x0000000000007000 	/usr/lib/libbsm.0.dylib
0x0000000000007000 	/usr/lib/libsqlite3.dylib
0x0000000000007000 	/usr/lib/libxar.1.dylib
0x0000000000007000 	/usr/lib/libpam.2.dylib
0x0000000000007000 	/usr/lib/libOpenScriptingUtil.dylib
0x0000000000007000 	/usr/lib/libbz2.1.0.dylib
0x0000000000007000 	/System/Library/Frameworks/CoreServices.framework/Versions/A/Frameworks/CarbonCore.framework/Versions/A/CarbonCore
0x0000000000007000 	/System/Library/Frameworks/CoreServices.framework/Versions/A/Frameworks/Metadata.framework/Versions/A/Metadata
0x0000000000007000 	/System/Library/Frameworks/CoreServices.framework/Versions/A/Frameworks/OSServices.framework/Versions/A/OSServices
0x0000000000007000 	/System/Library/Frameworks/CoreServices.framework/Versions/A/Frameworks/SearchKit.framework/Versions/A/SearchKit
0x0000000000007000 	/System/Library/Frameworks/CoreServices.framework/Versions/A/Frameworks/AE.framework/Versions/A/AE
0x0000000000007000 	/System/Library/Frameworks/CoreServices.framework/Versions/A/Frameworks/LaunchServices.framework/Versions/A/LaunchServices
0x0000000000007000 	/System/Library/Frameworks/CoreServices.framework/Versions/A/Frameworks/DictionaryServices.framework/Versions/A/DictionaryServices
0x0000000000007000 	/System/Library/Frameworks/NetFS.framework/Versions/A/NetFS
0x0000000000007000 	/usr/lib/system/libkxld.dylib
0x0000000000007000 	/System/Library/PrivateFrameworks/NetAuth.framework/Versions/A/NetAuth
0x0000000000007000 	/System/Library/PrivateFrameworks/TCC.framework/Versions/A/TCC
0x0000000000007000 	/System/Library/Frameworks/OpenDirectory.framework/Versions/A/Frameworks/CFOpenDirectory.framework/Versions/A/CFOpenDirectory
0x0000000000007000 	/System/Library/Frameworks/ServiceManagement.framework/Versions/A/ServiceManagement
0x0000000000007000 	/usr/lib/libxslt.1.dylib
0x0000000000007000 	/System/Library/Frameworks/Carbon.framework/Versions/A/Frameworks/Ink.framework/Versions/A/Ink
0x0000000000007000 	/System/Library/Frameworks/ApplicationServices.framework/Versions/A/Frameworks/ATS.framework/Versions/A/ATS
0x0000000000007000 	/System/Library/Frameworks/ApplicationServices.framework/Versions/A/Frameworks/ColorSync.framework/Versions/A/ColorSync
0x0000000000007000 	/System/Library/Frameworks/ApplicationServices.framework/Versions/A/Frameworks/HIServices.framework/Versions/A/HIServices
0x0000000000007000 	/System/Library/Frameworks/ApplicationServices.framework/Versions/A/Frameworks/LangAnalysis.framework/Versions/A/LangAnalysis
0x0000000000007000 	/System/Library/Frameworks/ApplicationServices.framework/Versions/A/Frameworks/PrintCore.framework/Versions/A/PrintCore
0x0000000000007000 	/System/Library/Frameworks/ApplicationServices.framework/Versions/A/Frameworks/QD.framework/Versions/A/QD
0x0000000000007000 	/System/Library/Frameworks/ApplicationServices.framework/Versions/A/Frameworks/SpeechSynthesis.framework/Versions/A/SpeechSynthesis
0x0000000000007000 	/System/Library/Frameworks/IOSurface.framework/Versions/A/IOSurface
0x0000000000007000 	/System/Library/Frameworks/Accelerate.framework/Versions/A/Accelerate
0x0000000000007000 	/System/Library/Frameworks/Accelerate.framework/Versions/A/Frameworks/vImage.framework/Versions/A/vImage
0x0000000000007000 	/System/Library/Frameworks/Accelerate.framework/Versions/A/Frameworks/vecLib.framework/Versions/A/vecLib
0x0000000000007000 	/System/Library/Frameworks/Accelerate.framework/Versions/A/Frameworks/vecLib.framework/Versions/A/libvDSP.dylib
0x0000000000007000 	/System/Library/Frameworks/Accelerate.framework/Versions/A/Frameworks/vecLib.framework/Versions/A/libvMisc.dylib
0x0000000000007000 	/System/Library/Frameworks/Accelerate.framework/Versions/A/Frameworks/vecLib.framework/Versions/A/libLAPACK.dylib
0x0000000000007000 	/System/Library/Frameworks/Accelerate.framework/Versions/A/Frameworks/vecLib.framework/Versions/A/libBLAS.dylib
0x0000000000007000 	/System/Library/Frameworks/ApplicationServices.framework/Versions/A/Frameworks/ATS.framework/Versions/A/Resources/libFontParser.dylib
0x0000000000007000 	/System/Library/Frameworks/ApplicationServices.framework/Versions/A/Frameworks/ATS.framework/Versions/A/Resources/libFontRegistry.dylib
0x0000000000007000 	/System/Library/Frameworks/ImageIO.framework/Versions/A/Resources/libJPEG.dylib
0x0000000000007000 	/System/Library/Frameworks/ImageIO.framework/Versions/A/Resources/libTIFF.dylib
0x0000000000007000 	/System/Library/Frameworks/ImageIO.framework/Versions/A/Resources/libPng.dylib
0x0000000000007000 	/System/Library/Frameworks/ImageIO.framework/Versions/A/Resources/libGIF.dylib
0x0000000000007000 	/System/Library/Frameworks/ImageIO.framework/Versions/A/Resources/libJP2.dylib
0x0000000000007000 	/System/Library/Frameworks/ImageIO.framework/Versions/A/Resources/libRadiance.dylib
0x0000000000007000 	/usr/lib/libcups.2.dylib
0x0000000000007000 	/System/Library/Frameworks/Kerberos.framework/Versions/A/Kerberos
0x0000000000007000 	/System/Library/Frameworks/GSS.framework/Versions/A/GSS
0x0000000000007000 	/usr/lib/libresolv.9.dylib
0x0000000000007000 	/usr/lib/libiconv.2.dylib
0x0000000000007000 	/System/Library/PrivateFrameworks/Heimdal.framework/Versions/A/Heimdal
0x0000000000007000 	/System/Library/PrivateFrameworks/TrustEvaluationAgent.framework/Versions/A/TrustEvaluationAgent
0x0000000000007000 	/usr/lib/libheimdal-asn1.dylib
0x0000000000007000 	/System/Library/Frameworks/OpenDirectory.framework/Versions/A/OpenDirectory
0x0000000000007000 	/System/Library/PrivateFrameworks/CommonAuth.framework/Versions/A/CommonAuth
0x0000000000007000 	/System/Library/Frameworks/SecurityFoundation.framework/Versions/A/SecurityFoundation
0x0000000000007000 	/System/Library/PrivateFrameworks/Bom.framework/Versions/A/Bom
0x0000000000007000 	/System/Library/Frameworks/CoreVideo.framework/Versions/A/CoreVideo
0x0000000000007000 	/System/Library/Frameworks/QuartzCore.framework/Versions/A/Frameworks/CoreImage.framework/Versions/A/CoreImage
0x0000000000007000 	/System/Library/Frameworks/QuartzCore.framework/Versions/A/Frameworks/ScalableUserInterface.framework/Versions/A/ScalableUserInterface
0x0000000000007000 	/System/Library/Frameworks/OpenGL.framework/Versions/A/Libraries/libGLU.dylib
0x0000000000007000 	/System/Library/Frameworks/OpenGL.framework/Versions/A/Libraries/libGFXShared.dylib
0x0000000000007000 	/System/Library/Frameworks/OpenGL.framework/Versions/A/Libraries/libGL.dylib
0x0000000000007000 	/System/Library/Frameworks/OpenGL.framework/Versions/A/Libraries/libGLImage.dylib
0x0000000000007000 	/System/Library/Frameworks/OpenGL.framework/Versions/A/Libraries/libCVMSPluginSupport.dylib
0x0000000000007000 	/System/Library/Frameworks/OpenGL.framework/Versions/A/Libraries/libCoreVMClient.dylib
0x0000000000007000 	/System/Library/PrivateFrameworks/FaceCore.framework/Versions/A/FaceCore
0x0000000000007000 	/System/Library/PrivateFrameworks/CrashReporterSupport.framework/Versions/A/CrashReporterSupport
0x0000000000007000 	/System/Library/Frameworks/OpenCL.framework/Versions/A/OpenCL
0x0000000000007000 	/System/Library/PrivateFrameworks/AppleFSCompression.framework/Versions/A/AppleFSCompression
0x0000000000007000 	/System/Library/PrivateFrameworks/Ubiquity.framework/Versions/A/Ubiquity
0x0000000000007000 	/System/Library/PrivateFrameworks/IconServices.framework/Versions/A/IconServices
0x0000000000007000 	/System/Library/PrivateFrameworks/ChunkingLibrary.framework/Versions/A/ChunkingLibrary
0x0000000000007000 	/System/Library/PrivateFrameworks/CoreSymbolication.framework/Versions/A/CoreSymbolication
0x0000000000007000 	/System/Library/PrivateFrameworks/Symbolication.framework/Versions/A/Symbolication
0x0000000000007000 	/System/Library/PrivateFrameworks/DebugSymbols.framework/Versions/A/DebugSymbols
0x000000010b000000 	/Library/Java/JavaVirtualMachines/jdk1.7.0_40.jdk/Contents/Home/jre/lib/server/libjvm.dylib
0x0000000000007000 	/usr/lib/libstdc++.6.dylib
0x000000010a7c7000 	/Library/Java/JavaVirtualMachines/jdk1.7.0_40.jdk/Contents/Home/jre/lib/libverify.dylib
0x000000010ba52000 	/Library/Java/JavaVirtualMachines/jdk1.7.0_40.jdk/Contents/Home/jre/lib/libjava.dylib
0x000000010a7de000 	/Library/Java/JavaVirtualMachines/jdk1.7.0_40.jdk/Contents/Home/jre/lib/libzip.dylib
0x0000000112d6f000 	/System/Library/Frameworks/JavaVM.framework/Frameworks/JavaRuntimeSupport.framework/JavaRuntimeSupport
0x0000000112d87000 	/System/Library/Frameworks/JavaVM.framework/Versions/A/Frameworks/JavaNativeFoundation.framework/Versions/A/JavaNativeFoundation
0x0000000112d9c000 	/System/Library/Frameworks/JavaVM.framework/Versions/A/JavaVM
0x0000000000007000 	/System/Library/Frameworks/Carbon.framework/Versions/A/Carbon
0x0000000112da9000 	/System/Library/PrivateFrameworks/JavaLaunching.framework/Versions/A/JavaLaunching
0x0000000000007000 	/System/Library/Frameworks/Carbon.framework/Versions/A/Frameworks/CommonPanels.framework/Versions/A/CommonPanels
0x0000000000007000 	/System/Library/Frameworks/Carbon.framework/Versions/A/Frameworks/Help.framework/Versions/A/Help
0x0000000000007000 	/System/Library/Frameworks/Carbon.framework/Versions/A/Frameworks/ImageCapture.framework/Versions/A/ImageCapture
0x0000000000007000 	/System/Library/Frameworks/Carbon.framework/Versions/A/Frameworks/OpenScripting.framework/Versions/A/OpenScripting
0x0000000000007000 	/System/Library/Frameworks/Carbon.framework/Versions/A/Frameworks/Print.framework/Versions/A/Print
0x0000000000007000 	/System/Library/Frameworks/Carbon.framework/Versions/A/Frameworks/SecurityHI.framework/Versions/A/SecurityHI
0x00000001133ca000 	/Library/Java/JavaVirtualMachines/jdk1.7.0_40.jdk/Contents/Home/jre/lib/libawt.dylib
0x0000000113479000 	/Library/Java/JavaVirtualMachines/jdk1.7.0_40.jdk/Contents/Home/jre/lib/./libmlib_image.dylib
0x0000000113545000 	/Library/Java/JavaVirtualMachines/jdk1.7.0_40.jdk/Contents/Home/jre/lib/lwawt/liblwawt.dylib
0x00000001135f9000 	/Library/Java/JavaVirtualMachines/jdk1.7.0_40.jdk/Contents/Home/jre/lib/libosxapp.dylib
0x0000000000007000 	/System/Library/Frameworks/ExceptionHandling.framework/Versions/A/ExceptionHandling
0x0000000000007000 	/System/Library/PrivateFrameworks/CoreServicesInternal.framework/Versions/A/CoreServicesInternal
0x0000000000007000 	/System/Library/PrivateFrameworks/Librarian.framework/Versions/A/Librarian
0x0000000000007000 	/System/Library/Frameworks/CoreGraphics.framework/Versions/A/Resources/libCGCMS.A.dylib
0x0000000000007000 	/System/Library/Frameworks/CoreGraphics.framework/Versions/A/Resources/libRIP.A.dylib
0x0000000000007000 	/System/Library/Frameworks/CoreGraphics.framework/Versions/A/Resources/libCGXType.A.dylib
0x0000000000007000 	/System/Library/PrivateFrameworks/FamilyControls.framework/Versions/A/FamilyControls
0x0000000000007000 	/System/Library/PrivateFrameworks/CommerceKit.framework/Versions/A/Frameworks/CommerceCore.framework/Versions/A/CommerceCore
0x0000000000007000 	/System/Library/PrivateFrameworks/SystemAdministration.framework/Versions/A/SystemAdministration
0x0000000000007000 	/System/Library/Frameworks/DirectoryService.framework/Versions/A/DirectoryService
0x0000000000007000 	/System/Library/PrivateFrameworks/DiskImages.framework/Versions/A/DiskImages
0x0000000000007000 	/System/Library/PrivateFrameworks/LoginUIKit.framework/Versions/A/Frameworks/LoginUICore.framework/Versions/A/LoginUICore
0x0000000000007000 	/usr/lib/libCoreStorage.dylib
0x0000000000007000 	/usr/lib/libcsfde.dylib
0x0000000000007000 	/usr/lib/libodfde.dylib
0x0000000000007000 	/System/Library/Frameworks/DiscRecording.framework/Versions/A/DiscRecording
0x0000000000007000 	/usr/lib/libcurl.4.dylib
0x0000000000007000 	/System/Library/PrivateFrameworks/MediaKit.framework/Versions/A/MediaKit
0x0000000000007000 	/System/Library/PrivateFrameworks/EFILogin.framework/Versions/A/EFILogin
0x0000000000007000 	/usr/lib/libutil.dylib
0x0000000000007000 	/System/Library/PrivateFrameworks/AOSNotification.framework/Versions/A/AOSNotification
0x0000000000007000 	/System/Library/Frameworks/LDAP.framework/Versions/A/LDAP
0x0000000000007000 	/usr/lib/libsasl2.2.dylib
0x0000000000007000 	/usr/lib/libcrypto.0.9.8.dylib
0x0000000000007000 	/usr/lib/libssl.0.9.8.dylib
0x0000000000007000 	/System/Library/Frameworks/OpenGL.framework/Versions/A/Resources/GLEngine.bundle/GLEngine
0x0000000000007000 	/System/Library/Frameworks/OpenGL.framework/Versions/A/Libraries/libGLProgrammability.dylib
0x0000000000000000 	/System/Library/Extensions/AppleIntelHD5000GraphicsGLDriver.bundle/Contents/MacOS/AppleIntelHD5000GraphicsGLDriver
0x0000000000007000 	/System/Library/PrivateFrameworks/IOAccelerator.framework/Versions/A/IOAccelerator
0x0000000000007000 	/System/Library/PrivateFrameworks/GPUSupport.framework/Versions/A/Libraries/libGPUSupportMercury.dylib
0x0000000000007000 	/System/Library/Frameworks/OpenGL.framework/Versions/A/Resources/GLRendererFloat.bundle/GLRendererFloat
0x0000000000007000 	/System/Library/Frameworks/OpenCL.framework/Versions/A/Libraries/libcldcpuengine.dylib
0x000000011849e000 	/Library/Java/JavaVirtualMachines/jdk1.7.0_40.jdk/Contents/Home/jre/lib/libfontmanager.dylib
0x0000000119d1a000 	/Library/Java/JavaVirtualMachines/jdk1.7.0_40.jdk/Contents/Home/jre/lib/libosxui.dylib
0x0000000119ff2000 	/Library/Java/JavaVirtualMachines/jdk1.7.0_40.jdk/Contents/Home/jre/lib/libnet.dylib
0x000000011a04f000 	/Library/Java/JavaVirtualMachines/jdk1.7.0_40.jdk/Contents/Home/jre/lib/libnio.dylib
0x000000011bc63000 	/Users/Saga/Desktop/Kinect/eclipseWorkspace/TestKinect/lib/user/SimpleOpenNI/libSimpleOpenNI.jnilib
0x000000011dfb5000 	/usr/lib/libOpenNI.dylib
0x000000011e046000 	/usr/lib/libXnVNite_1_5_2.dylib
0x000000011a18e000 	/opt/local/lib/libusb-1.0.0.dylib
0x000000011e0fe000 	/usr/lib/libnimMockNodes.dylib
0x000000011e139000 	/usr/lib/libnimCodecs.dylib
0x000000011e19c000 	/usr/lib/libnimRecorder.dylib
0x000000011e1c9000 	/usr/lib/libXnDeviceSensorV2KM.dylib
0x000000011a1a5000 	/usr/lib/libXnCore.dylib
0x000000011e26f000 	/usr/lib/libXnFormats.dylib
0x000000011e2b9000 	/usr/lib/libXnDDK.dylib
0x000000011e303000 	/usr/lib/libXnDeviceFile.dylib
0x000000011e338000 	/usr/lib/libXnVFeatures_1_5_2.dylib
0x000000011e7c1000 	/usr/lib/libXnVHandGenerator_1_5_2.dylib
0x000000011e8cf000 	/System/Library/Extensions/IOUSBFamily.kext/Contents/PlugIns/IOUSBLib.bundle/Contents/MacOS/IOUSBLib

VM Arguments:
jvm_args: -Djava.library.path=/Users/Saga/Desktop/Kinect/eclipseWorkspace/TestKinect/lib/base/core:/Users/Saga/Desktop/Kinect/eclipseWorkspace/TestKinect/lib/base/core:/Users/Saga/Desktop/Kinect/eclipseWorkspace/TestKinect/lib/base/core:/Users/Saga/Desktop/Kinect/eclipseWorkspace/TestKinect/lib/base/core:/Users/Saga/Desktop/Kinect/eclipseWorkspace/TestKinect/lib/base/core:/Users/Saga/Desktop/Kinect/eclipseWorkspace/TestKinect/lib/base/core:/Users/Saga/Desktop/Kinect/eclipseWorkspace/TestKinect/lib/base/core:/Users/Saga/Desktop/Kinect/eclipseWorkspace/TestKinect/lib/base/core:/Users/Saga/Desktop/Kinect/eclipseWorkspace/TestKinect/lib/base/core:/Users/Saga/Desktop/Kinect/eclipseWorkspace/TestKinect/lib/base/core:/Users/Saga/Desktop/Kinect/eclipseWorkspace/TestKinect/lib/base/core:/Users/Saga/Desktop/Kinect/eclipseWorkspace/TestKinect/lib/base/core:/Users/Saga/Desktop/Kinect/eclipseWorkspace/TestKinect/lib/base/core:/Users/Saga/Desktop/Kinect/eclipseWorkspace/TestKinect/lib/base/core:/Users/Saga/Desktop/Kinect/eclipseWorkspace/TestKinect/lib/base/core:/Users/Saga/Desktop/Kinect/eclipseWorkspace/TestKinect/lib/user/SimpleOpenNI -Djava.security.policy=java.policy.applet -Dfile.encoding=US-ASCII 
java_command: sun.applet.AppletViewer testkinect.ComparisonGUI1417131213335.html
Launcher Type: SUN_STANDARD

Environment Variables:
PATH=/usr/bin:/bin:/usr/sbin:/sbin
SHELL=/bin/bash
DISPLAY=/tmp/launch-77R32P/org.macosforge.xquartz:0

Signal Handlers:
SIGSEGV: [libjvm.dylib+0x524b25], sa_mask[0]=0xfffefeff, sa_flags=0x00000043
SIGBUS: [libjvm.dylib+0x524b25], sa_mask[0]=0xfffefeff, sa_flags=0x00000042
SIGFPE: [libjvm.dylib+0x4180e6], sa_mask[0]=0xfffefeff, sa_flags=0x00000042
SIGPIPE: [libjvm.dylib+0x4180e6], sa_mask[0]=0xfffefeff, sa_flags=0x00000042
SIGXFSZ: [libjvm.dylib+0x4180e6], sa_mask[0]=0xfffefeff, sa_flags=0x00000042
SIGILL: [libjvm.dylib+0x4180e6], sa_mask[0]=0xfffefeff, sa_flags=0x00000042
SIGUSR1: SIG_DFL, sa_mask[0]=0x00000000, sa_flags=0x00000002
SIGUSR2: [libjvm.dylib+0x417bd8], sa_mask[0]=0x00000004, sa_flags=0x00000042
SIGHUP: [libjvm.dylib+0x415e67], sa_mask[0]=0xfffefeff, sa_flags=0x00000042
SIGINT: [libjvm.dylib+0x415e67], sa_mask[0]=0xfffefeff, sa_flags=0x00000042
SIGTERM: [libjvm.dylib+0x415e67], sa_mask[0]=0xfffefeff, sa_flags=0x00000042
SIGQUIT: [libjvm.dylib+0x415e67], sa_mask[0]=0xfffefeff, sa_flags=0x00000042


---------------  S Y S T E M  ---------------

OS:Bsduname:Darwin 13.4.0 Darwin Kernel Version 13.4.0: Sun Aug 17 19:50:11 PDT 2014; root:xnu-2422.115.4~1/RELEASE_X86_64 x86_64
rlimit: STACK 8192k, CORE 0k, NPROC 709, NOFILE 10240, AS infinity
load average:2.15 2.46 2.99

CPU:total 4 (2 cores per cpu, 2 threads per core) family 6 model 69 stepping 1, cmov, cx8, fxsr, mmx, sse, sse2, sse3, ssse3, sse4.1, sse4.2, popcnt, avx, avx2, aes, erms, ht, tsc, tscinvbit

Memory: 4k page, physical 4194304k(1048576k free)

/proc/meminfo:


vm_info: Java HotSpot(TM) 64-Bit Server VM (24.0-b56) for bsd-amd64 JRE (1.7.0_40-b43), built on Aug 26 2013 21:29:19 by "java_re" with gcc 4.2.1 (Based on Apple Inc. build 5658) (LLVM build 2336.11.00)

time: Thu Nov 27 18:34:22 2014
elapsed time: 49 seconds

