#
# A fatal error has been detected by the Java Runtime Environment:
#
#  SIGSEGV (0xb) at pc=0x0000000125c039c0, pid=35937, tid=83975
#
# JRE version: Java(TM) SE Runtime Environment (7.0_40-b43) (build 1.7.0_40-b43)
# Java VM: Java HotSpot(TM) 64-Bit Server VM (24.0-b56 mixed mode bsd-amd64 compressed oops)
# Problematic frame:
# C  [libOpenNI.dylib+0x299c0]  xnSetSkeletonProfile+0x10
#
# Failed to write core dump. Core dumps have been disabled. To enable core dumping, try "ulimit -c unlimited" before starting Java again
#
# If you would like to submit a bug report, please visit:
#   http://bugreport.sun.com/bugreport/crash.jsp
# The crash happened outside the Java Virtual Machine in native code.
# See problematic frame for where to report the bug.
#

---------------  T H R E A D  ---------------

Current thread (0x00007fccf306e000):  JavaThread "Animation Thread" [_thread_in_native, id=83975, stack(0x000000011d1e6000,0x000000011d2e6000)]

siginfo:si_signo=SIGSEGV: si_errno=0, si_code=1 (SEGV_MAPERR), si_addr=0x0000000000000000

Registers:
RAX=0x0000000000010004, RBX=0x0000000000000002, RCX=0x000000011d2e55c8, RDX=0x0000000000000000
RSP=0x000000011d2e54c0, RBP=0x000000011d2e54e0, RSI=0x0000000000000002, RDI=0x0000000000000000
R8 =0x0000000000000000, R9 =0x0000000000000014, R10=0x000000010dd6766c, R11=0x000000010d66f9af
R12=0x0000000000000000, R13=0x00007fccf9004000, R14=0x0000000000000000, R15=0x00007fccf306e000
RIP=0x0000000125c039c0, EFLAGS=0x0000000000010206, ERR=0x0000000000000004
  TRAPNO=0x000000000000000e

Top of Stack: (sp=0x000000011d2e54c0)
0x000000011d2e54c0:   0000000000000001 000000011d2e55c8
0x000000011d2e54d0:   0000000000000001 0000000000000002
0x000000011d2e54e0:   000000011d2e5600 0000000125b39bb8
0x000000011d2e54f0:   00007fccf306e000 000000010dd5a310
0x000000011d2e5500:   01000000000000b2 000000011d2e56b0
0x000000011d2e5510:   00007fccf1d62328 00007fccf1e25650
0x000000011d2e5520:   00007fccf1e598e0 00007fccf306e000
0x000000011d2e5530:   0000000000000022 00000007bb619f90
0x000000011d2e5540:   000000011d2e5560 000000010d5ff0c2
0x000000011d2e5550:   000000011d2e5620 000000011d2e55e8
0x000000011d2e5560:   000000011d2e5580 000000010d5fabf8
0x000000011d2e5570:   000000011d2e55e8 000000011d2e55e8
0x000000011d2e5580:   000000011d2e55a0 000000010d3f376c
0x000000011d2e5590:   00007fccf306e000 00000007bb8b3a14
0x000000011d2e55a0:   000000011d2e5630 000000010d4d32d6
0x000000011d2e55b0:   0000000000000000 0000000000000000
0x000000011d2e55c0:   000000010dd69130 000000010dd5a310
0x000000011d2e55d0:   0000000100000000 00000007bb8e1820
0x000000011d2e55e0:   0000000000000000 00000007bb8e1820
0x000000011d2e55f0:   000000011d2e56d8 00007fccf306e000
0x000000011d2e5600:   000000011d2e5610 0000000125b3a2aa
0x000000011d2e5610:   000000011d2e5630 0000000125af9427
0x000000011d2e5620:   000000011d2e5670 00007fccf9004000
0x000000011d2e5630:   000000011d2e56a0 000000010dd67698
0x000000011d2e5640:   00000007bb8af8d0 00000007bb8af8d0
0x000000011d2e5650:   000000011d2e56c0 000000010d4d2c84
0x000000011d2e5660:   000000011d2e5660 0000000000000000
0x000000011d2e5670:   000000011d2e56d8 00000007bb908698
0x000000011d2e5680:   0000000000000000 00000007bb8e1820
0x000000011d2e5690:   0000000000000000 000000011d2e56c0
0x000000011d2e56a0:   000000011d2e5720 000000010dd5b350
0x000000011d2e56b0:   00000007ec869ce0 000000010dd63cc0 

Instructions: (pc=0x0000000125c039c0)
0x0000000125c039a0:   04 31 c0 5d c3 48 8b 79 08 5d ff e0 0f 1f 40 00
0x0000000125c039b0:   55 48 89 e5 41 56 53 48 83 ec 10 89 f3 49 89 fe
0x0000000125c039c0:   49 8b 0e b8 12 00 01 00 83 79 10 00 74 68 48 8b
0x0000000125c039d0:   49 08 b8 12 00 01 00 f6 41 03 02 74 59 48 c7 45 

Register to memory mapping:

RAX=0x0000000000010004 is an unknown value
RBX=0x0000000000000002 is an unknown value
RCX=0x000000011d2e55c8 is pointing into the stack for thread: 0x00007fccf306e000
RDX=0x0000000000000000 is an unknown value
RSP=0x000000011d2e54c0 is pointing into the stack for thread: 0x00007fccf306e000
RBP=0x000000011d2e54e0 is pointing into the stack for thread: 0x00007fccf306e000
RSI=0x0000000000000002 is an unknown value
RDI=0x0000000000000000 is an unknown value
R8 =0x0000000000000000 is an unknown value
R9 =0x0000000000000014 is an unknown value
R10=0x000000010dd6766c is at code_begin+620 in an Interpreter codelet
method entry point (kind = native)  [0x000000010dd67400, 0x000000010dd67c40]  2112 bytes
R11=0x000000010d66f9af: throw_unsatisfied_link_error+0 in /Library/Java/JavaVirtualMachines/jdk1.7.0_40.jdk/Contents/Home/jre/lib/server/libjvm.dylib at 0x000000010d200000
R12=0x0000000000000000 is an unknown value
R13=0x00007fccf9004000 is an unknown value
R14=0x0000000000000000 is an unknown value
R15=0x00007fccf306e000 is a thread


Stack: [0x000000011d1e6000,0x000000011d2e6000],  sp=0x000000011d2e54c0,  free space=1021k
Native frames: (J=compiled Java code, j=interpreted, Vv=VM code, C=native code)
C  [libOpenNI.dylib+0x299c0]  xnSetSkeletonProfile+0x10
C  [libSimpleOpenNI.jnilib+0x48bb8]  sOpenNI::ContextWrapper::createUser(int, bool)+0xf8
C  [libSimpleOpenNI.jnilib+0x492aa]  sOpenNI::ContextWrapper::enableUser(int)+0x2a
C  [libSimpleOpenNI.jnilib+0x8427]  Java_SimpleOpenNI_SimpleOpenNIJNI_ContextWrapper_1enableUserSwigExplicitContextWrapper+0x17
j  SimpleOpenNI.SimpleOpenNIJNI.ContextWrapper_enableUserSwigExplicitContextWrapper(JLSimpleOpenNI/ContextWrapper;I)Z+0
j  SimpleOpenNI.ContextWrapper.enableUser(I)Z+28
j  SimpleOpenNI.SimpleOpenNI.enableUser(ILjava/lang/Object;)Z+17
j  SimpleOpenNI.SimpleOpenNI.enableUser(I)Z+6
j  testkinect.ComparisonPApplet.setup()V+35
j  processing.core.PApplet.handleDraw()V+141
j  processing.core.PGraphicsJava2D.requestDraw()V+4
j  processing.core.PApplet.run()V+156
j  java.lang.Thread.run()V+11
v  ~StubRoutines::call_stub
V  [libjvm.dylib+0x2d6740]  JavaCalls::call_helper(JavaValue*, methodHandle*, JavaCallArguments*, Thread*)+0x22a
V  [libjvm.dylib+0x2d6c57]  JavaCalls::call_virtual(JavaValue*, KlassHandle, Symbol*, Symbol*, JavaCallArguments*, Thread*)+0x11b
V  [libjvm.dylib+0x2d6d94]  JavaCalls::call_virtual(JavaValue*, Handle, KlassHandle, Symbol*, Symbol*, Thread*)+0x4a
V  [libjvm.dylib+0x325be2]  thread_entry(JavaThread*, Thread*)+0xad
V  [libjvm.dylib+0x4ef257]  JavaThread::thread_main_inner()+0x9b
V  [libjvm.dylib+0x4f095f]  JavaThread::run()+0x1a3
V  [libjvm.dylib+0x41a8e1]  java_start(Thread*)+0xd5
C  [libsystem_pthread.dylib+0x1899]  _pthread_body+0x8a
C  [libsystem_pthread.dylib+0x172a]  _pthread_struct_init+0x0
C  [libsystem_pthread.dylib+0x5fc9]  thread_start+0xd

Java frames: (J=compiled Java code, j=interpreted, Vv=VM code)
j  SimpleOpenNI.SimpleOpenNIJNI.ContextWrapper_enableUserSwigExplicitContextWrapper(JLSimpleOpenNI/ContextWrapper;I)Z+0
j  SimpleOpenNI.ContextWrapper.enableUser(I)Z+28
j  SimpleOpenNI.SimpleOpenNI.enableUser(ILjava/lang/Object;)Z+17
j  SimpleOpenNI.SimpleOpenNI.enableUser(I)Z+6
j  testkinect.ComparisonPApplet.setup()V+35
j  processing.core.PApplet.handleDraw()V+141
j  processing.core.PGraphicsJava2D.requestDraw()V+4
j  processing.core.PApplet.run()V+156
j  java.lang.Thread.run()V+11
v  ~StubRoutines::call_stub

---------------  P R O C E S S  ---------------

Java Threads: ( => current thread )
=>0x00007fccf306e000 JavaThread "Animation Thread" [_thread_in_native, id=83975, stack(0x000000011d1e6000,0x000000011d2e6000)]
  0x00007fccf309d000 JavaThread "Thread-3" [_thread_in_vm, id=74499, stack(0x000000011ca4d000,0x000000011cb4d000)]
  0x00007fccf306f000 JavaThread "Java Sound Event Dispatcher" daemon [_thread_blocked, id=72471, stack(0x000000011c8c7000,0x000000011c9c7000)]
  0x00007fccf3002000 JavaThread "AWT-EventQueue-1" [_thread_blocked, id=56859, stack(0x000000011c5cd000,0x000000011c6cd000)]
  0x00007fccf2197800 JavaThread "DestroyJavaVM" [_thread_blocked, id=6403, stack(0x000000010dc53000,0x000000010dd53000)]
  0x00007fccf30ab000 JavaThread "AWT-EventQueue-0" [_thread_blocked, id=53007, stack(0x000000011bae7000,0x000000011bbe7000)]
  0x00007fccf212e000 JavaThread "thread applet-testkinect.ComparisonGUI.class" [_thread_blocked, id=49159, stack(0x000000011a887000,0x000000011a987000)]
  0x00007fccf30aa000 JavaThread "Java2D Disposer" daemon [_thread_blocked, id=48179, stack(0x000000011a71a000,0x000000011a81a000)]
  0x00007fccf2099000 JavaThread "Java2D Queue Flusher" daemon [_thread_blocked, id=46855, stack(0x0000000119991000,0x0000000119a91000)]
  0x00007fccf303b800 JavaThread "AWT-Shutdown" [_thread_blocked, id=28171, stack(0x0000000117053000,0x0000000117153000)]
  0x00007fccf3035000 JavaThread "AppKit Thread" daemon [_thread_in_native, id=1287, stack(0x00007fff53358000,0x00007fff533d8000)]
  0x00007fccf3020800 JavaThread "Service Thread" daemon [_thread_blocked, id=19203, stack(0x000000011543d000,0x000000011553d000)]
  0x00007fccf301f800 JavaThread "C2 CompilerThread1" daemon [_thread_blocked, id=18691, stack(0x000000011533a000,0x000000011543a000)]
  0x00007fccf2044800 JavaThread "C2 CompilerThread0" daemon [_thread_blocked, id=18179, stack(0x0000000115237000,0x0000000115337000)]
  0x00007fccf3007800 JavaThread "Signal Dispatcher" daemon [_thread_blocked, id=17667, stack(0x0000000115134000,0x0000000115234000)]
  0x00007fccf2810000 JavaThread "Finalizer" daemon [_thread_blocked, id=12547, stack(0x0000000114eef000,0x0000000114fef000)]
  0x00007fccf280d800 JavaThread "Reference Handler" daemon [_thread_blocked, id=12035, stack(0x0000000114dec000,0x0000000114eec000)]

Other Threads:
  0x00007fccf280d000 VMThread [stack: 0x0000000114ce9000,0x0000000114de9000] [id=11523]
  0x00007fccf2005800 WatcherThread [stack: 0x0000000115540000,0x0000000115640000] [id=19715]

VM state:not at safepoint (normal execution)

VM Mutex/Monitor currently owned by a thread: None

Heap
 PSYoungGen      total 31744K, used 25294K [0x00000007eaa80000, 0x00000007f0680000, 0x0000000800000000)
  eden space 29184K, 77% used [0x00000007eaa80000,0x00000007ec0b9ce8,0x00000007ec700000)
  from space 2560K, 99% used [0x00000007ec700000,0x00000007ec979c70,0x00000007ec980000)
  to   space 25600K, 0% used [0x00000007eed80000,0x00000007eed80000,0x00000007f0680000)
 ParOldGen       total 117760K, used 73018K [0x00000007c0000000, 0x00000007c7300000, 0x00000007eaa80000)
  object space 117760K, 62% used [0x00000007c0000000,0x00000007c474eba0,0x00000007c7300000)
 PSPermGen       total 22016K, used 11499K [0x00000007bae00000, 0x00000007bc380000, 0x00000007c0000000)
  object space 22016K, 52% used [0x00000007bae00000,0x00000007bb93adc8,0x00000007bc380000)

Card table byte_map: [0x0000000110e15000,0x000000011103f000] byte_map_base: 0x000000010d03e000

Polling page: 0x000000010c979000

Code Cache  [0x000000010dd55000, 0x000000010dfc5000, 0x0000000110d55000)
 total_blobs=647 nmethods=122 adapters=479 free_code_cache=48435Kb largest_free_block=49577728

Compilation events (10 events):
Event: 21.421 Thread 0x00007fccf2044800 nmethod 117 0x000000010de07190 code [0x000000010de072c0, 0x000000010de07318]
Event: 21.421 Thread 0x00007fccf2044800  118             java.lang.Math::floor (5 bytes)
Event: 21.421 Thread 0x00007fccf301f800 nmethod 116 0x000000010de06f90 code [0x000000010de070c0, 0x000000010de07118]
Event: 21.422 Thread 0x00007fccf301f800  119             SimpleOpenNI.XnVector3D::getCPtr (13 bytes)
Event: 21.422 Thread 0x00007fccf301f800 nmethod 119 0x000000010de06d90 code [0x000000010de06ec0, 0x000000010de06f18]
Event: 21.422 Thread 0x00007fccf2044800 nmethod 118 0x000000010de03990 code [0x000000010de03b00, 0x000000010de03bd8]
Event: 22.460 Thread 0x00007fccf301f800  121 %           java.util.Arrays::fill @ 5 (21 bytes)
Event: 22.473 Thread 0x00007fccf301f800 nmethod 121% 0x000000010de041d0 code [0x000000010de04320, 0x000000010de04858]
Event: 22.490 Thread 0x00007fccf2044800  122             java.util.Arrays::fill (21 bytes)
Event: 22.495 Thread 0x00007fccf2044800 nmethod 122 0x000000010de0cb10 code [0x000000010de0cc60, 0x000000010de0d038]

GC Heap History (10 events):
Event: 5.365 GC heap before
{Heap before GC invocations=3 (full 1):
 PSYoungGen      total 19456K, used 16442K [0x00000007eaa80000, 0x00000007ec000000, 0x0000000800000000)
  eden space 16896K, 94% used [0x00000007eaa80000,0x00000007eba12778,0x00000007ebb00000)
  from space 2560K, 19% used [0x00000007ebb00000,0x00000007ebb7c408,0x00000007ebd80000)
  to   space 2560K, 0% used [0x00000007ebd80000,0x00000007ebd80000,0x00000007ec000000)
 ParOldGen       total 80896K, used 43349K [0x00000007c0000000, 0x00000007c4f00000, 0x00000007eaa80000)
  object space 80896K, 53% used [0x00000007c0000000,0x00000007c2a556e8,0x00000007c4f00000)
 PSPermGen       total 21504K, used 9768K [0x00000007bae00000, 0x00000007bc300000, 0x00000007c0000000)
  object space 21504K, 45% used [0x00000007bae00000,0x00000007bb78a2b8,0x00000007bc300000)
Event: 5.374 GC heap after
Heap after GC invocations=3 (full 1):
 PSYoungGen      total 19456K, used 2533K [0x00000007eaa80000, 0x00000007ec980000, 0x0000000800000000)
  eden space 16896K, 0% used [0x00000007eaa80000,0x00000007eaa80000,0x00000007ebb00000)
  from space 2560K, 98% used [0x00000007ebd80000,0x00000007ebff9560,0x00000007ec000000)
  to   space 2560K, 0% used [0x00000007ebb00000,0x00000007ebb00000,0x00000007ebd80000)
 ParOldGen       total 80896K, used 48770K [0x00000007c0000000, 0x00000007c4f00000, 0x00000007eaa80000)
  object space 80896K, 60% used [0x00000007c0000000,0x00000007c2fa0b68,0x00000007c4f00000)
 PSPermGen       total 21504K, used 9768K [0x00000007bae00000, 0x00000007bc300000, 0x00000007c0000000)
  object space 21504K, 45% used [0x00000007bae00000,0x00000007bb78a2b8,0x00000007bc300000)
}
Event: 5.562 GC heap before
{Heap before GC invocations=4 (full 1):
 PSYoungGen      total 19456K, used 15637K [0x00000007eaa80000, 0x00000007ec980000, 0x0000000800000000)
  eden space 16896K, 77% used [0x00000007eaa80000,0x00000007eb74bec0,0x00000007ebb00000)
  from space 2560K, 98% used [0x00000007ebd80000,0x00000007ebff9560,0x00000007ec000000)
  to   space 2560K, 0% used [0x00000007ebb00000,0x00000007ebb00000,0x00000007ebd80000)
 ParOldGen       total 80896K, used 48770K [0x00000007c0000000, 0x00000007c4f00000, 0x00000007eaa80000)
  object space 80896K, 60% used [0x00000007c0000000,0x00000007c2fa0b68,0x00000007c4f00000)
 PSPermGen       total 21504K, used 9772K [0x00000007bae00000, 0x00000007bc300000, 0x00000007c0000000)
  object space 21504K, 45% used [0x00000007bae00000,0x00000007bb78b0e0,0x00000007bc300000)
Event: 5.572 GC heap after
Heap after GC invocations=4 (full 1):
 PSYoungGen      total 19456K, used 496K [0x00000007eaa80000, 0x00000007ecc00000, 0x0000000800000000)
  eden space 16896K, 0% used [0x00000007eaa80000,0x00000007eaa80000,0x00000007ebb00000)
  from space 2560K, 19% used [0x00000007ebb00000,0x00000007ebb7c010,0x00000007ebd80000)
  to   space 2560K, 0% used [0x00000007ec980000,0x00000007ec980000,0x00000007ecc00000)
 ParOldGen       total 80896K, used 60612K [0x00000007c0000000, 0x00000007c4f00000, 0x00000007eaa80000)
  object space 80896K, 74% used [0x00000007c0000000,0x00000007c3b31328,0x00000007c4f00000)
 PSPermGen       total 21504K, used 9772K [0x00000007bae00000, 0x00000007bc300000, 0x00000007c0000000)
  object space 21504K, 45% used [0x00000007bae00000,0x00000007bb78b0e0,0x00000007bc300000)
}
Event: 5.890 GC heap before
{Heap before GC invocations=5 (full 1):
 PSYoungGen      total 19456K, used 17007K [0x00000007eaa80000, 0x00000007ecc00000, 0x0000000800000000)
  eden space 16896K, 97% used [0x00000007eaa80000,0x00000007eba9fd68,0x00000007ebb00000)
  from space 2560K, 19% used [0x00000007ebb00000,0x00000007ebb7c010,0x00000007ebd80000)
  to   space 2560K, 0% used [0x00000007ec980000,0x00000007ec980000,0x00000007ecc00000)
 ParOldGen       total 80896K, used 60612K [0x00000007c0000000, 0x00000007c4f00000, 0x00000007eaa80000)
  object space 80896K, 74% used [0x00000007c0000000,0x00000007c3b31328,0x00000007c4f00000)
 PSPermGen       total 21504K, used 9779K [0x00000007bae00000, 0x00000007bc300000, 0x00000007c0000000)
  object space 21504K, 45% used [0x00000007bae00000,0x00000007bb78ceb8,0x00000007bc300000)
Event: 5.912 GC heap after
Heap after GC invocations=5 (full 1):
 PSYoungGen      total 31744K, used 512K [0x00000007eaa80000, 0x00000007ecd80000, 0x0000000800000000)
  eden space 29184K, 0% used [0x00000007eaa80000,0x00000007eaa80000,0x00000007ec700000)
  from space 2560K, 20% used [0x00000007ec980000,0x00000007eca00000,0x00000007ecc00000)
  to   space 2560K, 0% used [0x00000007ec700000,0x00000007ec700000,0x00000007ec980000)
 ParOldGen       total 80896K, used 72690K [0x00000007c0000000, 0x00000007c4f00000, 0x00000007eaa80000)
  object space 80896K, 89% used [0x00000007c0000000,0x00000007c46fc948,0x00000007c4f00000)
 PSPermGen       total 21504K, used 9779K [0x00000007bae00000, 0x00000007bc300000, 0x00000007c0000000)
  object space 21504K, 45% used [0x00000007bae00000,0x00000007bb78ceb8,0x00000007bc300000)
}
Event: 5.912 GC heap before
{Heap before GC invocations=6 (full 2):
 PSYoungGen      total 31744K, used 512K [0x00000007eaa80000, 0x00000007ecd80000, 0x0000000800000000)
  eden space 29184K, 0% used [0x00000007eaa80000,0x00000007eaa80000,0x00000007ec700000)
  from space 2560K, 20% used [0x00000007ec980000,0x00000007eca00000,0x00000007ecc00000)
  to   space 2560K, 0% used [0x00000007ec700000,0x00000007ec700000,0x00000007ec980000)
 ParOldGen       total 80896K, used 72690K [0x00000007c0000000, 0x00000007c4f00000, 0x00000007eaa80000)
  object space 80896K, 89% used [0x00000007c0000000,0x00000007c46fc948,0x00000007c4f00000)
 PSPermGen       total 21504K, used 9779K [0x00000007bae00000, 0x00000007bc300000, 0x00000007c0000000)
  object space 21504K, 45% used [0x00000007bae00000,0x00000007bb78ceb8,0x00000007bc300000)
Event: 5.976 GC heap after
Heap after GC invocations=6 (full 2):
 PSYoungGen      total 31744K, used 0K [0x00000007eaa80000, 0x00000007ecd80000, 0x0000000800000000)
  eden space 29184K, 0% used [0x00000007eaa80000,0x00000007eaa80000,0x00000007ec700000)
  from space 2560K, 0% used [0x00000007ec980000,0x00000007ec980000,0x00000007ecc00000)
  to   space 2560K, 0% used [0x00000007ec700000,0x00000007ec700000,0x00000007ec980000)
 ParOldGen       total 117760K, used 46867K [0x00000007c0000000, 0x00000007c7300000, 0x00000007eaa80000)
  object space 117760K, 39% used [0x00000007c0000000,0x00000007c2dc4eb8,0x00000007c7300000)
 PSPermGen       total 22016K, used 9779K [0x00000007bae00000, 0x00000007bc380000, 0x00000007c0000000)
  object space 22016K, 44% used [0x00000007bae00000,0x00000007bb78ce98,0x00000007bc380000)
}
Event: 7.853 GC heap before
{Heap before GC invocations=7 (full 2):
 PSYoungGen      total 31744K, used 29184K [0x00000007eaa80000, 0x00000007ecd80000, 0x0000000800000000)
  eden space 29184K, 100% used [0x00000007eaa80000,0x00000007ec700000,0x00000007ec700000)
  from space 2560K, 0% used [0x00000007ec980000,0x00000007ec980000,0x00000007ecc00000)
  to   space 2560K, 0% used [0x00000007ec700000,0x00000007ec700000,0x00000007ec980000)
 ParOldGen       total 117760K, used 46867K [0x00000007c0000000, 0x00000007c7300000, 0x00000007eaa80000)
  object space 117760K, 39% used [0x00000007c0000000,0x00000007c2dc4eb8,0x00000007c7300000)
 PSPermGen       total 22016K, used 11342K [0x00000007bae00000, 0x00000007bc380000, 0x00000007c0000000)
  object space 22016K, 51% used [0x00000007bae00000,0x00000007bb9138e8,0x00000007bc380000)
Event: 7.913 GC heap after
Heap after GC invocations=7 (full 2):
 PSYoungGen      total 31744K, used 2535K [0x00000007eaa80000, 0x00000007f0680000, 0x0000000800000000)
  eden space 29184K, 0% used [0x00000007eaa80000,0x00000007eaa80000,0x00000007ec700000)
  from space 2560K, 99% used [0x00000007ec700000,0x00000007ec979c70,0x00000007ec980000)
  to   space 25600K, 0% used [0x00000007eed80000,0x00000007eed80000,0x00000007f0680000)
 ParOldGen       total 117760K, used 73018K [0x00000007c0000000, 0x00000007c7300000, 0x00000007eaa80000)
  object space 117760K, 62% used [0x00000007c0000000,0x00000007c474eba0,0x00000007c7300000)
 PSPermGen       total 22016K, used 11342K [0x00000007bae00000, 0x00000007bc380000, 0x00000007c0000000)
  object space 22016K, 51% used [0x00000007bae00000,0x00000007bb9138e8,0x00000007bc380000)
}

Deoptimization events (10 events):
Event: 7.020 Thread 0x00007fccf3002000 Uncommon trap: reason=unreached action=reinterpret pc=0x000000010dde5304 method=java.util.concurrent.locks.AbstractQueuedSynchronizer.release(I)Z @ 14
Event: 7.101 Thread 0x00007fccf3002000 Uncommon trap: reason=unreached action=reinterpret pc=0x000000010dde3774 method=java.lang.ThreadLocal$ThreadLocalMap.getEntry(Ljava/lang/ThreadLocal;)Ljava/lang/ThreadLocal$ThreadLocalMap$Entry; @ 21
Event: 7.244 Thread 0x00007fccf3002000 Uncommon trap: reason=unreached action=reinterpret pc=0x000000010dde9148 method=java.lang.ThreadLocal$ThreadLocalMap.getEntry(Ljava/lang/ThreadLocal;)Ljava/lang/ThreadLocal$ThreadLocalMap$Entry; @ 21
Event: 7.251 Thread 0x00007fccf223d800 Uncommon trap: reason=unreached action=reinterpret pc=0x000000010dde3394 method=java.lang.ThreadLocal$ThreadLocalMap.getEntry(Ljava/lang/ThreadLocal;)Ljava/lang/ThreadLocal$ThreadLocalMap$Entry; @ 21
Event: 8.891 Thread 0x00007fccf223d800 Uncommon trap: reason=unreached action=reinterpret pc=0x000000010ddea98c method=java.lang.ThreadLocal$ThreadLocalMap.getEntry(Ljava/lang/ThreadLocal;)Ljava/lang/ThreadLocal$ThreadLocalMap$Entry; @ 21
Event: 12.374 Thread 0x00007fccf2099000 Uncommon trap: reason=predicate action=maybe_recompile pc=0x000000010de02740 method=java.util.Arrays.fill([Ljava/lang/Object;Ljava/lang/Object;)V @ 10
Event: 21.261 Thread 0x00007fccf2099000 Uncommon trap: reason=array_check action=maybe_recompile pc=0x000000010de07638 method=java.util.Arrays.fill([Ljava/lang/Object;Ljava/lang/Object;)V @ 13
Event: 21.291 Thread 0x00007fccf2099000 Uncommon trap: reason=array_check action=maybe_recompile pc=0x000000010de07638 method=java.util.Arrays.fill([Ljava/lang/Object;Ljava/lang/Object;)V @ 13
Event: 21.324 Thread 0x00007fccf2099000 Uncommon trap: reason=array_check action=maybe_recompile pc=0x000000010de07638 method=java.util.Arrays.fill([Ljava/lang/Object;Ljava/lang/Object;)V @ 13
Event: 21.355 Thread 0x00007fccf2099000 Uncommon trap: reason=array_check action=maybe_recompile pc=0x000000010de07638 method=java.util.Arrays.fill([Ljava/lang/Object;Ljava/lang/Object;)V @ 13

Internal exceptions (10 events):
Event: 7.292 Thread 0x00007fccf223d800 Threw 0x00000007eb3a2870 at /HUDSON/workspace/jdk7u40-2-build-macosx-amd64-product/jdk7u40/hotspot/src/share/vm/prims/jvm.cpp:1244
Event: 7.294 Thread 0x00007fccf223d800 Threw 0x00000007eb3c4d48 at /HUDSON/workspace/jdk7u40-2-build-macosx-amd64-product/jdk7u40/hotspot/src/share/vm/prims/jvm.cpp:1244
Event: 7.732 Thread 0x00007fccf223d800 Threw 0x00000007eb3d7238 at /HUDSON/workspace/jdk7u40-2-build-macosx-amd64-product/jdk7u40/hotspot/src/share/vm/prims/jvm.cpp:1244
Event: 8.890 Thread 0x00007fccf223d800 Threw 0x00000007eb84ae98 at /HUDSON/workspace/jdk7u40-2-build-macosx-amd64-product/jdk7u40/hotspot/src/share/vm/prims/jvm.cpp:1244
Event: 8.891 Thread 0x00007fccf223d800 Implicit null exception at 0x000000010ddea89b to 0x000000010ddea975
Event: 8.905 Thread 0x00007fccf223d800 Threw 0x00000007eb851508 at /HUDSON/workspace/jdk7u40-2-build-macosx-amd64-product/jdk7u40/hotspot/src/share/vm/prims/jvm.cpp:1244
Event: 9.065 Thread 0x00007fccf223d800 Threw 0x00000007eb8566b0 at /HUDSON/workspace/jdk7u40-2-build-macosx-amd64-product/jdk7u40/hotspot/src/share/vm/prims/jvm.cpp:1244
Event: 15.849 Thread 0x00007fccf223d800 Threw 0x00000007ebd15cc8 at /HUDSON/workspace/jdk7u40-2-build-macosx-amd64-product/jdk7u40/hotspot/src/share/vm/prims/jvm.cpp:1244
Event: 15.850 Thread 0x00007fccf223d800 Threw 0x00000007ebd1cb00 at /HUDSON/workspace/jdk7u40-2-build-macosx-amd64-product/jdk7u40/hotspot/src/share/vm/prims/jvm.cpp:1244
Event: 15.852 Thread 0x00007fccf223d800 Threw 0x00000007ebd23918 at /HUDSON/workspace/jdk7u40-2-build-macosx-amd64-product/jdk7u40/hotspot/src/share/vm/prims/jvm.cpp:1244

Events (10 events):
Event: 22.524 Thread 0x00007fccf223d800 Thread exited: 0x00007fccf223d800
Event: 22.737 loading class 0x00007fccf3880110
Event: 22.737 loading class 0x00007fccf3880110 done
Event: 22.737 loading class 0x00007fccf3023e50
Event: 22.737 loading class 0x00007fccf3023e50 done
Event: 22.737 loading class 0x00007fccf3023fb0
Event: 22.737 loading class 0x00007fccf3023fb0 done
Event: 23.507 Executing VM operation: RevokeBias
Event: 23.507 Executing VM operation: RevokeBias done
Event: 25.073 Thread 0x00007fccf306e000 Thread added: 0x00007fccf306e000


Dynamic libraries:
0x0000000000007000 	/System/Library/Frameworks/Cocoa.framework/Versions/A/Cocoa
0x0000000000007000 	/System/Library/Frameworks/Security.framework/Versions/A/Security
0x0000000000007000 	/System/Library/Frameworks/ApplicationServices.framework/Versions/A/ApplicationServices
0x0000000000007000 	/usr/lib/libz.1.dylib
0x0000000000007000 	/usr/lib/libSystem.B.dylib
0x0000000000007000 	/usr/lib/libobjc.A.dylib
0x0000000000007000 	/System/Library/Frameworks/CoreFoundation.framework/Versions/A/CoreFoundation
0x0000000000007000 	/System/Library/Frameworks/Foundation.framework/Versions/C/Foundation
0x0000000000007000 	/System/Library/Frameworks/AppKit.framework/Versions/C/AppKit
0x0000000000007000 	/System/Library/Frameworks/CoreData.framework/Versions/A/CoreData
0x0000000000007000 	/System/Library/PrivateFrameworks/RemoteViewServices.framework/Versions/A/RemoteViewServices
0x0000000000007000 	/System/Library/Frameworks/AudioToolbox.framework/Versions/A/AudioToolbox
0x0000000000007000 	/System/Library/Frameworks/AudioUnit.framework/Versions/A/AudioUnit
0x0000000000007000 	/System/Library/PrivateFrameworks/DataDetectorsCore.framework/Versions/A/DataDetectorsCore
0x0000000000007000 	/System/Library/PrivateFrameworks/DesktopServicesPriv.framework/Versions/A/DesktopServicesPriv
0x0000000000007000 	/System/Library/Frameworks/Carbon.framework/Versions/A/Frameworks/HIToolbox.framework/Versions/A/HIToolbox
0x0000000000007000 	/System/Library/Frameworks/QuartzCore.framework/Versions/A/QuartzCore
0x0000000000007000 	/System/Library/Frameworks/Carbon.framework/Versions/A/Frameworks/SpeechRecognition.framework/Versions/A/SpeechRecognition
0x0000000000007000 	/usr/lib/libauto.dylib
0x0000000000007000 	/usr/lib/libicucore.A.dylib
0x0000000000007000 	/usr/lib/libxml2.2.dylib
0x0000000000007000 	/System/Library/PrivateFrameworks/CoreUI.framework/Versions/A/CoreUI
0x0000000000007000 	/System/Library/Frameworks/CoreAudio.framework/Versions/A/CoreAudio
0x0000000000007000 	/System/Library/Frameworks/DiskArbitration.framework/Versions/A/DiskArbitration
0x0000000000007000 	/usr/lib/liblangid.dylib
0x0000000000007000 	/System/Library/PrivateFrameworks/MultitouchSupport.framework/Versions/A/MultitouchSupport
0x0000000000007000 	/System/Library/Frameworks/IOKit.framework/Versions/A/IOKit
0x0000000000007000 	/usr/lib/libDiagnosticMessagesClient.dylib
0x0000000000007000 	/System/Library/Frameworks/CoreServices.framework/Versions/A/CoreServices
0x0000000000007000 	/System/Library/PrivateFrameworks/PerformanceAnalysis.framework/Versions/A/PerformanceAnalysis
0x0000000000007000 	/System/Library/PrivateFrameworks/GenerationalStorage.framework/Versions/A/GenerationalStorage
0x0000000000007000 	/System/Library/Frameworks/OpenGL.framework/Versions/A/OpenGL
0x0000000000007000 	/System/Library/PrivateFrameworks/Sharing.framework/Versions/A/Sharing
0x0000000000007000 	/System/Library/Frameworks/ImageIO.framework/Versions/A/ImageIO
0x0000000000007000 	/System/Library/Frameworks/CoreText.framework/Versions/A/CoreText
0x0000000000007000 	/System/Library/Frameworks/CoreGraphics.framework/Versions/A/CoreGraphics
0x0000000000007000 	/System/Library/PrivateFrameworks/Backup.framework/Versions/A/Backup
0x0000000000007000 	/System/Library/Frameworks/CFNetwork.framework/Versions/A/CFNetwork
0x0000000000007000 	/System/Library/Frameworks/SystemConfiguration.framework/Versions/A/SystemConfiguration
0x0000000000007000 	/usr/lib/libCRFSuite.dylib
0x0000000000007000 	/usr/lib/libc++.1.dylib
0x0000000000007000 	/usr/lib/libc++abi.dylib
0x0000000000007000 	/usr/lib/system/libcache.dylib
0x0000000000007000 	/usr/lib/system/libcommonCrypto.dylib
0x0000000000007000 	/usr/lib/system/libcompiler_rt.dylib
0x0000000000007000 	/usr/lib/system/libcopyfile.dylib
0x0000000000007000 	/usr/lib/system/libcorecrypto.dylib
0x0000000000007000 	/usr/lib/system/libdispatch.dylib
0x0000000000007000 	/usr/lib/system/libdyld.dylib
0x0000000000007000 	/usr/lib/system/libkeymgr.dylib
0x0000000000007000 	/usr/lib/system/liblaunch.dylib
0x0000000000007000 	/usr/lib/system/libmacho.dylib
0x0000000000007000 	/usr/lib/system/libquarantine.dylib
0x0000000000007000 	/usr/lib/system/libremovefile.dylib
0x0000000000007000 	/usr/lib/system/libsystem_asl.dylib
0x0000000000007000 	/usr/lib/system/libsystem_blocks.dylib
0x0000000000007000 	/usr/lib/system/libsystem_c.dylib
0x0000000000007000 	/usr/lib/system/libsystem_configuration.dylib
0x0000000000007000 	/usr/lib/system/libsystem_dnssd.dylib
0x0000000000007000 	/usr/lib/system/libsystem_info.dylib
0x0000000000007000 	/usr/lib/system/libsystem_kernel.dylib
0x0000000000007000 	/usr/lib/system/libsystem_m.dylib
0x0000000000007000 	/usr/lib/system/libsystem_malloc.dylib
0x0000000000007000 	/usr/lib/system/libsystem_network.dylib
0x0000000000007000 	/usr/lib/system/libsystem_notify.dylib
0x0000000000007000 	/usr/lib/system/libsystem_platform.dylib
0x0000000000007000 	/usr/lib/system/libsystem_pthread.dylib
0x0000000000007000 	/usr/lib/system/libsystem_sandbox.dylib
0x0000000000007000 	/usr/lib/system/libsystem_stats.dylib
0x0000000000007000 	/usr/lib/system/libunc.dylib
0x0000000000007000 	/usr/lib/system/libunwind.dylib
0x0000000000007000 	/usr/lib/system/libxpc.dylib
0x0000000000007000 	/usr/lib/libbsm.0.dylib
0x0000000000007000 	/usr/lib/libsqlite3.dylib
0x0000000000007000 	/usr/lib/libxar.1.dylib
0x0000000000007000 	/usr/lib/libpam.2.dylib
0x0000000000007000 	/usr/lib/libOpenScriptingUtil.dylib
0x0000000000007000 	/usr/lib/libbz2.1.0.dylib
0x0000000000007000 	/System/Library/Frameworks/CoreServices.framework/Versions/A/Frameworks/CarbonCore.framework/Versions/A/CarbonCore
0x0000000000007000 	/System/Library/Frameworks/CoreServices.framework/Versions/A/Frameworks/Metadata.framework/Versions/A/Metadata
0x0000000000007000 	/System/Library/Frameworks/CoreServices.framework/Versions/A/Frameworks/OSServices.framework/Versions/A/OSServices
0x0000000000007000 	/System/Library/Frameworks/CoreServices.framework/Versions/A/Frameworks/SearchKit.framework/Versions/A/SearchKit
0x0000000000007000 	/System/Library/Frameworks/CoreServices.framework/Versions/A/Frameworks/AE.framework/Versions/A/AE
0x0000000000007000 	/System/Library/Frameworks/CoreServices.framework/Versions/A/Frameworks/LaunchServices.framework/Versions/A/LaunchServices
0x0000000000007000 	/System/Library/Frameworks/CoreServices.framework/Versions/A/Frameworks/DictionaryServices.framework/Versions/A/DictionaryServices
0x0000000000007000 	/System/Library/Frameworks/NetFS.framework/Versions/A/NetFS
0x0000000000007000 	/usr/lib/system/libkxld.dylib
0x0000000000007000 	/System/Library/PrivateFrameworks/NetAuth.framework/Versions/A/NetAuth
0x0000000000007000 	/System/Library/PrivateFrameworks/TCC.framework/Versions/A/TCC
0x0000000000007000 	/System/Library/Frameworks/OpenDirectory.framework/Versions/A/Frameworks/CFOpenDirectory.framework/Versions/A/CFOpenDirectory
0x0000000000007000 	/System/Library/Frameworks/ServiceManagement.framework/Versions/A/ServiceManagement
0x0000000000007000 	/usr/lib/libxslt.1.dylib
0x0000000000007000 	/System/Library/Frameworks/Carbon.framework/Versions/A/Frameworks/Ink.framework/Versions/A/Ink
0x0000000000007000 	/System/Library/Frameworks/ApplicationServices.framework/Versions/A/Frameworks/ATS.framework/Versions/A/ATS
0x0000000000007000 	/System/Library/Frameworks/ApplicationServices.framework/Versions/A/Frameworks/ColorSync.framework/Versions/A/ColorSync
0x0000000000007000 	/System/Library/Frameworks/ApplicationServices.framework/Versions/A/Frameworks/HIServices.framework/Versions/A/HIServices
0x0000000000007000 	/System/Library/Frameworks/ApplicationServices.framework/Versions/A/Frameworks/LangAnalysis.framework/Versions/A/LangAnalysis
0x0000000000007000 	/System/Library/Frameworks/ApplicationServices.framework/Versions/A/Frameworks/PrintCore.framework/Versions/A/PrintCore
0x0000000000007000 	/System/Library/Frameworks/ApplicationServices.framework/Versions/A/Frameworks/QD.framework/Versions/A/QD
0x0000000000007000 	/System/Library/Frameworks/ApplicationServices.framework/Versions/A/Frameworks/SpeechSynthesis.framework/Versions/A/SpeechSynthesis
0x0000000000007000 	/System/Library/Frameworks/IOSurface.framework/Versions/A/IOSurface
0x0000000000007000 	/System/Library/Frameworks/Accelerate.framework/Versions/A/Accelerate
0x0000000000007000 	/System/Library/Frameworks/Accelerate.framework/Versions/A/Frameworks/vImage.framework/Versions/A/vImage
0x0000000000007000 	/System/Library/Frameworks/Accelerate.framework/Versions/A/Frameworks/vecLib.framework/Versions/A/vecLib
0x0000000000007000 	/System/Library/Frameworks/Accelerate.framework/Versions/A/Frameworks/vecLib.framework/Versions/A/libvDSP.dylib
0x0000000000007000 	/System/Library/Frameworks/Accelerate.framework/Versions/A/Frameworks/vecLib.framework/Versions/A/libvMisc.dylib
0x0000000000007000 	/System/Library/Frameworks/Accelerate.framework/Versions/A/Frameworks/vecLib.framework/Versions/A/libLAPACK.dylib
0x0000000000007000 	/System/Library/Frameworks/Accelerate.framework/Versions/A/Frameworks/vecLib.framework/Versions/A/libBLAS.dylib
0x0000000000007000 	/System/Library/Frameworks/ApplicationServices.framework/Versions/A/Frameworks/ATS.framework/Versions/A/Resources/libFontParser.dylib
0x0000000000007000 	/System/Library/Frameworks/ApplicationServices.framework/Versions/A/Frameworks/ATS.framework/Versions/A/Resources/libFontRegistry.dylib
0x0000000000007000 	/System/Library/Frameworks/ImageIO.framework/Versions/A/Resources/libJPEG.dylib
0x0000000000007000 	/System/Library/Frameworks/ImageIO.framework/Versions/A/Resources/libTIFF.dylib
0x0000000000007000 	/System/Library/Frameworks/ImageIO.framework/Versions/A/Resources/libPng.dylib
0x0000000000007000 	/System/Library/Frameworks/ImageIO.framework/Versions/A/Resources/libGIF.dylib
0x0000000000007000 	/System/Library/Frameworks/ImageIO.framework/Versions/A/Resources/libJP2.dylib
0x0000000000007000 	/System/Library/Frameworks/ImageIO.framework/Versions/A/Resources/libRadiance.dylib
0x0000000000007000 	/usr/lib/libcups.2.dylib
0x0000000000007000 	/System/Library/Frameworks/Kerberos.framework/Versions/A/Kerberos
0x0000000000007000 	/System/Library/Frameworks/GSS.framework/Versions/A/GSS
0x0000000000007000 	/usr/lib/libresolv.9.dylib
0x0000000000007000 	/usr/lib/libiconv.2.dylib
0x0000000000007000 	/System/Library/PrivateFrameworks/Heimdal.framework/Versions/A/Heimdal
0x0000000000007000 	/System/Library/PrivateFrameworks/TrustEvaluationAgent.framework/Versions/A/TrustEvaluationAgent
0x0000000000007000 	/usr/lib/libheimdal-asn1.dylib
0x0000000000007000 	/System/Library/Frameworks/OpenDirectory.framework/Versions/A/OpenDirectory
0x0000000000007000 	/System/Library/PrivateFrameworks/CommonAuth.framework/Versions/A/CommonAuth
0x0000000000007000 	/System/Library/Frameworks/SecurityFoundation.framework/Versions/A/SecurityFoundation
0x0000000000007000 	/System/Library/PrivateFrameworks/Bom.framework/Versions/A/Bom
0x0000000000007000 	/System/Library/Frameworks/CoreVideo.framework/Versions/A/CoreVideo
0x0000000000007000 	/System/Library/Frameworks/QuartzCore.framework/Versions/A/Frameworks/CoreImage.framework/Versions/A/CoreImage
0x0000000000007000 	/System/Library/Frameworks/QuartzCore.framework/Versions/A/Frameworks/ScalableUserInterface.framework/Versions/A/ScalableUserInterface
0x0000000000007000 	/System/Library/Frameworks/OpenGL.framework/Versions/A/Libraries/libGLU.dylib
0x0000000000007000 	/System/Library/Frameworks/OpenGL.framework/Versions/A/Libraries/libGFXShared.dylib
0x0000000000007000 	/System/Library/Frameworks/OpenGL.framework/Versions/A/Libraries/libGL.dylib
0x0000000000007000 	/System/Library/Frameworks/OpenGL.framework/Versions/A/Libraries/libGLImage.dylib
0x0000000000007000 	/System/Library/Frameworks/OpenGL.framework/Versions/A/Libraries/libCVMSPluginSupport.dylib
0x0000000000007000 	/System/Library/Frameworks/OpenGL.framework/Versions/A/Libraries/libCoreVMClient.dylib
0x0000000000007000 	/System/Library/PrivateFrameworks/FaceCore.framework/Versions/A/FaceCore
0x0000000000007000 	/System/Library/PrivateFrameworks/CrashReporterSupport.framework/Versions/A/CrashReporterSupport
0x0000000000007000 	/System/Library/Frameworks/OpenCL.framework/Versions/A/OpenCL
0x0000000000007000 	/System/Library/PrivateFrameworks/AppleFSCompression.framework/Versions/A/AppleFSCompression
0x0000000000007000 	/System/Library/PrivateFrameworks/Ubiquity.framework/Versions/A/Ubiquity
0x0000000000007000 	/System/Library/PrivateFrameworks/IconServices.framework/Versions/A/IconServices
0x0000000000007000 	/System/Library/PrivateFrameworks/ChunkingLibrary.framework/Versions/A/ChunkingLibrary
0x0000000000007000 	/System/Library/PrivateFrameworks/CoreSymbolication.framework/Versions/A/CoreSymbolication
0x0000000000007000 	/System/Library/PrivateFrameworks/Symbolication.framework/Versions/A/Symbolication
0x0000000000007000 	/System/Library/PrivateFrameworks/DebugSymbols.framework/Versions/A/DebugSymbols
0x000000010d200000 	/Library/Java/JavaVirtualMachines/jdk1.7.0_40.jdk/Contents/Home/jre/lib/server/libjvm.dylib
0x0000000000007000 	/usr/lib/libstdc++.6.dylib
0x000000010c93c000 	/Library/Java/JavaVirtualMachines/jdk1.7.0_40.jdk/Contents/Home/jre/lib/libverify.dylib
0x000000010c949000 	/Library/Java/JavaVirtualMachines/jdk1.7.0_40.jdk/Contents/Home/jre/lib/libjava.dylib
0x000000010c983000 	/Library/Java/JavaVirtualMachines/jdk1.7.0_40.jdk/Contents/Home/jre/lib/libzip.dylib
0x0000000114ff1000 	/System/Library/Frameworks/JavaVM.framework/Frameworks/JavaRuntimeSupport.framework/JavaRuntimeSupport
0x0000000115009000 	/System/Library/Frameworks/JavaVM.framework/Versions/A/Frameworks/JavaNativeFoundation.framework/Versions/A/JavaNativeFoundation
0x000000011501e000 	/System/Library/Frameworks/JavaVM.framework/Versions/A/JavaVM
0x0000000000007000 	/System/Library/Frameworks/Carbon.framework/Versions/A/Carbon
0x000000010c9f4000 	/System/Library/PrivateFrameworks/JavaLaunching.framework/Versions/A/JavaLaunching
0x0000000000007000 	/System/Library/Frameworks/Carbon.framework/Versions/A/Frameworks/CommonPanels.framework/Versions/A/CommonPanels
0x0000000000007000 	/System/Library/Frameworks/Carbon.framework/Versions/A/Frameworks/Help.framework/Versions/A/Help
0x0000000000007000 	/System/Library/Frameworks/Carbon.framework/Versions/A/Frameworks/ImageCapture.framework/Versions/A/ImageCapture
0x0000000000007000 	/System/Library/Frameworks/Carbon.framework/Versions/A/Frameworks/OpenScripting.framework/Versions/A/OpenScripting
0x0000000000007000 	/System/Library/Frameworks/Carbon.framework/Versions/A/Frameworks/Print.framework/Versions/A/Print
0x0000000000007000 	/System/Library/Frameworks/Carbon.framework/Versions/A/Frameworks/SecurityHI.framework/Versions/A/SecurityHI
0x0000000115642000 	/Library/Java/JavaVirtualMachines/jdk1.7.0_40.jdk/Contents/Home/jre/lib/libawt.dylib
0x00000001156f1000 	/Library/Java/JavaVirtualMachines/jdk1.7.0_40.jdk/Contents/Home/jre/lib/./libmlib_image.dylib
0x00000001157bd000 	/Library/Java/JavaVirtualMachines/jdk1.7.0_40.jdk/Contents/Home/jre/lib/lwawt/liblwawt.dylib
0x0000000115871000 	/Library/Java/JavaVirtualMachines/jdk1.7.0_40.jdk/Contents/Home/jre/lib/libosxapp.dylib
0x0000000000007000 	/System/Library/Frameworks/ExceptionHandling.framework/Versions/A/ExceptionHandling
0x0000000000007000 	/System/Library/PrivateFrameworks/CoreServicesInternal.framework/Versions/A/CoreServicesInternal
0x0000000000007000 	/System/Library/PrivateFrameworks/Librarian.framework/Versions/A/Librarian
0x0000000000007000 	/System/Library/Frameworks/CoreGraphics.framework/Versions/A/Resources/libCGCMS.A.dylib
0x0000000000007000 	/System/Library/Frameworks/CoreGraphics.framework/Versions/A/Resources/libRIP.A.dylib
0x0000000000007000 	/System/Library/Frameworks/CoreGraphics.framework/Versions/A/Resources/libCGXType.A.dylib
0x0000000000007000 	/System/Library/PrivateFrameworks/FamilyControls.framework/Versions/A/FamilyControls
0x0000000000007000 	/System/Library/PrivateFrameworks/CommerceKit.framework/Versions/A/Frameworks/CommerceCore.framework/Versions/A/CommerceCore
0x0000000000007000 	/System/Library/PrivateFrameworks/SystemAdministration.framework/Versions/A/SystemAdministration
0x0000000000007000 	/System/Library/Frameworks/DirectoryService.framework/Versions/A/DirectoryService
0x0000000000007000 	/System/Library/PrivateFrameworks/DiskImages.framework/Versions/A/DiskImages
0x0000000000007000 	/System/Library/PrivateFrameworks/LoginUIKit.framework/Versions/A/Frameworks/LoginUICore.framework/Versions/A/LoginUICore
0x0000000000007000 	/usr/lib/libCoreStorage.dylib
0x0000000000007000 	/usr/lib/libcsfde.dylib
0x0000000000007000 	/usr/lib/libodfde.dylib
0x0000000000007000 	/System/Library/Frameworks/DiscRecording.framework/Versions/A/DiscRecording
0x0000000000007000 	/usr/lib/libcurl.4.dylib
0x0000000000007000 	/System/Library/PrivateFrameworks/MediaKit.framework/Versions/A/MediaKit
0x0000000000007000 	/System/Library/PrivateFrameworks/EFILogin.framework/Versions/A/EFILogin
0x0000000000007000 	/usr/lib/libutil.dylib
0x0000000000007000 	/System/Library/PrivateFrameworks/AOSNotification.framework/Versions/A/AOSNotification
0x0000000000007000 	/System/Library/Frameworks/LDAP.framework/Versions/A/LDAP
0x0000000000007000 	/usr/lib/libsasl2.2.dylib
0x0000000000007000 	/usr/lib/libcrypto.0.9.8.dylib
0x0000000000007000 	/usr/lib/libssl.0.9.8.dylib
0x0000000000007000 	/System/Library/Frameworks/OpenGL.framework/Versions/A/Resources/GLEngine.bundle/GLEngine
0x0000000000007000 	/System/Library/Frameworks/OpenGL.framework/Versions/A/Libraries/libGLProgrammability.dylib
0x0000000000000000 	/System/Library/Extensions/AppleIntelHD5000GraphicsGLDriver.bundle/Contents/MacOS/AppleIntelHD5000GraphicsGLDriver
0x0000000000007000 	/System/Library/PrivateFrameworks/IOAccelerator.framework/Versions/A/IOAccelerator
0x0000000000007000 	/System/Library/PrivateFrameworks/GPUSupport.framework/Versions/A/Libraries/libGPUSupportMercury.dylib
0x0000000000007000 	/System/Library/Frameworks/OpenGL.framework/Versions/A/Resources/GLRendererFloat.bundle/GLRendererFloat
0x0000000000007000 	/System/Library/Frameworks/OpenCL.framework/Versions/A/Libraries/libcldcpuengine.dylib
0x000000011a81c000 	/Library/Java/JavaVirtualMachines/jdk1.7.0_40.jdk/Contents/Home/jre/lib/libfontmanager.dylib
0x000000011c015000 	/Library/Java/JavaVirtualMachines/jdk1.7.0_40.jdk/Contents/Home/jre/lib/libosxui.dylib
0x000000011c2ed000 	/Library/Java/JavaVirtualMachines/jdk1.7.0_40.jdk/Contents/Home/jre/lib/libnet.dylib
0x000000011c34a000 	/Library/Java/JavaVirtualMachines/jdk1.7.0_40.jdk/Contents/Home/jre/lib/libnio.dylib
0x000000011c563000 	/Library/Java/JavaVirtualMachines/jdk1.7.0_40.jdk/Contents/Home/jre/lib/libjsound.dylib
0x000000011c6cf000 	/System/Library/Frameworks/CoreMIDI.framework/Versions/A/CoreMIDI
0x0000000000007000 	/usr/lib/libexpat.1.dylib
0x000000011c576000 	/System/Library/Extensions/AppleHDA.kext/Contents/PlugIns/AppleHDAHALPlugIn.bundle/Contents/MacOS/AppleHDAHALPlugIn
0x0000000122f72000 	/System/Library/Components/CoreAudio.component/Contents/MacOS/CoreAudio
0x0000000125af1000 	/Users/Saga/Desktop/Kinect/eclipseWorkspace/TestKinect/lib/user/SimpleOpenNI/libSimpleOpenNI.jnilib
0x0000000125bda000 	/usr/lib/libOpenNI.dylib
0x0000000125c6b000 	/usr/lib/libXnVNite_1_5_2.dylib
0x000000011c536000 	/opt/local/lib/libusb-1.0.0.dylib
0x0000000125d23000 	/usr/lib/libnimMockNodes.dylib
0x0000000125d5e000 	/usr/lib/libnimCodecs.dylib
0x0000000125dc1000 	/usr/lib/libnimRecorder.dylib
0x0000000125dee000 	/usr/lib/libXnDeviceSensorV2KM.dylib
0x000000011c4e6000 	/usr/lib/libXnCore.dylib
0x0000000125e94000 	/usr/lib/libXnFormats.dylib
0x0000000125ede000 	/usr/lib/libXnDDK.dylib
0x0000000125f28000 	/usr/lib/libXnDeviceFile.dylib
0x0000000125f5d000 	/usr/lib/libXnVFeatures_1_5_2.dylib
0x00000001263e6000 	/usr/lib/libXnVHandGenerator_1_5_2.dylib
0x000000011c54d000 	/System/Library/Extensions/IOUSBFamily.kext/Contents/PlugIns/IOUSBLib.bundle/Contents/MacOS/IOUSBLib
0x000000013168d000 	/Library/Java/JavaVirtualMachines/jdk1.7.0_40.jdk/Contents/Home/jre/lib/libdcpr.dylib

VM Arguments:
jvm_args: -Djava.library.path=/Users/Saga/Desktop/Kinect/eclipseWorkspace/TestKinect/lib/base/core:/Users/Saga/Desktop/Kinect/eclipseWorkspace/TestKinect/lib/base/core:/Users/Saga/Desktop/Kinect/eclipseWorkspace/TestKinect/lib/base/core:/Users/Saga/Desktop/Kinect/eclipseWorkspace/TestKinect/lib/base/core:/Users/Saga/Desktop/Kinect/eclipseWorkspace/TestKinect/lib/base/core:/Users/Saga/Desktop/Kinect/eclipseWorkspace/TestKinect/lib/base/core:/Users/Saga/Desktop/Kinect/eclipseWorkspace/TestKinect/lib/base/core:/Users/Saga/Desktop/Kinect/eclipseWorkspace/TestKinect/lib/base/core:/Users/Saga/Desktop/Kinect/eclipseWorkspace/TestKinect/lib/base/core:/Users/Saga/Desktop/Kinect/eclipseWorkspace/TestKinect/lib/base/core:/Users/Saga/Desktop/Kinect/eclipseWorkspace/TestKinect/lib/base/core:/Users/Saga/Desktop/Kinect/eclipseWorkspace/TestKinect/lib/base/core:/Users/Saga/Desktop/Kinect/eclipseWorkspace/TestKinect/lib/base/core:/Users/Saga/Desktop/Kinect/eclipseWorkspace/TestKinect/lib/base/core:/Users/Saga/Desktop/Kinect/eclipseWorkspace/TestKinect/lib/base/core:/Users/Saga/Desktop/Kinect/eclipseWorkspace/TestKinect/lib/user/SimpleOpenNI -Djava.security.policy=java.policy.applet -Dfile.encoding=US-ASCII 
java_command: sun.applet.AppletViewer testkinect.ComparisonGUI1417110037765.html
Launcher Type: SUN_STANDARD

Environment Variables:
PATH=/usr/bin:/bin:/usr/sbin:/sbin
SHELL=/bin/bash
DISPLAY=/tmp/launch-77R32P/org.macosforge.xquartz:0

Signal Handlers:
SIGSEGV: [libjvm.dylib+0x524b25], sa_mask[0]=0xfffefeff, sa_flags=0x00000043
SIGBUS: [libjvm.dylib+0x524b25], sa_mask[0]=0xfffefeff, sa_flags=0x00000042
SIGFPE: [libjvm.dylib+0x4180e6], sa_mask[0]=0xfffefeff, sa_flags=0x00000042
SIGPIPE: [libjvm.dylib+0x4180e6], sa_mask[0]=0xfffefeff, sa_flags=0x00000042
SIGXFSZ: [libjvm.dylib+0x4180e6], sa_mask[0]=0xfffefeff, sa_flags=0x00000042
SIGILL: [libjvm.dylib+0x4180e6], sa_mask[0]=0xfffefeff, sa_flags=0x00000042
SIGUSR1: SIG_DFL, sa_mask[0]=0x00000000, sa_flags=0x00000002
SIGUSR2: [libjvm.dylib+0x417bd8], sa_mask[0]=0x00000004, sa_flags=0x00000042
SIGHUP: [libjvm.dylib+0x415e67], sa_mask[0]=0xfffefeff, sa_flags=0x00000042
SIGINT: [libjvm.dylib+0x415e67], sa_mask[0]=0xfffefeff, sa_flags=0x00000042
SIGTERM: [libjvm.dylib+0x415e67], sa_mask[0]=0xfffefeff, sa_flags=0x00000042
SIGQUIT: [libjvm.dylib+0x415e67], sa_mask[0]=0xfffefeff, sa_flags=0x00000042


---------------  S Y S T E M  ---------------

OS:Bsduname:Darwin 13.4.0 Darwin Kernel Version 13.4.0: Sun Aug 17 19:50:11 PDT 2014; root:xnu-2422.115.4~1/RELEASE_X86_64 x86_64
rlimit: STACK 8192k, CORE 0k, NPROC 709, NOFILE 10240, AS infinity
load average:3.20 3.18 3.39

CPU:total 4 (2 cores per cpu, 2 threads per core) family 6 model 69 stepping 1, cmov, cx8, fxsr, mmx, sse, sse2, sse3, ssse3, sse4.1, sse4.2, popcnt, avx, avx2, aes, erms, ht, tsc, tscinvbit

Memory: 4k page, physical 4194304k(1048576k free)

/proc/meminfo:


vm_info: Java HotSpot(TM) 64-Bit Server VM (24.0-b56) for bsd-amd64 JRE (1.7.0_40-b43), built on Aug 26 2013 21:29:19 by "java_re" with gcc 4.2.1 (Based on Apple Inc. build 5658) (LLVM build 2336.11.00)

time: Thu Nov 27 12:41:02 2014
elapsed time: 25 seconds

